<?xml version="1.0" encoding="UTF-8"?>
<testsuite xmlns:xsi="http://www.w3.org/2001/XMLSchema-instance" xsi:noNamespaceSchemaLocation="https://maven.apache.org/surefire/maven-surefire-plugin/xsd/surefire-test-report.xsd" version="3.0.2" name="com.ise.platform.modules.ApiIntegrationTest" time="5.866" tests="27" errors="0" skipped="0" failures="0" flakes="0">
  <properties>
[...]
</properties>
  <testcase name="kbQaShouldReplyIdentityQuestion" classname="com.ise.platform.modules.ApiIntegrationTest" time="0.262">
    <system-out><![CDATA[2026-06-08T09:04:44.478+08:00  INFO 3095239 --- [           main] t.c.s.AnnotationConfigContextLoaderUtils : Could not detect default configuration classes for test class [com.ise.platform.modules.ApiIntegrationTest]: ApiIntegrationTest does not declare any static, non-private, non-final, nested classes annotated with @Configuration.
2026-06-08T09:04:44.496+08:00  INFO 3095239 --- [           main] .b.t.c.SpringBootTestContextBootstrapper : Found @SpringBootConfiguration com.ise.platform.PlatformBackendApplication for test class com.ise.platform.modules.ApiIntegrationTest
2026-06-08T09:04:44.498+08:00  INFO 3095239 --- [           main] t.c.s.AnnotationConfigContextLoaderUtils : Could not detect default configuration classes for test class [com.ise.platform.modules.ApiIntegrationTest]: ApiIntegrationTest does not declare any static, non-private, non-final, nested classes annotated with @Configuration.
2026-06-08T09:04:44.500+08:00  INFO 3095239 --- [           main] .b.t.c.SpringBootTestContextBootstrapper : Found @SpringBootConfiguration com.ise.platform.PlatformBackendApplication for test class com.ise.platform.modules.ApiIntegrationTest
2026-06-08T09:04:44.517+08:00  INFO 3095239 --- [           main] o.s.b.t.m.w.SpringBootMockServletContext : Initializing Spring TestDispatcherServlet ''
2026-06-08T09:04:44.518+08:00  INFO 3095239 --- [           main] o.s.t.web.servlet.TestDispatcherServlet  : Initializing Servlet ''
2026-06-08T09:04:44.524+08:00  INFO 3095239 --- [           main] o.s.t.web.servlet.TestDispatcherServlet  : Completed initialization in 3 ms
]]></system-out>
  </testcase>
  <testcase name="createApplicationShouldReturnSubmittedStatus" classname="com.ise.platform.modules.ApiIntegrationTest" time="0.027">
    <system-out><![CDATA[2026-06-08T09:04:44.770+08:00  INFO 3095239 --- [           main] o.s.b.t.m.w.SpringBootMockServletContext : Initializing Spring TestDispatcherServlet ''
2026-06-08T09:04:44.770+08:00  INFO 3095239 --- [           main] o.s.t.web.servlet.TestDispatcherServlet  : Initializing Servlet ''
2026-06-08T09:04:44.772+08:00  INFO 3095239 --- [           main] o.s.t.web.servlet.TestDispatcherServlet  : Completed initialization in 1 ms
]]></system-out>
  </testcase>
  <testcase name="studentCanCreateGrowthRecord" classname="com.ise.platform.modules.ApiIntegrationTest" time="0.017">
    <system-out><![CDATA[2026-06-08T09:04:44.799+08:00  INFO 3095239 --- [           main] o.s.b.t.m.w.SpringBootMockServletContext : Initializing Spring TestDispatcherServlet ''
2026-06-08T09:04:44.799+08:00  INFO 3095239 --- [           main] o.s.t.web.servlet.TestDispatcherServlet  : Initializing Servlet ''
2026-06-08T09:04:44.800+08:00  INFO 3095239 --- [           main] o.s.t.web.servlet.TestDispatcherServlet  : Completed initialization in 1 ms
]]></system-out>
  </testcase>
  <testcase name="authMeShouldContainMenus" classname="com.ise.platform.modules.ApiIntegrationTest" time="0.012">
    <system-out><![CDATA[2026-06-08T09:04:44.817+08:00  INFO 3095239 --- [           main] o.s.b.t.m.w.SpringBootMockServletContext : Initializing Spring TestDispatcherServlet ''
2026-06-08T09:04:44.817+08:00  INFO 3095239 --- [           main] o.s.t.web.servlet.TestDispatcherServlet  : Initializing Servlet ''
2026-06-08T09:04:44.818+08:00  INFO 3095239 --- [           main] o.s.t.web.servlet.TestDispatcherServlet  : Completed initialization in 1 ms
]]></system-out>
  </testcase>
  <testcase name="applicationDetailShouldBeAccessibleByOwner" classname="com.ise.platform.modules.ApiIntegrationTest" time="0.018">
    <system-out><![CDATA[2026-06-08T09:04:44.829+08:00  INFO 3095239 --- [           main] o.s.b.t.m.w.SpringBootMockServletContext : Initializing Spring TestDispatcherServlet ''
2026-06-08T09:04:44.829+08:00  INFO 3095239 --- [           main] o.s.t.web.servlet.TestDispatcherServlet  : Initializing Servlet ''
2026-06-08T09:04:44.831+08:00  INFO 3095239 --- [           main] o.s.t.web.servlet.TestDispatcherServlet  : Completed initialization in 1 ms
]]></system-out>
  </testcase>
  <testcase name="uploadAndDownloadFileShouldWork" classname="com.ise.platform.modules.ApiIntegrationTest" time="0.023">
    <system-out><![CDATA[2026-06-08T09:04:44.848+08:00  INFO 3095239 --- [           main] o.s.b.t.m.w.SpringBootMockServletContext : Initializing Spring TestDispatcherServlet ''
2026-06-08T09:04:44.849+08:00  INFO 3095239 --- [           main] o.s.t.web.servlet.TestDispatcherServlet  : Initializing Servlet ''
2026-06-08T09:04:44.850+08:00  INFO 3095239 --- [           main] o.s.t.web.servlet.TestDispatcherServlet  : Completed initialization in 1 ms
]]></system-out>
  </testcase>
  <testcase name="studentCannotQueryStudentList" classname="com.ise.platform.modules.ApiIntegrationTest" time="0.012">
    <system-out><![CDATA[2026-06-08T09:04:44.873+08:00  INFO 3095239 --- [           main] o.s.b.t.m.w.SpringBootMockServletContext : Initializing Spring TestDispatcherServlet ''
2026-06-08T09:04:44.873+08:00  INFO 3095239 --- [           main] o.s.t.web.servlet.TestDispatcherServlet  : Initializing Servlet ''
2026-06-08T09:04:44.874+08:00  INFO 3095239 --- [           main] o.s.t.web.servlet.TestDispatcherServlet  : Completed initialization in 1 ms
]]></system-out>
  </testcase>
  <testcase name="kbArticleDetailFiveShouldReturnPublishedArticle" classname="com.ise.platform.modules.ApiIntegrationTest" time="0.011">
    <system-out><![CDATA[2026-06-08T09:04:44.887+08:00  INFO 3095239 --- [           main] o.s.b.t.m.w.SpringBootMockServletContext : Initializing Spring TestDispatcherServlet ''
2026-06-08T09:04:44.887+08:00  INFO 3095239 --- [           main] o.s.t.web.servlet.TestDispatcherServlet  : Initializing Servlet ''
2026-06-08T09:04:44.888+08:00  INFO 3095239 --- [           main] o.s.t.web.servlet.TestDispatcherServlet  : Completed initialization in 1 ms
]]></system-out>
  </testcase>
  <testcase name="partyFlowsShouldReturnStageDefinitions" classname="com.ise.platform.modules.ApiIntegrationTest" time="0.025">
    <system-out><![CDATA[2026-06-08T09:04:44.915+08:00  INFO 3095239 --- [           main] o.s.b.t.m.w.SpringBootMockServletContext : Initializing Spring TestDispatcherServlet ''
2026-06-08T09:04:44.915+08:00  INFO 3095239 --- [           main] o.s.t.web.servlet.TestDispatcherServlet  : Initializing Servlet ''
2026-06-08T09:04:44.924+08:00  INFO 3095239 --- [           main] o.s.t.web.servlet.TestDispatcherServlet  : Completed initialization in 9 ms
]]></system-out>
  </testcase>
  <testcase name="demoTemplateFileShouldBeDownloadableWithToken" classname="com.ise.platform.modules.ApiIntegrationTest" time="0.01">
    <system-out><![CDATA[2026-06-08T09:04:44.940+08:00  INFO 3095239 --- [           main] o.s.b.t.m.w.SpringBootMockServletContext : Initializing Spring TestDispatcherServlet ''
2026-06-08T09:04:44.941+08:00  INFO 3095239 --- [           main] o.s.t.web.servlet.TestDispatcherServlet  : Initializing Servlet ''
2026-06-08T09:04:44.941+08:00  INFO 3095239 --- [           main] o.s.t.web.servlet.TestDispatcherServlet  : Completed initialization in 0 ms
]]></system-out>
  </testcase>
  <testcase name="teacherCanRequestSensitiveDetail" classname="com.ise.platform.modules.ApiIntegrationTest" time="0.011">
    <system-out><![CDATA[2026-06-08T09:04:44.951+08:00  INFO 3095239 --- [           main] o.s.b.t.m.w.SpringBootMockServletContext : Initializing Spring TestDispatcherServlet ''
2026-06-08T09:04:44.951+08:00  INFO 3095239 --- [           main] o.s.t.web.servlet.TestDispatcherServlet  : Initializing Servlet ''
2026-06-08T09:04:44.952+08:00  INFO 3095239 --- [           main] o.s.t.web.servlet.TestDispatcherServlet  : Completed initialization in 1 ms
]]></system-out>
  </testcase>
  <testcase name="markNoticeReadShouldAffectUnreadFilter" classname="com.ise.platform.modules.ApiIntegrationTest" time="0.02">
    <system-out><![CDATA[2026-06-08T09:04:44.964+08:00  INFO 3095239 --- [           main] o.s.b.t.m.w.SpringBootMockServletContext : Initializing Spring TestDispatcherServlet ''
2026-06-08T09:04:44.964+08:00  INFO 3095239 --- [           main] o.s.t.web.servlet.TestDispatcherServlet  : Initializing Servlet ''
2026-06-08T09:04:44.965+08:00  INFO 3095239 --- [           main] o.s.t.web.servlet.TestDispatcherServlet  : Completed initialization in 1 ms
]]></system-out>
  </testcase>
  <testcase name="loginShouldReturnToken" classname="com.ise.platform.modules.ApiIntegrationTest" time="0.007">
    <system-out><![CDATA[2026-06-08T09:04:44.986+08:00  INFO 3095239 --- [           main] o.s.b.t.m.w.SpringBootMockServletContext : Initializing Spring TestDispatcherServlet ''
2026-06-08T09:04:44.986+08:00  INFO 3095239 --- [           main] o.s.t.web.servlet.TestDispatcherServlet  : Initializing Servlet ''
2026-06-08T09:04:44.987+08:00  INFO 3095239 --- [           main] o.s.t.web.servlet.TestDispatcherServlet  : Completed initialization in 1 ms
]]></system-out>
  </testcase>
  <testcase name="kbArticleDetailShouldReturnPublishedArticle" classname="com.ise.platform.modules.ApiIntegrationTest" time="0.009">
    <system-out><![CDATA[2026-06-08T09:04:44.993+08:00  INFO 3095239 --- [           main] o.s.b.t.m.w.SpringBootMockServletContext : Initializing Spring TestDispatcherServlet ''
2026-06-08T09:04:44.993+08:00  INFO 3095239 --- [           main] o.s.t.web.servlet.TestDispatcherServlet  : Initializing Servlet ''
2026-06-08T09:04:44.994+08:00  INFO 3095239 --- [           main] o.s.t.web.servlet.TestDispatcherServlet  : Completed initialization in 1 ms
]]></system-out>
  </testcase>
  <testcase name="noticeDetailShouldReturnByIdForStudent" classname="com.ise.platform.modules.ApiIntegrationTest" time="0.008">
    <system-out><![CDATA[2026-06-08T09:04:45.003+08:00  INFO 3095239 --- [           main] o.s.b.t.m.w.SpringBootMockServletContext : Initializing Spring TestDispatcherServlet ''
2026-06-08T09:04:45.003+08:00  INFO 3095239 --- [           main] o.s.t.web.servlet.TestDispatcherServlet  : Initializing Servlet ''
2026-06-08T09:04:45.004+08:00  INFO 3095239 --- [           main] o.s.t.web.servlet.TestDispatcherServlet  : Completed initialization in 1 ms
]]></system-out>
  </testcase>
  <testcase name="studentProfileShouldReturnMeData" classname="com.ise.platform.modules.ApiIntegrationTest" time="0.011">
    <system-out><![CDATA[2026-06-08T09:04:45.012+08:00  INFO 3095239 --- [           main] o.s.b.t.m.w.SpringBootMockServletContext : Initializing Spring TestDispatcherServlet ''
2026-06-08T09:04:45.012+08:00  INFO 3095239 --- [           main] o.s.t.web.servlet.TestDispatcherServlet  : Initializing Servlet ''
2026-06-08T09:04:45.013+08:00  INFO 3095239 --- [           main] o.s.t.web.servlet.TestDispatcherServlet  : Completed initialization in 1 ms
]]></system-out>
  </testcase>
  <testcase name="dictsShouldSupportTypesFilter" classname="com.ise.platform.modules.ApiIntegrationTest" time="0.009">
    <system-out><![CDATA[2026-06-08T09:04:45.024+08:00  INFO 3095239 --- [           main] o.s.b.t.m.w.SpringBootMockServletContext : Initializing Spring TestDispatcherServlet ''
2026-06-08T09:04:45.024+08:00  INFO 3095239 --- [           main] o.s.t.web.servlet.TestDispatcherServlet  : Initializing Servlet ''
2026-06-08T09:04:45.024+08:00  INFO 3095239 --- [           main] o.s.t.web.servlet.TestDispatcherServlet  : Completed initialization in 0 ms
]]></system-out>
  </testcase>
  <testcase name="demoTemplateFileShouldRejectAnonymousDownload" classname="com.ise.platform.modules.ApiIntegrationTest" time="0.019">
    <system-out><![CDATA[2026-06-08T09:04:45.035+08:00  INFO 3095239 --- [           main] o.s.b.t.m.w.SpringBootMockServletContext : Initializing Spring TestDispatcherServlet ''
2026-06-08T09:04:45.035+08:00  INFO 3095239 --- [           main] o.s.t.web.servlet.TestDispatcherServlet  : Initializing Servlet ''
2026-06-08T09:04:45.036+08:00  INFO 3095239 --- [           main] o.s.t.web.servlet.TestDispatcherServlet  : Completed initialization in 1 ms
]]></system-out>
  </testcase>
  <testcase name="meWithoutTokenShouldReturn401BusinessCode" classname="com.ise.platform.modules.ApiIntegrationTest" time="0.005">
    <system-out><![CDATA[2026-06-08T09:04:45.056+08:00  INFO 3095239 --- [           main] o.s.b.t.m.w.SpringBootMockServletContext : Initializing Spring TestDispatcherServlet ''
2026-06-08T09:04:45.056+08:00  INFO 3095239 --- [           main] o.s.t.web.servlet.TestDispatcherServlet  : Initializing Servlet ''
2026-06-08T09:04:45.057+08:00  INFO 3095239 --- [           main] o.s.t.web.servlet.TestDispatcherServlet  : Completed initialization in 1 ms
]]></system-out>
  </testcase>
  <testcase name="applicationApproveFlowShouldWork" classname="com.ise.platform.modules.ApiIntegrationTest" time="0.022">
    <system-out><![CDATA[2026-06-08T09:04:45.061+08:00  INFO 3095239 --- [           main] o.s.b.t.m.w.SpringBootMockServletContext : Initializing Spring TestDispatcherServlet ''
2026-06-08T09:04:45.061+08:00  INFO 3095239 --- [           main] o.s.t.web.servlet.TestDispatcherServlet  : Initializing Servlet ''
2026-06-08T09:04:45.061+08:00  INFO 3095239 --- [           main] o.s.t.web.servlet.TestDispatcherServlet  : Completed initialization in 0 ms
]]></system-out>
  </testcase>
  <testcase name="teacherCanUploadFile" classname="com.ise.platform.modules.ApiIntegrationTest" time="0.006">
    <system-out><![CDATA[2026-06-08T09:04:45.085+08:00  INFO 3095239 --- [           main] o.s.b.t.m.w.SpringBootMockServletContext : Initializing Spring TestDispatcherServlet ''
2026-06-08T09:04:45.085+08:00  INFO 3095239 --- [           main] o.s.t.web.servlet.TestDispatcherServlet  : Initializing Servlet ''
2026-06-08T09:04:45.086+08:00  INFO 3095239 --- [           main] o.s.t.web.servlet.TestDispatcherServlet  : Completed initialization in 1 ms
]]></system-out>
  </testcase>
  <testcase name="kbQaShouldReturnFallbackWhenNoReliableSource" classname="com.ise.platform.modules.ApiIntegrationTest" time="5.207">
    <system-out><![CDATA[2026-06-08T09:04:45.092+08:00  INFO 3095239 --- [           main] o.s.b.t.m.w.SpringBootMockServletContext : Initializing Spring TestDispatcherServlet ''
2026-06-08T09:04:45.093+08:00  INFO 3095239 --- [           main] o.s.t.web.servlet.TestDispatcherServlet  : Initializing Servlet ''
2026-06-08T09:04:45.093+08:00  INFO 3095239 --- [           main] o.s.t.web.servlet.TestDispatcherServlet  : Completed initialization in 0 ms
2026-06-08T09:04:50.294+08:00  WARN 3095239 --- [           main] com.ise.platform.modules.kb.KbService    : kb qa llm failed, evidenceCount=0, allowGeneralReply=true, reason=rag upstream request failed: I/O error on POST request for "https://gmn.chuangzuoli.com/v1/responses": Connect timed out
]]></system-out>
  </testcase>
  <testcase name="teacherCanQueryStudentList" classname="com.ise.platform.modules.ApiIntegrationTest" time="0.008">
    <system-out><![CDATA[2026-06-08T09:04:50.302+08:00  INFO 3095239 --- [           main] o.s.b.t.m.w.SpringBootMockServletContext : Initializing Spring TestDispatcherServlet ''
2026-06-08T09:04:50.303+08:00  INFO 3095239 --- [           main] o.s.t.web.servlet.TestDispatcherServlet  : Initializing Servlet ''
2026-06-08T09:04:50.303+08:00  INFO 3095239 --- [           main] o.s.t.web.servlet.TestDispatcherServlet  : Completed initialization in 0 ms
]]></system-out>
  </testcase>
  <testcase name="teacherCanUpdateStudentTags" classname="com.ise.platform.modules.ApiIntegrationTest" time="0.01">
    <system-out><![CDATA[2026-06-08T09:04:50.311+08:00  INFO 3095239 --- [           main] o.s.b.t.m.w.SpringBootMockServletContext : Initializing Spring TestDispatcherServlet ''
2026-06-08T09:04:50.311+08:00  INFO 3095239 --- [           main] o.s.t.web.servlet.TestDispatcherServlet  : Initializing Servlet ''
2026-06-08T09:04:50.312+08:00  INFO 3095239 --- [           main] o.s.t.web.servlet.TestDispatcherServlet  : Completed initialization in 1 ms
]]></system-out>
  </testcase>
  <testcase name="teacherCanAccessStudentGrowthRecords" classname="com.ise.platform.modules.ApiIntegrationTest" time="0.007">
    <system-out><![CDATA[2026-06-08T09:04:50.322+08:00  INFO 3095239 --- [           main] o.s.b.t.m.w.SpringBootMockServletContext : Initializing Spring TestDispatcherServlet ''
2026-06-08T09:04:50.322+08:00  INFO 3095239 --- [           main] o.s.t.web.servlet.TestDispatcherServlet  : Initializing Servlet ''
2026-06-08T09:04:50.323+08:00  INFO 3095239 --- [           main] o.s.t.web.servlet.TestDispatcherServlet  : Completed initialization in 1 ms
]]></system-out>
  </testcase>
  <testcase name="studentCannotAccessOtherGrowthRecords" classname="com.ise.platform.modules.ApiIntegrationTest" time="0.006">
    <system-out><![CDATA[2026-06-08T09:04:50.329+08:00  INFO 3095239 --- [           main] o.s.b.t.m.w.SpringBootMockServletContext : Initializing Spring TestDispatcherServlet ''
2026-06-08T09:04:50.330+08:00  INFO 3095239 --- [           main] o.s.t.web.servlet.TestDispatcherServlet  : Initializing Servlet ''
2026-06-08T09:04:50.330+08:00  INFO 3095239 --- [           main] o.s.t.web.servlet.TestDispatcherServlet  : Completed initialization in 0 ms
]]></system-out>
  </testcase>
  <testcase name="studentCannotRequestSensitiveDetail" classname="com.ise.platform.modules.ApiIntegrationTest" time="0.006">
    <system-out><![CDATA[2026-06-08T09:04:50.336+08:00  INFO 3095239 --- [           main] o.s.b.t.m.w.SpringBootMockServletContext : Initializing Spring TestDispatcherServlet ''
2026-06-08T09:04:50.337+08:00  INFO 3095239 --- [           main] o.s.t.web.servlet.TestDispatcherServlet  : Initializing Servlet ''
2026-06-08T09:04:50.337+08:00  INFO 3095239 --- [           main] o.s.t.web.servlet.TestDispatcherServlet  : Completed initialization in 0 ms
]]></system-out>
  </testcase>
</testsuite>