<?xml version="1.0" encoding="UTF-8"?>
<testsuite xmlns:xsi="http://www.w3.org/2001/XMLSchema-instance" xsi:noNamespaceSchemaLocation="https://maven.apache.org/surefire/maven-surefire-plugin/xsd/surefire-test-report.xsd" version="3.0.2" name="com.ise.platform.modules.ApiIntegrationTest" time="1.448" tests="33" errors="0" skipped="0" failures="0" flakes="0">
  <properties>
[...]
</properties>
  <testcase name="kbQaShouldReplyIdentityQuestion" classname="com.ise.platform.modules.ApiIntegrationTest" time="0.191">
    <system-out><![CDATA[2026-06-30T12:45:04.979+08:00  INFO 22952 --- [           main] t.c.s.AnnotationConfigContextLoaderUtils : Could not detect default configuration classes for test class [com.ise.platform.modules.ApiIntegrationTest]: ApiIntegrationTest does not declare any static, non-private, non-final, nested classes annotated with @Configuration.
2026-06-30T12:45:04.979+08:00 DEBUG 22952 --- [           main] .b.t.c.SpringBootTestContextBootstrapper : Using ContextCustomizerFactory implementations for test class [ApiIntegrationTest]: [SpringBootTestRandomPortContextCustomizerFactory, ImportsContextCustomizerFactory, PropertyMappingContextCustomizerFactory, ExcludeFilterContextCustomizerFactory, TypeExcludeFiltersContextCustomizerFactory, DisableReactorResourceFactoryGlobalResourcesContextCustomizerFactory, DuplicateJsonObjectContextCustomizerFactory, OnFailureConditionReportContextCustomizerFactory, OverrideAutoConfigurationContextCustomizerFactory, BeanOverrideContextCustomizerFactory, MockServerContainerContextCustomizerFactory, DynamicPropertiesContextCustomizerFactory]
2026-06-30T12:45:04.980+08:00 DEBUG 22952 --- [           main] .b.t.c.SpringBootTestContextBootstrapper : Using ContextCustomizers for test class [ApiIntegrationTest]: [SpringBootTestRandomPortContextCustomizer, PropertyMappingContextCustomizer, ExcludeFilterContextCustomizer, DuplicateJsonObjectContextCustomizer, OnFailureConditionReportContextCustomizer, DynamicPropertiesContextCustomizer]
2026-06-30T12:45:04.989+08:00  INFO 22952 --- [           main] .b.t.c.SpringBootTestContextBootstrapper : Found @SpringBootConfiguration com.ise.platform.PlatformBackendApplication for test class com.ise.platform.modules.ApiIntegrationTest
2026-06-30T12:45:04.990+08:00  INFO 22952 --- [           main] t.c.s.AnnotationConfigContextLoaderUtils : Could not detect default configuration classes for test class [com.ise.platform.modules.ApiIntegrationTest]: ApiIntegrationTest does not declare any static, non-private, non-final, nested classes annotated with @Configuration.
2026-06-30T12:45:04.991+08:00 DEBUG 22952 --- [           main] .b.t.c.SpringBootTestContextBootstrapper : Using ContextCustomizerFactory implementations for test class [ApiIntegrationTest]: [SpringBootTestRandomPortContextCustomizerFactory, ImportsContextCustomizerFactory, PropertyMappingContextCustomizerFactory, ExcludeFilterContextCustomizerFactory, TypeExcludeFiltersContextCustomizerFactory, DisableReactorResourceFactoryGlobalResourcesContextCustomizerFactory, DuplicateJsonObjectContextCustomizerFactory, OnFailureConditionReportContextCustomizerFactory, OverrideAutoConfigurationContextCustomizerFactory, BeanOverrideContextCustomizerFactory, MockServerContainerContextCustomizerFactory, DynamicPropertiesContextCustomizerFactory]
2026-06-30T12:45:04.992+08:00 DEBUG 22952 --- [           main] .b.t.c.SpringBootTestContextBootstrapper : Using ContextCustomizers for test class [ApiIntegrationTest]: [SpringBootTestRandomPortContextCustomizer, PropertyMappingContextCustomizer, ExcludeFilterContextCustomizer, DuplicateJsonObjectContextCustomizer, OnFailureConditionReportContextCustomizer, DynamicPropertiesContextCustomizer]
2026-06-30T12:45:04.992+08:00  INFO 22952 --- [           main] .b.t.c.SpringBootTestContextBootstrapper : Found @SpringBootConfiguration com.ise.platform.PlatformBackendApplication for test class com.ise.platform.modules.ApiIntegrationTest
2026-06-30T12:45:04.992+08:00 DEBUG 22952 --- [           main] .b.t.c.SpringBootTestContextBootstrapper : Neither @ContextConfiguration nor @ContextHierarchy found for test class [ApiIntegrationTest]: using SpringBootContextLoader
2026-06-30T12:45:04.992+08:00 DEBUG 22952 --- [           main] .b.t.c.SpringBootTestContextBootstrapper : Using TestExecutionListeners for test class [ApiIntegrationTest]: [ServletTestExecutionListener, DirtiesContextBeforeModesTestExecutionListener, ApplicationEventsTestExecutionListener, BeanOverrideTestExecutionListener, DependencyInjectionTestExecutionListener, DirtiesContextTestExecutionListener, CommonCachesTestExecutionListener, TransactionalTestExecutionListener, SqlScriptsTestExecutionListener, EventPublishingTestExecutionListener, MockitoResetTestExecutionListener]
2026-06-30T12:45:04.997+08:00 DEBUG 22952 --- [           main] o.s.jdbc.core.JdbcTemplate               : Executing SQL update [update sys_user
   set password_hash = '{demo}123456'
 where username in ('20220001', '20220018', 'teacher001', 'leader001')
]
2026-06-30T12:45:05.003+08:00  INFO 22952 --- [           main] o.s.b.t.m.w.SpringBootMockServletContext : Initializing Spring TestDispatcherServlet ''
2026-06-30T12:45:05.003+08:00  INFO 22952 --- [           main] o.s.t.web.servlet.TestDispatcherServlet  : Initializing Servlet ''
2026-06-30T12:45:05.005+08:00  INFO 22952 --- [           main] o.s.t.web.servlet.TestDispatcherServlet  : Completed initialization in 1 ms
2026-06-30T12:45:05.025+08:00 DEBUG 22952 --- [           main] s.w.s.m.m.a.RequestMappingHandlerMapping : Mapped to com.ise.platform.modules.auth.AuthController#login(LoginRequest)
2026-06-30T12:45:05.072+08:00 DEBUG 22952 --- [           main] m.m.a.RequestResponseBodyMethodProcessor : Read "application/json" to [com.ise.platform.modules.auth.AuthDto$LoginRequest@74d53d63]
2026-06-30T12:45:05.099+08:00 DEBUG 22952 --- [           main] o.s.jdbc.core.JdbcTemplate               : Executing prepared SQL query
2026-06-30T12:45:05.099+08:00 DEBUG 22952 --- [           main] o.s.jdbc.core.JdbcTemplate               : Executing prepared SQL statement [select u.id,
       u.username,
       u.password_hash,
       u.real_name,
       u.user_type,
       u.role_code,
       u.student_id,
       u.status,
       s.student_no,
       s.name as student_name,
       s.grade,
       s.major,
       s.class_name
  from sys_user u
  left join stu_student s
    on s.id = u.student_id and s.is_deleted = 0
 where u.is_deleted = 0
   and u.username = ?
]
2026-06-30T12:45:05.105+08:00 DEBUG 22952 --- [           main] m.m.a.RequestResponseBodyMethodProcessor : Using 'application/json', given [*/*] and supported [application/json, application/*+json]
2026-06-30T12:45:05.106+08:00 DEBUG 22952 --- [           main] m.m.a.RequestResponseBodyMethodProcessor : Writing [com.ise.platform.common.api.ApiResponse@66048c9e]
2026-06-30T12:45:05.143+08:00 DEBUG 22952 --- [           main] s.w.s.m.m.a.RequestMappingHandlerMapping : Mapped to com.ise.platform.modules.kb.KbController#qa(QaRequest)
2026-06-30T12:45:05.149+08:00 DEBUG 22952 --- [           main] m.m.a.RequestResponseBodyMethodProcessor : Read "application/json" to [com.ise.platform.modules.kb.KbDto$QaRequest@52b30dcd]
2026-06-30T12:45:05.152+08:00 DEBUG 22952 --- [           main] o.s.jdbc.core.JdbcTemplate               : Executing SQL query [select id, title, summary, category_label, standard_answer,
       source_file_name, source_file_id, keywords_text
  from kb_article
 where is_deleted = 0 and publish_status = 'published'
]
2026-06-30T12:45:05.161+08:00 DEBUG 22952 --- [           main] m.m.a.RequestResponseBodyMethodProcessor : Using 'application/json', given [*/*] and supported [application/json, application/*+json]
2026-06-30T12:45:05.161+08:00 DEBUG 22952 --- [           main] m.m.a.RequestResponseBodyMethodProcessor : Writing [com.ise.platform.common.api.ApiResponse@6e12f38c]
]]></system-out>
  </testcase>
  <testcase name="createApplicationShouldReturnSubmittedStatus" classname="com.ise.platform.modules.ApiIntegrationTest" time="0.029">
    <system-out><![CDATA[2026-06-30T12:45:05.188+08:00 DEBUG 22952 --- [           main] o.s.jdbc.core.JdbcTemplate               : Executing SQL update [update sys_user
   set password_hash = '{demo}123456'
 where username in ('20220001', '20220018', 'teacher001', 'leader001')
]
2026-06-30T12:45:05.189+08:00  INFO 22952 --- [           main] o.s.b.t.m.w.SpringBootMockServletContext : Initializing Spring TestDispatcherServlet ''
2026-06-30T12:45:05.190+08:00  INFO 22952 --- [           main] o.s.t.web.servlet.TestDispatcherServlet  : Initializing Servlet ''
2026-06-30T12:45:05.191+08:00  INFO 22952 --- [           main] o.s.t.web.servlet.TestDispatcherServlet  : Completed initialization in 1 ms
2026-06-30T12:45:05.192+08:00 DEBUG 22952 --- [           main] s.w.s.m.m.a.RequestMappingHandlerMapping : Mapped to com.ise.platform.modules.auth.AuthController#login(LoginRequest)
2026-06-30T12:45:05.194+08:00 DEBUG 22952 --- [           main] m.m.a.RequestResponseBodyMethodProcessor : Read "application/json" to [com.ise.platform.modules.auth.AuthDto$LoginRequest@35d3202b]
2026-06-30T12:45:05.194+08:00 DEBUG 22952 --- [           main] o.s.jdbc.core.JdbcTemplate               : Executing prepared SQL query
2026-06-30T12:45:05.194+08:00 DEBUG 22952 --- [           main] o.s.jdbc.core.JdbcTemplate               : Executing prepared SQL statement [select u.id,
       u.username,
       u.password_hash,
       u.real_name,
       u.user_type,
       u.role_code,
       u.student_id,
       u.status,
       s.student_no,
       s.name as student_name,
       s.grade,
       s.major,
       s.class_name
  from sys_user u
  left join stu_student s
    on s.id = u.student_id and s.is_deleted = 0
 where u.is_deleted = 0
   and u.username = ?
]
2026-06-30T12:45:05.195+08:00 DEBUG 22952 --- [           main] m.m.a.RequestResponseBodyMethodProcessor : Using 'application/json', given [*/*] and supported [application/json, application/*+json]
2026-06-30T12:45:05.196+08:00 DEBUG 22952 --- [           main] m.m.a.RequestResponseBodyMethodProcessor : Writing [com.ise.platform.common.api.ApiResponse@2dfd157b]
2026-06-30T12:45:05.197+08:00 DEBUG 22952 --- [           main] s.w.s.m.m.a.RequestMappingHandlerMapping : Mapped to com.ise.platform.modules.application.ApplicationController#create(CreateRequest)
2026-06-30T12:45:05.203+08:00 DEBUG 22952 --- [           main] m.m.a.RequestResponseBodyMethodProcessor : Read "application/json" to [com.ise.platform.modules.application.ApplicationDto$CreateRequest@1504b493]
2026-06-30T12:45:05.207+08:00 DEBUG 22952 --- [           main] o.s.jdbc.core.JdbcTemplate               : Executing SQL query [select coalesce(max(id), 0) + 1 from biz_application]
2026-06-30T12:45:05.210+08:00 DEBUG 22952 --- [           main] o.s.jdbc.core.JdbcTemplate               : Executing prepared SQL update
2026-06-30T12:45:05.210+08:00 DEBUG 22952 --- [           main] o.s.jdbc.core.JdbcTemplate               : Executing prepared SQL statement [insert into biz_application (
    id, application_no, application_type, template_id, applicant_user_id, student_id,
    title, purpose, form_data_json, status, current_approver_id, submitted_at,
    created_at, updated_at, is_deleted
) values (?, ?, ?, ?, ?, ?, ?, ?, ?, 'submitted', ?, ?, ?, ?, 0)
]
2026-06-30T12:45:05.211+08:00 DEBUG 22952 --- [           main] o.s.jdbc.core.JdbcTemplate               : Executing SQL query [select coalesce(max(id), 0) + 1 from biz_approval_record]
2026-06-30T12:45:05.211+08:00 DEBUG 22952 --- [           main] o.s.jdbc.core.JdbcTemplate               : Executing prepared SQL update
2026-06-30T12:45:05.211+08:00 DEBUG 22952 --- [           main] o.s.jdbc.core.JdbcTemplate               : Executing prepared SQL statement [insert into biz_approval_record (
    id, application_id, approver_user_id, action_type, action_comment,
    before_status, after_status, action_time
) values (?, ?, ?, ?, ?, ?, ?, ?)
]
2026-06-30T12:45:05.212+08:00 DEBUG 22952 --- [           main] m.m.a.RequestResponseBodyMethodProcessor : Using 'application/json', given [*/*] and supported [application/json, application/*+json]
2026-06-30T12:45:05.212+08:00 DEBUG 22952 --- [           main] m.m.a.RequestResponseBodyMethodProcessor : Writing [com.ise.platform.common.api.ApiResponse@10b2c1cf]
]]></system-out>
  </testcase>
  <testcase name="studentCanCreateGrowthRecord" classname="com.ise.platform.modules.ApiIntegrationTest" time="0.014">
    <system-out><![CDATA[2026-06-30T12:45:05.218+08:00 DEBUG 22952 --- [           main] o.s.jdbc.core.JdbcTemplate               : Executing SQL update [update sys_user
   set password_hash = '{demo}123456'
 where username in ('20220001', '20220018', 'teacher001', 'leader001')
]
2026-06-30T12:45:05.218+08:00  INFO 22952 --- [           main] o.s.b.t.m.w.SpringBootMockServletContext : Initializing Spring TestDispatcherServlet ''
2026-06-30T12:45:05.218+08:00  INFO 22952 --- [           main] o.s.t.web.servlet.TestDispatcherServlet  : Initializing Servlet ''
2026-06-30T12:45:05.219+08:00  INFO 22952 --- [           main] o.s.t.web.servlet.TestDispatcherServlet  : Completed initialization in 1 ms
2026-06-30T12:45:05.220+08:00 DEBUG 22952 --- [           main] s.w.s.m.m.a.RequestMappingHandlerMapping : Mapped to com.ise.platform.modules.auth.AuthController#login(LoginRequest)
2026-06-30T12:45:05.220+08:00 DEBUG 22952 --- [           main] m.m.a.RequestResponseBodyMethodProcessor : Read "application/json" to [com.ise.platform.modules.auth.AuthDto$LoginRequest@4891d727]
2026-06-30T12:45:05.221+08:00 DEBUG 22952 --- [           main] o.s.jdbc.core.JdbcTemplate               : Executing prepared SQL query
2026-06-30T12:45:05.221+08:00 DEBUG 22952 --- [           main] o.s.jdbc.core.JdbcTemplate               : Executing prepared SQL statement [select u.id,
       u.username,
       u.password_hash,
       u.real_name,
       u.user_type,
       u.role_code,
       u.student_id,
       u.status,
       s.student_no,
       s.name as student_name,
       s.grade,
       s.major,
       s.class_name
  from sys_user u
  left join stu_student s
    on s.id = u.student_id and s.is_deleted = 0
 where u.is_deleted = 0
   and u.username = ?
]
2026-06-30T12:45:05.221+08:00 DEBUG 22952 --- [           main] m.m.a.RequestResponseBodyMethodProcessor : Using 'application/json', given [*/*] and supported [application/json, application/*+json]
2026-06-30T12:45:05.221+08:00 DEBUG 22952 --- [           main] m.m.a.RequestResponseBodyMethodProcessor : Writing [com.ise.platform.common.api.ApiResponse@550574cb]
2026-06-30T12:45:05.223+08:00 DEBUG 22952 --- [           main] s.w.s.m.m.a.RequestMappingHandlerMapping : Mapped to com.ise.platform.modules.student.StudentController#createGrowthRecord(Long, CreateGrowthRecordRequest)
2026-06-30T12:45:05.226+08:00 DEBUG 22952 --- [           main] m.m.a.RequestResponseBodyMethodProcessor : Read "application/json" to [com.ise.platform.modules.student.StudentDto$CreateGrowthRecordRequest@4468c0ea]
2026-06-30T12:45:05.229+08:00 DEBUG 22952 --- [           main] m.m.a.RequestResponseBodyMethodProcessor : Using 'application/json', given [*/*] and supported [application/json, application/*+json]
2026-06-30T12:45:05.229+08:00 DEBUG 22952 --- [           main] m.m.a.RequestResponseBodyMethodProcessor : Writing [com.ise.platform.common.api.ApiResponse@41cf4272]
]]></system-out>
  </testcase>
  <testcase name="registerShouldRequireTenDigitStudentNo" classname="com.ise.platform.modules.ApiIntegrationTest" time="0.022">
    <system-out><![CDATA[2026-06-30T12:45:05.234+08:00 DEBUG 22952 --- [           main] o.s.jdbc.core.JdbcTemplate               : Executing SQL update [update sys_user
   set password_hash = '{demo}123456'
 where username in ('20220001', '20220018', 'teacher001', 'leader001')
]
2026-06-30T12:45:05.234+08:00  INFO 22952 --- [           main] o.s.b.t.m.w.SpringBootMockServletContext : Initializing Spring TestDispatcherServlet ''
2026-06-30T12:45:05.234+08:00  INFO 22952 --- [           main] o.s.t.web.servlet.TestDispatcherServlet  : Initializing Servlet ''
2026-06-30T12:45:05.235+08:00  INFO 22952 --- [           main] o.s.t.web.servlet.TestDispatcherServlet  : Completed initialization in 1 ms
2026-06-30T12:45:05.235+08:00 DEBUG 22952 --- [           main] s.w.s.m.m.a.RequestMappingHandlerMapping : Mapped to com.ise.platform.modules.auth.AuthController#register(RegisterStudentRequest)
2026-06-30T12:45:05.240+08:00 DEBUG 22952 --- [           main] m.m.a.RequestResponseBodyMethodProcessor : Read "application/json" to [com.ise.platform.modules.auth.AuthDto$RegisterStudentRequest@1368e2f7]
2026-06-30T12:45:05.252+08:00 DEBUG 22952 --- [           main] .m.m.a.ExceptionHandlerExceptionResolver : Using @ExceptionHandler com.ise.platform.common.web.GlobalExceptionHandler#handleMethodArgumentNotValid(MethodArgumentNotValidException)
2026-06-30T12:45:05.253+08:00 DEBUG 22952 --- [           main] m.m.a.RequestResponseBodyMethodProcessor : Using 'application/json', given [*/*] and supported [application/json, application/*+json]
2026-06-30T12:45:05.253+08:00 DEBUG 22952 --- [           main] m.m.a.RequestResponseBodyMethodProcessor : Writing [com.ise.platform.common.api.ApiResponse@32e5fb4c]
2026-06-30T12:45:05.254+08:00 DEBUG 22952 --- [           main] .m.m.a.ExceptionHandlerExceptionResolver : Resolved [org.springframework.web.bind.MethodArgumentNotValidException: Validation failed for argument [0] in public com.ise.platform.common.api.ApiResponse<com.ise.platform.modules.auth.AuthDto$RegisterStudentResponse> com.ise.platform.modules.auth.AuthController.register(com.ise.platform.modules.auth.AuthDto$RegisterStudentRequest): [Field error in object 'registerStudentRequest' on field 'studentNo': rejected value [中文学号]; codes [Pattern.registerStudentRequest.studentNo,Pattern.studentNo,Pattern.java.lang.String,Pattern]; arguments [org.springframework.context.support.DefaultMessageSourceResolvable: codes [registerStudentRequest.studentNo,studentNo]; arguments []; default message [studentNo],[Ljakarta.validation.constraints.Pattern$Flag;@58679ff,\d{10}]; default message [studentNo must be 10 digits]] ]
]]></system-out>
  </testcase>
  <testcase name="authMeShouldContainMenus" classname="com.ise.platform.modules.ApiIntegrationTest" time="0.011">
    <system-out><![CDATA[2026-06-30T12:45:05.258+08:00 DEBUG 22952 --- [           main] o.s.jdbc.core.JdbcTemplate               : Executing SQL update [update sys_user
   set password_hash = '{demo}123456'
 where username in ('20220001', '20220018', 'teacher001', 'leader001')
]
2026-06-30T12:45:05.259+08:00  INFO 22952 --- [           main] o.s.b.t.m.w.SpringBootMockServletContext : Initializing Spring TestDispatcherServlet ''
2026-06-30T12:45:05.259+08:00  INFO 22952 --- [           main] o.s.t.web.servlet.TestDispatcherServlet  : Initializing Servlet ''
2026-06-30T12:45:05.260+08:00  INFO 22952 --- [           main] o.s.t.web.servlet.TestDispatcherServlet  : Completed initialization in 1 ms
2026-06-30T12:45:05.261+08:00 DEBUG 22952 --- [           main] s.w.s.m.m.a.RequestMappingHandlerMapping : Mapped to com.ise.platform.modules.auth.AuthController#login(LoginRequest)
2026-06-30T12:45:05.261+08:00 DEBUG 22952 --- [           main] m.m.a.RequestResponseBodyMethodProcessor : Read "application/json" to [com.ise.platform.modules.auth.AuthDto$LoginRequest@4f5c757c]
2026-06-30T12:45:05.261+08:00 DEBUG 22952 --- [           main] o.s.jdbc.core.JdbcTemplate               : Executing prepared SQL query
2026-06-30T12:45:05.261+08:00 DEBUG 22952 --- [           main] o.s.jdbc.core.JdbcTemplate               : Executing prepared SQL statement [select u.id,
       u.username,
       u.password_hash,
       u.real_name,
       u.user_type,
       u.role_code,
       u.student_id,
       u.status,
       s.student_no,
       s.name as student_name,
       s.grade,
       s.major,
       s.class_name
  from sys_user u
  left join stu_student s
    on s.id = u.student_id and s.is_deleted = 0
 where u.is_deleted = 0
   and u.username = ?
]
2026-06-30T12:45:05.262+08:00 DEBUG 22952 --- [           main] m.m.a.RequestResponseBodyMethodProcessor : Using 'application/json', given [*/*] and supported [application/json, application/*+json]
2026-06-30T12:45:05.262+08:00 DEBUG 22952 --- [           main] m.m.a.RequestResponseBodyMethodProcessor : Writing [com.ise.platform.common.api.ApiResponse@52fec840]
2026-06-30T12:45:05.263+08:00 DEBUG 22952 --- [           main] s.w.s.m.m.a.RequestMappingHandlerMapping : Mapped to com.ise.platform.modules.auth.AuthController#me()
2026-06-30T12:45:05.263+08:00 DEBUG 22952 --- [           main] o.s.jdbc.core.JdbcTemplate               : Executing prepared SQL query
2026-06-30T12:45:05.263+08:00 DEBUG 22952 --- [           main] o.s.jdbc.core.JdbcTemplate               : Executing prepared SQL statement [select u.id,
       u.username,
       u.password_hash,
       u.real_name,
       u.user_type,
       u.role_code,
       u.student_id,
       u.status,
       s.student_no,
       s.name as student_name,
       s.grade,
       s.major,
       s.class_name
  from sys_user u
  left join stu_student s
    on s.id = u.student_id and s.is_deleted = 0
 where u.is_deleted = 0
   and u.username = ?
]
2026-06-30T12:45:05.264+08:00 DEBUG 22952 --- [           main] m.m.a.RequestResponseBodyMethodProcessor : Using 'application/json', given [*/*] and supported [application/json, application/*+json]
2026-06-30T12:45:05.264+08:00 DEBUG 22952 --- [           main] m.m.a.RequestResponseBodyMethodProcessor : Writing [com.ise.platform.common.api.ApiResponse@357cdb00]
]]></system-out>
  </testcase>
  <testcase name="applicationDetailShouldBeAccessibleByOwner" classname="com.ise.platform.modules.ApiIntegrationTest" time="0.021">
    <system-out><![CDATA[2026-06-30T12:45:05.270+08:00 DEBUG 22952 --- [           main] o.s.jdbc.core.JdbcTemplate               : Executing SQL update [update sys_user
   set password_hash = '{demo}123456'
 where username in ('20220001', '20220018', 'teacher001', 'leader001')
]
2026-06-30T12:45:05.271+08:00  INFO 22952 --- [           main] o.s.b.t.m.w.SpringBootMockServletContext : Initializing Spring TestDispatcherServlet ''
2026-06-30T12:45:05.271+08:00  INFO 22952 --- [           main] o.s.t.web.servlet.TestDispatcherServlet  : Initializing Servlet ''
2026-06-30T12:45:05.271+08:00  INFO 22952 --- [           main] o.s.t.web.servlet.TestDispatcherServlet  : Completed initialization in 0 ms
2026-06-30T12:45:05.272+08:00 DEBUG 22952 --- [           main] s.w.s.m.m.a.RequestMappingHandlerMapping : Mapped to com.ise.platform.modules.auth.AuthController#login(LoginRequest)
2026-06-30T12:45:05.272+08:00 DEBUG 22952 --- [           main] m.m.a.RequestResponseBodyMethodProcessor : Read "application/json" to [com.ise.platform.modules.auth.AuthDto$LoginRequest@1e4d93f7]
2026-06-30T12:45:05.273+08:00 DEBUG 22952 --- [           main] o.s.jdbc.core.JdbcTemplate               : Executing prepared SQL query
2026-06-30T12:45:05.273+08:00 DEBUG 22952 --- [           main] o.s.jdbc.core.JdbcTemplate               : Executing prepared SQL statement [select u.id,
       u.username,
       u.password_hash,
       u.real_name,
       u.user_type,
       u.role_code,
       u.student_id,
       u.status,
       s.student_no,
       s.name as student_name,
       s.grade,
       s.major,
       s.class_name
  from sys_user u
  left join stu_student s
    on s.id = u.student_id and s.is_deleted = 0
 where u.is_deleted = 0
   and u.username = ?
]
2026-06-30T12:45:05.273+08:00 DEBUG 22952 --- [           main] m.m.a.RequestResponseBodyMethodProcessor : Using 'application/json', given [*/*] and supported [application/json, application/*+json]
2026-06-30T12:45:05.273+08:00 DEBUG 22952 --- [           main] m.m.a.RequestResponseBodyMethodProcessor : Writing [com.ise.platform.common.api.ApiResponse@3d1b43d8]
2026-06-30T12:45:05.276+08:00 DEBUG 22952 --- [           main] s.w.s.m.m.a.RequestMappingHandlerMapping : Mapped to com.ise.platform.modules.application.ApplicationController#detail(Long)
2026-06-30T12:45:05.276+08:00 DEBUG 22952 --- [           main] o.s.jdbc.core.JdbcTemplate               : Executing prepared SQL query
2026-06-30T12:45:05.276+08:00 DEBUG 22952 --- [           main] o.s.jdbc.core.JdbcTemplate               : Executing prepared SQL statement [select a.id, a.application_no, a.application_type, a.template_id, a.applicant_user_id,
       a.student_id, a.title, a.purpose, a.form_data_json, a.status,
       coalesce(u.real_name, '-') as current_approver, a.submitted_at
  from biz_application a
  left join sys_user u on u.id = a.current_approver_id
 where a.id = ? and a.is_deleted = 0
]
2026-06-30T12:45:05.277+08:00 DEBUG 22952 --- [           main] o.s.jdbc.core.JdbcTemplate               : Executing prepared SQL query
2026-06-30T12:45:05.277+08:00 DEBUG 22952 --- [           main] o.s.jdbc.core.JdbcTemplate               : Executing prepared SQL statement [select r.action_type, r.action_comment, r.action_time, u.real_name
  from biz_approval_record r
  left join sys_user u on u.id = r.approver_user_id
 where r.application_id = ?
 order by r.action_time asc, r.id asc
]
2026-06-30T12:45:05.278+08:00 DEBUG 22952 --- [           main] m.m.a.RequestResponseBodyMethodProcessor : Using 'application/json', given [*/*] and supported [application/json, application/*+json]
2026-06-30T12:45:05.278+08:00 DEBUG 22952 --- [           main] m.m.a.RequestResponseBodyMethodProcessor : Writing [com.ise.platform.common.api.ApiResponse@9f52eb7]
]]></system-out>
  </testcase>
  <testcase name="uploadAndDownloadFileShouldWork" classname="com.ise.platform.modules.ApiIntegrationTest" time="0.021">
    <system-out><![CDATA[2026-06-30T12:45:05.291+08:00 DEBUG 22952 --- [           main] o.s.jdbc.core.JdbcTemplate               : Executing SQL update [update sys_user
   set password_hash = '{demo}123456'
 where username in ('20220001', '20220018', 'teacher001', 'leader001')
]
2026-06-30T12:45:05.292+08:00  INFO 22952 --- [           main] o.s.b.t.m.w.SpringBootMockServletContext : Initializing Spring TestDispatcherServlet ''
2026-06-30T12:45:05.292+08:00  INFO 22952 --- [           main] o.s.t.web.servlet.TestDispatcherServlet  : Initializing Servlet ''
2026-06-30T12:45:05.293+08:00  INFO 22952 --- [           main] o.s.t.web.servlet.TestDispatcherServlet  : Completed initialization in 1 ms
2026-06-30T12:45:05.294+08:00 DEBUG 22952 --- [           main] s.w.s.m.m.a.RequestMappingHandlerMapping : Mapped to com.ise.platform.modules.auth.AuthController#login(LoginRequest)
2026-06-30T12:45:05.295+08:00 DEBUG 22952 --- [           main] m.m.a.RequestResponseBodyMethodProcessor : Read "application/json" to [com.ise.platform.modules.auth.AuthDto$LoginRequest@19355a56]
2026-06-30T12:45:05.295+08:00 DEBUG 22952 --- [           main] o.s.jdbc.core.JdbcTemplate               : Executing prepared SQL query
2026-06-30T12:45:05.295+08:00 DEBUG 22952 --- [           main] o.s.jdbc.core.JdbcTemplate               : Executing prepared SQL statement [select u.id,
       u.username,
       u.password_hash,
       u.real_name,
       u.user_type,
       u.role_code,
       u.student_id,
       u.status,
       s.student_no,
       s.name as student_name,
       s.grade,
       s.major,
       s.class_name
  from sys_user u
  left join stu_student s
    on s.id = u.student_id and s.is_deleted = 0
 where u.is_deleted = 0
   and u.username = ?
]
2026-06-30T12:45:05.295+08:00 DEBUG 22952 --- [           main] m.m.a.RequestResponseBodyMethodProcessor : Using 'application/json', given [*/*] and supported [application/json, application/*+json]
2026-06-30T12:45:05.295+08:00 DEBUG 22952 --- [           main] m.m.a.RequestResponseBodyMethodProcessor : Writing [com.ise.platform.common.api.ApiResponse@1ff23bd1]
2026-06-30T12:45:05.300+08:00 DEBUG 22952 --- [           main] s.w.s.m.m.a.RequestMappingHandlerMapping : Mapped to com.ise.platform.modules.file.FileController#upload(MultipartFile, String)
2026-06-30T12:45:05.301+08:00 DEBUG 22952 --- [           main] m.m.a.RequestResponseBodyMethodProcessor : Using 'application/json', given [*/*] and supported [application/json, application/*+json]
2026-06-30T12:45:05.301+08:00 DEBUG 22952 --- [           main] m.m.a.RequestResponseBodyMethodProcessor : Writing [com.ise.platform.common.api.ApiResponse@4714f447]
2026-06-30T12:45:05.305+08:00 DEBUG 22952 --- [           main] s.w.s.m.m.a.RequestMappingHandlerMapping : Mapped to com.ise.platform.modules.file.FileController#download(Long)
2026-06-30T12:45:05.309+08:00 DEBUG 22952 --- [           main] o.s.w.s.m.m.a.HttpEntityMethodProcessor  : Found 'Content-Type:application/pdf' in response
2026-06-30T12:45:05.310+08:00 DEBUG 22952 --- [           main] o.s.w.s.m.m.a.HttpEntityMethodProcessor  : Writing [{255044462d312e34}]
]]></system-out>
  </testcase>
  <testcase name="studentCannotQueryStudentList" classname="com.ise.platform.modules.ApiIntegrationTest" time="0.011">
    <system-out><![CDATA[2026-06-30T12:45:05.313+08:00 DEBUG 22952 --- [           main] o.s.jdbc.core.JdbcTemplate               : Executing SQL update [update sys_user
   set password_hash = '{demo}123456'
 where username in ('20220001', '20220018', 'teacher001', 'leader001')
]
2026-06-30T12:45:05.314+08:00  INFO 22952 --- [           main] o.s.b.t.m.w.SpringBootMockServletContext : Initializing Spring TestDispatcherServlet ''
2026-06-30T12:45:05.314+08:00  INFO 22952 --- [           main] o.s.t.web.servlet.TestDispatcherServlet  : Initializing Servlet ''
2026-06-30T12:45:05.315+08:00  INFO 22952 --- [           main] o.s.t.web.servlet.TestDispatcherServlet  : Completed initialization in 1 ms
2026-06-30T12:45:05.316+08:00 DEBUG 22952 --- [           main] s.w.s.m.m.a.RequestMappingHandlerMapping : Mapped to com.ise.platform.modules.auth.AuthController#login(LoginRequest)
2026-06-30T12:45:05.316+08:00 DEBUG 22952 --- [           main] m.m.a.RequestResponseBodyMethodProcessor : Read "application/json" to [com.ise.platform.modules.auth.AuthDto$LoginRequest@4bc41565]
2026-06-30T12:45:05.316+08:00 DEBUG 22952 --- [           main] o.s.jdbc.core.JdbcTemplate               : Executing prepared SQL query
2026-06-30T12:45:05.316+08:00 DEBUG 22952 --- [           main] o.s.jdbc.core.JdbcTemplate               : Executing prepared SQL statement [select u.id,
       u.username,
       u.password_hash,
       u.real_name,
       u.user_type,
       u.role_code,
       u.student_id,
       u.status,
       s.student_no,
       s.name as student_name,
       s.grade,
       s.major,
       s.class_name
  from sys_user u
  left join stu_student s
    on s.id = u.student_id and s.is_deleted = 0
 where u.is_deleted = 0
   and u.username = ?
]
2026-06-30T12:45:05.317+08:00 DEBUG 22952 --- [           main] m.m.a.RequestResponseBodyMethodProcessor : Using 'application/json', given [*/*] and supported [application/json, application/*+json]
2026-06-30T12:45:05.317+08:00 DEBUG 22952 --- [           main] m.m.a.RequestResponseBodyMethodProcessor : Writing [com.ise.platform.common.api.ApiResponse@8dedec8]
2026-06-30T12:45:05.319+08:00 DEBUG 22952 --- [           main] s.w.s.m.m.a.RequestMappingHandlerMapping : Mapped to com.ise.platform.modules.student.StudentController#students(int, int, String, String, String, String, String, String, String, Long, Boolean, String)
2026-06-30T12:45:05.321+08:00 DEBUG 22952 --- [           main] .m.m.a.ExceptionHandlerExceptionResolver : Using @ExceptionHandler com.ise.platform.common.web.GlobalExceptionHandler#handleBusiness(BusinessException)
2026-06-30T12:45:05.321+08:00 DEBUG 22952 --- [           main] m.m.a.RequestResponseBodyMethodProcessor : Using 'application/json', given [*/*] and supported [application/json, application/*+json]
2026-06-30T12:45:05.321+08:00 DEBUG 22952 --- [           main] m.m.a.RequestResponseBodyMethodProcessor : Writing [com.ise.platform.common.api.ApiResponse@3922b297]
2026-06-30T12:45:05.322+08:00 DEBUG 22952 --- [           main] .m.m.a.ExceptionHandlerExceptionResolver : Resolved [com.ise.platform.common.error.BusinessException: only cadre or manager can query student list]
]]></system-out>
  </testcase>
  <testcase name="kbArticleDetailFiveShouldReturnPublishedArticle" classname="com.ise.platform.modules.ApiIntegrationTest" time="0.013">
    <system-out><![CDATA[2026-06-30T12:45:05.325+08:00 DEBUG 22952 --- [           main] o.s.jdbc.core.JdbcTemplate               : Executing SQL update [update sys_user
   set password_hash = '{demo}123456'
 where username in ('20220001', '20220018', 'teacher001', 'leader001')
]
2026-06-30T12:45:05.326+08:00  INFO 22952 --- [           main] o.s.b.t.m.w.SpringBootMockServletContext : Initializing Spring TestDispatcherServlet ''
2026-06-30T12:45:05.326+08:00  INFO 22952 --- [           main] o.s.t.web.servlet.TestDispatcherServlet  : Initializing Servlet ''
2026-06-30T12:45:05.327+08:00  INFO 22952 --- [           main] o.s.t.web.servlet.TestDispatcherServlet  : Completed initialization in 1 ms
2026-06-30T12:45:05.327+08:00 DEBUG 22952 --- [           main] s.w.s.m.m.a.RequestMappingHandlerMapping : Mapped to com.ise.platform.modules.auth.AuthController#login(LoginRequest)
2026-06-30T12:45:05.328+08:00 DEBUG 22952 --- [           main] m.m.a.RequestResponseBodyMethodProcessor : Read "application/json" to [com.ise.platform.modules.auth.AuthDto$LoginRequest@72c1bf75]
2026-06-30T12:45:05.328+08:00 DEBUG 22952 --- [           main] o.s.jdbc.core.JdbcTemplate               : Executing prepared SQL query
2026-06-30T12:45:05.328+08:00 DEBUG 22952 --- [           main] o.s.jdbc.core.JdbcTemplate               : Executing prepared SQL statement [select u.id,
       u.username,
       u.password_hash,
       u.real_name,
       u.user_type,
       u.role_code,
       u.student_id,
       u.status,
       s.student_no,
       s.name as student_name,
       s.grade,
       s.major,
       s.class_name
  from sys_user u
  left join stu_student s
    on s.id = u.student_id and s.is_deleted = 0
 where u.is_deleted = 0
   and u.username = ?
]
2026-06-30T12:45:05.329+08:00 DEBUG 22952 --- [           main] m.m.a.RequestResponseBodyMethodProcessor : Using 'application/json', given [*/*] and supported [application/json, application/*+json]
2026-06-30T12:45:05.329+08:00 DEBUG 22952 --- [           main] m.m.a.RequestResponseBodyMethodProcessor : Writing [com.ise.platform.common.api.ApiResponse@43a8bd35]
2026-06-30T12:45:05.330+08:00 DEBUG 22952 --- [           main] s.w.s.m.m.a.RequestMappingHandlerMapping : Mapped to com.ise.platform.modules.kb.KbController#articleDetail(Long)
2026-06-30T12:45:05.331+08:00 DEBUG 22952 --- [           main] o.s.jdbc.core.JdbcTemplate               : Executing prepared SQL query
2026-06-30T12:45:05.331+08:00 DEBUG 22952 --- [           main] o.s.jdbc.core.JdbcTemplate               : Executing prepared SQL statement [select id, title, summary, category_label, publish_status, version_no,
       standard_answer, source_file_name, source_file_id, keywords_text, view_count
  from kb_article
 where id = ?
   and is_deleted = 0
]
2026-06-30T12:45:05.332+08:00 DEBUG 22952 --- [           main] o.s.jdbc.core.JdbcTemplate               : Executing prepared SQL update
2026-06-30T12:45:05.332+08:00 DEBUG 22952 --- [           main] o.s.jdbc.core.JdbcTemplate               : Executing prepared SQL statement [update kb_article set view_count = coalesce(view_count, 0) + 1 where id = ?]
2026-06-30T12:45:05.332+08:00 DEBUG 22952 --- [           main] m.m.a.RequestResponseBodyMethodProcessor : Using 'application/json', given [*/*] and supported [application/json, application/*+json]
2026-06-30T12:45:05.332+08:00 DEBUG 22952 --- [           main] m.m.a.RequestResponseBodyMethodProcessor : Writing [com.ise.platform.common.api.ApiResponse@2e09e367]
]]></system-out>
  </testcase>
  <testcase name="partyFlowsShouldReturnStageDefinitions" classname="com.ise.platform.modules.ApiIntegrationTest" time="0.012">
    <system-out><![CDATA[2026-06-30T12:45:05.339+08:00 DEBUG 22952 --- [           main] o.s.jdbc.core.JdbcTemplate               : Executing SQL update [update sys_user
   set password_hash = '{demo}123456'
 where username in ('20220001', '20220018', 'teacher001', 'leader001')
]
2026-06-30T12:45:05.339+08:00  INFO 22952 --- [           main] o.s.b.t.m.w.SpringBootMockServletContext : Initializing Spring TestDispatcherServlet ''
2026-06-30T12:45:05.339+08:00  INFO 22952 --- [           main] o.s.t.web.servlet.TestDispatcherServlet  : Initializing Servlet ''
2026-06-30T12:45:05.340+08:00  INFO 22952 --- [           main] o.s.t.web.servlet.TestDispatcherServlet  : Completed initialization in 1 ms
2026-06-30T12:45:05.340+08:00 DEBUG 22952 --- [           main] s.w.s.m.m.a.RequestMappingHandlerMapping : Mapped to com.ise.platform.modules.auth.AuthController#login(LoginRequest)
2026-06-30T12:45:05.341+08:00 DEBUG 22952 --- [           main] m.m.a.RequestResponseBodyMethodProcessor : Read "application/json" to [com.ise.platform.modules.auth.AuthDto$LoginRequest@7253c53]
2026-06-30T12:45:05.341+08:00 DEBUG 22952 --- [           main] o.s.jdbc.core.JdbcTemplate               : Executing prepared SQL query
2026-06-30T12:45:05.341+08:00 DEBUG 22952 --- [           main] o.s.jdbc.core.JdbcTemplate               : Executing prepared SQL statement [select u.id,
       u.username,
       u.password_hash,
       u.real_name,
       u.user_type,
       u.role_code,
       u.student_id,
       u.status,
       s.student_no,
       s.name as student_name,
       s.grade,
       s.major,
       s.class_name
  from sys_user u
  left join stu_student s
    on s.id = u.student_id and s.is_deleted = 0
 where u.is_deleted = 0
   and u.username = ?
]
2026-06-30T12:45:05.341+08:00 DEBUG 22952 --- [           main] m.m.a.RequestResponseBodyMethodProcessor : Using 'application/json', given [*/*] and supported [application/json, application/*+json]
2026-06-30T12:45:05.341+08:00 DEBUG 22952 --- [           main] m.m.a.RequestResponseBodyMethodProcessor : Writing [com.ise.platform.common.api.ApiResponse@66d6e50b]
2026-06-30T12:45:05.343+08:00 DEBUG 22952 --- [           main] s.w.s.m.m.a.RequestMappingHandlerMapping : Mapped to com.ise.platform.modules.party.PartyController#flows()
2026-06-30T12:45:05.343+08:00 DEBUG 22952 --- [           main] m.m.a.RequestResponseBodyMethodProcessor : Using 'application/json', given [*/*] and supported [application/json, application/*+json]
2026-06-30T12:45:05.343+08:00 DEBUG 22952 --- [           main] m.m.a.RequestResponseBodyMethodProcessor : Writing [com.ise.platform.common.api.ApiResponse@64829470]
]]></system-out>
  </testcase>
  <testcase name="demoTemplateFileShouldBeDownloadableWithToken" classname="com.ise.platform.modules.ApiIntegrationTest" time="0.007">
    <system-out><![CDATA[2026-06-30T12:45:05.353+08:00 DEBUG 22952 --- [           main] o.s.jdbc.core.JdbcTemplate               : Executing SQL update [update sys_user
   set password_hash = '{demo}123456'
 where username in ('20220001', '20220018', 'teacher001', 'leader001')
]
2026-06-30T12:45:05.353+08:00  INFO 22952 --- [           main] o.s.b.t.m.w.SpringBootMockServletContext : Initializing Spring TestDispatcherServlet ''
2026-06-30T12:45:05.353+08:00  INFO 22952 --- [           main] o.s.t.web.servlet.TestDispatcherServlet  : Initializing Servlet ''
2026-06-30T12:45:05.354+08:00  INFO 22952 --- [           main] o.s.t.web.servlet.TestDispatcherServlet  : Completed initialization in 1 ms
2026-06-30T12:45:05.354+08:00 DEBUG 22952 --- [           main] s.w.s.m.m.a.RequestMappingHandlerMapping : Mapped to com.ise.platform.modules.auth.AuthController#login(LoginRequest)
2026-06-30T12:45:05.355+08:00 DEBUG 22952 --- [           main] m.m.a.RequestResponseBodyMethodProcessor : Read "application/json" to [com.ise.platform.modules.auth.AuthDto$LoginRequest@c157abf]
2026-06-30T12:45:05.355+08:00 DEBUG 22952 --- [           main] o.s.jdbc.core.JdbcTemplate               : Executing prepared SQL query
2026-06-30T12:45:05.355+08:00 DEBUG 22952 --- [           main] o.s.jdbc.core.JdbcTemplate               : Executing prepared SQL statement [select u.id,
       u.username,
       u.password_hash,
       u.real_name,
       u.user_type,
       u.role_code,
       u.student_id,
       u.status,
       s.student_no,
       s.name as student_name,
       s.grade,
       s.major,
       s.class_name
  from sys_user u
  left join stu_student s
    on s.id = u.student_id and s.is_deleted = 0
 where u.is_deleted = 0
   and u.username = ?
]
2026-06-30T12:45:05.355+08:00 DEBUG 22952 --- [           main] m.m.a.RequestResponseBodyMethodProcessor : Using 'application/json', given [*/*] and supported [application/json, application/*+json]
2026-06-30T12:45:05.355+08:00 DEBUG 22952 --- [           main] m.m.a.RequestResponseBodyMethodProcessor : Writing [com.ise.platform.common.api.ApiResponse@472dbaf5]
2026-06-30T12:45:05.357+08:00 DEBUG 22952 --- [           main] s.w.s.m.m.a.RequestMappingHandlerMapping : Mapped to com.ise.platform.modules.file.FileController#download(Long)
2026-06-30T12:45:05.357+08:00 DEBUG 22952 --- [           main] o.s.w.s.m.m.a.HttpEntityMethodProcessor  : Found 'Content-Type:application/vnd.openxmlformats-officedocument.wordprocessingml.document' in response
2026-06-30T12:45:05.358+08:00 DEBUG 22952 --- [           main] o.s.w.s.m.m.a.HttpEntityMethodProcessor  : Writing [{504b0304140008080800a265de5c000000000000000000000000130000005b436f6e74656e745f54797065735d2e786d6c7 (truncated)...]
]]></system-out>
  </testcase>
  <testcase name="teacherCanRequestSensitiveDetail" classname="com.ise.platform.modules.ApiIntegrationTest" time="0.012">
    <system-out><![CDATA[2026-06-30T12:45:05.360+08:00 DEBUG 22952 --- [           main] o.s.jdbc.core.JdbcTemplate               : Executing SQL update [update sys_user
   set password_hash = '{demo}123456'
 where username in ('20220001', '20220018', 'teacher001', 'leader001')
]
2026-06-30T12:45:05.361+08:00  INFO 22952 --- [           main] o.s.b.t.m.w.SpringBootMockServletContext : Initializing Spring TestDispatcherServlet ''
2026-06-30T12:45:05.361+08:00  INFO 22952 --- [           main] o.s.t.web.servlet.TestDispatcherServlet  : Initializing Servlet ''
2026-06-30T12:45:05.361+08:00  INFO 22952 --- [           main] o.s.t.web.servlet.TestDispatcherServlet  : Completed initialization in 0 ms
2026-06-30T12:45:05.361+08:00 DEBUG 22952 --- [           main] s.w.s.m.m.a.RequestMappingHandlerMapping : Mapped to com.ise.platform.modules.auth.AuthController#login(LoginRequest)
2026-06-30T12:45:05.362+08:00 DEBUG 22952 --- [           main] m.m.a.RequestResponseBodyMethodProcessor : Read "application/json" to [com.ise.platform.modules.auth.AuthDto$LoginRequest@619854a3]
2026-06-30T12:45:05.362+08:00 DEBUG 22952 --- [           main] o.s.jdbc.core.JdbcTemplate               : Executing prepared SQL query
2026-06-30T12:45:05.362+08:00 DEBUG 22952 --- [           main] o.s.jdbc.core.JdbcTemplate               : Executing prepared SQL statement [select u.id,
       u.username,
       u.password_hash,
       u.real_name,
       u.user_type,
       u.role_code,
       u.student_id,
       u.status,
       s.student_no,
       s.name as student_name,
       s.grade,
       s.major,
       s.class_name
  from sys_user u
  left join stu_student s
    on s.id = u.student_id and s.is_deleted = 0
 where u.is_deleted = 0
   and u.username = ?
]
2026-06-30T12:45:05.363+08:00 DEBUG 22952 --- [           main] m.m.a.RequestResponseBodyMethodProcessor : Using 'application/json', given [*/*] and supported [application/json, application/*+json]
2026-06-30T12:45:05.363+08:00 DEBUG 22952 --- [           main] m.m.a.RequestResponseBodyMethodProcessor : Writing [com.ise.platform.common.api.ApiResponse@46ff1aad]
2026-06-30T12:45:05.364+08:00 DEBUG 22952 --- [           main] s.w.s.m.m.a.RequestMappingHandlerMapping : Mapped to com.ise.platform.modules.student.StudentController#studentDetail(Long, boolean)
2026-06-30T12:45:05.365+08:00 DEBUG 22952 --- [           main] m.m.a.RequestResponseBodyMethodProcessor : Using 'application/json', given [*/*] and supported [application/json, application/*+json]
2026-06-30T12:45:05.365+08:00 DEBUG 22952 --- [           main] m.m.a.RequestResponseBodyMethodProcessor : Writing [com.ise.platform.common.api.ApiResponse@6c2fea95]
]]></system-out>
  </testcase>
  <testcase name="markNoticeReadShouldAffectUnreadFilter" classname="com.ise.platform.modules.ApiIntegrationTest" time="0.02">
    <system-out><![CDATA[2026-06-30T12:45:05.373+08:00 DEBUG 22952 --- [           main] o.s.jdbc.core.JdbcTemplate               : Executing SQL update [update sys_user
   set password_hash = '{demo}123456'
 where username in ('20220001', '20220018', 'teacher001', 'leader001')
]
2026-06-30T12:45:05.374+08:00  INFO 22952 --- [           main] o.s.b.t.m.w.SpringBootMockServletContext : Initializing Spring TestDispatcherServlet ''
2026-06-30T12:45:05.374+08:00  INFO 22952 --- [           main] o.s.t.web.servlet.TestDispatcherServlet  : Initializing Servlet ''
2026-06-30T12:45:05.375+08:00  INFO 22952 --- [           main] o.s.t.web.servlet.TestDispatcherServlet  : Completed initialization in 0 ms
2026-06-30T12:45:05.375+08:00 DEBUG 22952 --- [           main] s.w.s.m.m.a.RequestMappingHandlerMapping : Mapped to com.ise.platform.modules.auth.AuthController#login(LoginRequest)
2026-06-30T12:45:05.375+08:00 DEBUG 22952 --- [           main] m.m.a.RequestResponseBodyMethodProcessor : Read "application/json" to [com.ise.platform.modules.auth.AuthDto$LoginRequest@7352418c]
2026-06-30T12:45:05.375+08:00 DEBUG 22952 --- [           main] o.s.jdbc.core.JdbcTemplate               : Executing prepared SQL query
2026-06-30T12:45:05.375+08:00 DEBUG 22952 --- [           main] o.s.jdbc.core.JdbcTemplate               : Executing prepared SQL statement [select u.id,
       u.username,
       u.password_hash,
       u.real_name,
       u.user_type,
       u.role_code,
       u.student_id,
       u.status,
       s.student_no,
       s.name as student_name,
       s.grade,
       s.major,
       s.class_name
  from sys_user u
  left join stu_student s
    on s.id = u.student_id and s.is_deleted = 0
 where u.is_deleted = 0
   and u.username = ?
]
2026-06-30T12:45:05.376+08:00 DEBUG 22952 --- [           main] m.m.a.RequestResponseBodyMethodProcessor : Using 'application/json', given [*/*] and supported [application/json, application/*+json]
2026-06-30T12:45:05.376+08:00 DEBUG 22952 --- [           main] m.m.a.RequestResponseBodyMethodProcessor : Writing [com.ise.platform.common.api.ApiResponse@60ba6631]
2026-06-30T12:45:05.377+08:00 DEBUG 22952 --- [           main] s.w.s.m.m.a.RequestMappingHandlerMapping : Mapped to com.ise.platform.modules.notice.NoticeController#markRead(Long)
2026-06-30T12:45:05.378+08:00 DEBUG 22952 --- [           main] o.s.jdbc.core.JdbcTemplate               : Executing prepared SQL query
2026-06-30T12:45:05.378+08:00 DEBUG 22952 --- [           main] o.s.jdbc.core.JdbcTemplate               : Executing prepared SQL statement [select audience from biz_notice where id = ? and is_deleted = 0 and status = 'published']
2026-06-30T12:45:05.378+08:00 DEBUG 22952 --- [           main] o.s.jdbc.core.JdbcTemplate               : Executing prepared SQL query
2026-06-30T12:45:05.378+08:00 DEBUG 22952 --- [           main] o.s.jdbc.core.JdbcTemplate               : Executing prepared SQL statement [select grade, status
  from stu_student
 where id = ?
   and is_deleted = 0
   and status <> 'graduated'
]
2026-06-30T12:45:05.379+08:00 DEBUG 22952 --- [           main] o.s.jdbc.core.JdbcTemplate               : Executing prepared SQL query
2026-06-30T12:45:05.379+08:00 DEBUG 22952 --- [           main] o.s.jdbc.core.JdbcTemplate               : Executing prepared SQL statement [select count(*) from biz_notice_read where notice_id = ? and user_id = ?]
2026-06-30T12:45:05.380+08:00 DEBUG 22952 --- [           main] o.s.jdbc.core.JdbcTemplate               : Executing SQL query [select coalesce(max(id), 0) + 1 from biz_notice_read]
2026-06-30T12:45:05.380+08:00 DEBUG 22952 --- [           main] o.s.jdbc.core.JdbcTemplate               : Executing prepared SQL update
2026-06-30T12:45:05.380+08:00 DEBUG 22952 --- [           main] o.s.jdbc.core.JdbcTemplate               : Executing prepared SQL statement [insert into biz_notice_read (id, notice_id, user_id, read_at) values (?, ?, ?, ?)]
2026-06-30T12:45:05.380+08:00 DEBUG 22952 --- [           main] o.s.jdbc.core.JdbcTemplate               : Executing prepared SQL update
2026-06-30T12:45:05.380+08:00 DEBUG 22952 --- [           main] o.s.jdbc.core.JdbcTemplate               : Executing prepared SQL statement [update biz_notice set read_count = read_count + 1, updated_at = ? where id = ?]
2026-06-30T12:45:05.381+08:00 DEBUG 22952 --- [           main] m.m.a.RequestResponseBodyMethodProcessor : Using 'application/json', given [*/*] and supported [application/json, application/*+json]
2026-06-30T12:45:05.382+08:00 DEBUG 22952 --- [           main] m.m.a.RequestResponseBodyMethodProcessor : Writing [com.ise.platform.common.api.ApiResponse@65bb4cb9]
2026-06-30T12:45:05.383+08:00 DEBUG 22952 --- [           main] s.w.s.m.m.a.RequestMappingHandlerMapping : Mapped to com.ise.platform.modules.notice.NoticeController#myNotices(int, int, String, String)
2026-06-30T12:45:05.383+08:00 DEBUG 22952 --- [           main] o.s.jdbc.core.JdbcTemplate               : Executing prepared SQL query
2026-06-30T12:45:05.383+08:00 DEBUG 22952 --- [           main] o.s.jdbc.core.JdbcTemplate               : Executing prepared SQL statement [select grade, status
  from stu_student
 where id = ?
   and is_deleted = 0
   and status <> 'graduated'
]
2026-06-30T12:45:05.384+08:00 DEBUG 22952 --- [           main] o.s.jdbc.core.JdbcTemplate               : Executing prepared SQL query
2026-06-30T12:45:05.384+08:00 DEBUG 22952 --- [           main] o.s.jdbc.core.JdbcTemplate               : Executing prepared SQL statement [select n.id, n.title, n.content, n.tag_labels, n.channel_labels, n.audience,
       n.delivered_count, n.read_count, n.publish_at,
       case when r.notice_id is null then 'unread' else 'read' end as read_status
  from biz_notice n
  left join biz_notice_read r
    on r.notice_id = n.id and r.user_id = ?
 where n.is_deleted = 0
   and n.status = 'published'
   and (? is null or lower(coalesce(n.tag_labels, '')) like ?)
 order by n.publish_at desc, n.id desc
]
2026-06-30T12:45:05.387+08:00 DEBUG 22952 --- [           main] m.m.a.RequestResponseBodyMethodProcessor : Using 'application/json', given [*/*] and supported [application/json, application/*+json]
2026-06-30T12:45:05.387+08:00 DEBUG 22952 --- [           main] m.m.a.RequestResponseBodyMethodProcessor : Writing [com.ise.platform.common.api.ApiResponse@4fcedf83]
]]></system-out>
  </testcase>
  <testcase name="loginShouldReturnToken" classname="com.ise.platform.modules.ApiIntegrationTest" time="0.007">
    <system-out><![CDATA[2026-06-30T12:45:05.394+08:00 DEBUG 22952 --- [           main] o.s.jdbc.core.JdbcTemplate               : Executing SQL update [update sys_user
   set password_hash = '{demo}123456'
 where username in ('20220001', '20220018', 'teacher001', 'leader001')
]
2026-06-30T12:45:05.395+08:00  INFO 22952 --- [           main] o.s.b.t.m.w.SpringBootMockServletContext : Initializing Spring TestDispatcherServlet ''
2026-06-30T12:45:05.395+08:00  INFO 22952 --- [           main] o.s.t.web.servlet.TestDispatcherServlet  : Initializing Servlet ''
2026-06-30T12:45:05.396+08:00  INFO 22952 --- [           main] o.s.t.web.servlet.TestDispatcherServlet  : Completed initialization in 1 ms
2026-06-30T12:45:05.396+08:00 DEBUG 22952 --- [           main] s.w.s.m.m.a.RequestMappingHandlerMapping : Mapped to com.ise.platform.modules.auth.AuthController#login(LoginRequest)
2026-06-30T12:45:05.396+08:00 DEBUG 22952 --- [           main] m.m.a.RequestResponseBodyMethodProcessor : Read "application/json" to [com.ise.platform.modules.auth.AuthDto$LoginRequest@2d758472]
2026-06-30T12:45:05.397+08:00 DEBUG 22952 --- [           main] o.s.jdbc.core.JdbcTemplate               : Executing prepared SQL query
2026-06-30T12:45:05.397+08:00 DEBUG 22952 --- [           main] o.s.jdbc.core.JdbcTemplate               : Executing prepared SQL statement [select u.id,
       u.username,
       u.password_hash,
       u.real_name,
       u.user_type,
       u.role_code,
       u.student_id,
       u.status,
       s.student_no,
       s.name as student_name,
       s.grade,
       s.major,
       s.class_name
  from sys_user u
  left join stu_student s
    on s.id = u.student_id and s.is_deleted = 0
 where u.is_deleted = 0
   and u.username = ?
]
2026-06-30T12:45:05.397+08:00 DEBUG 22952 --- [           main] m.m.a.RequestResponseBodyMethodProcessor : Using 'application/json', given [*/*] and supported [application/json, application/*+json]
2026-06-30T12:45:05.398+08:00 DEBUG 22952 --- [           main] m.m.a.RequestResponseBodyMethodProcessor : Writing [com.ise.platform.common.api.ApiResponse@7615666e]
]]></system-out>
  </testcase>
  <testcase name="kbArticleDetailShouldReturnPublishedArticle" classname="com.ise.platform.modules.ApiIntegrationTest" time="0.008">
    <system-out><![CDATA[2026-06-30T12:45:05.402+08:00 DEBUG 22952 --- [           main] o.s.jdbc.core.JdbcTemplate               : Executing SQL update [update sys_user
   set password_hash = '{demo}123456'
 where username in ('20220001', '20220018', 'teacher001', 'leader001')
]
2026-06-30T12:45:05.403+08:00  INFO 22952 --- [           main] o.s.b.t.m.w.SpringBootMockServletContext : Initializing Spring TestDispatcherServlet ''
2026-06-30T12:45:05.403+08:00  INFO 22952 --- [           main] o.s.t.web.servlet.TestDispatcherServlet  : Initializing Servlet ''
2026-06-30T12:45:05.403+08:00  INFO 22952 --- [           main] o.s.t.web.servlet.TestDispatcherServlet  : Completed initialization in 0 ms
2026-06-30T12:45:05.404+08:00 DEBUG 22952 --- [           main] s.w.s.m.m.a.RequestMappingHandlerMapping : Mapped to com.ise.platform.modules.auth.AuthController#login(LoginRequest)
2026-06-30T12:45:05.404+08:00 DEBUG 22952 --- [           main] m.m.a.RequestResponseBodyMethodProcessor : Read "application/json" to [com.ise.platform.modules.auth.AuthDto$LoginRequest@33e6bd36]
2026-06-30T12:45:05.404+08:00 DEBUG 22952 --- [           main] o.s.jdbc.core.JdbcTemplate               : Executing prepared SQL query
2026-06-30T12:45:05.404+08:00 DEBUG 22952 --- [           main] o.s.jdbc.core.JdbcTemplate               : Executing prepared SQL statement [select u.id,
       u.username,
       u.password_hash,
       u.real_name,
       u.user_type,
       u.role_code,
       u.student_id,
       u.status,
       s.student_no,
       s.name as student_name,
       s.grade,
       s.major,
       s.class_name
  from sys_user u
  left join stu_student s
    on s.id = u.student_id and s.is_deleted = 0
 where u.is_deleted = 0
   and u.username = ?
]
2026-06-30T12:45:05.405+08:00 DEBUG 22952 --- [           main] m.m.a.RequestResponseBodyMethodProcessor : Using 'application/json', given [*/*] and supported [application/json, application/*+json]
2026-06-30T12:45:05.405+08:00 DEBUG 22952 --- [           main] m.m.a.RequestResponseBodyMethodProcessor : Writing [com.ise.platform.common.api.ApiResponse@6e1d9b32]
2026-06-30T12:45:05.407+08:00 DEBUG 22952 --- [           main] s.w.s.m.m.a.RequestMappingHandlerMapping : Mapped to com.ise.platform.modules.kb.KbController#articleDetail(Long)
2026-06-30T12:45:05.407+08:00 DEBUG 22952 --- [           main] o.s.jdbc.core.JdbcTemplate               : Executing prepared SQL query
2026-06-30T12:45:05.407+08:00 DEBUG 22952 --- [           main] o.s.jdbc.core.JdbcTemplate               : Executing prepared SQL statement [select id, title, summary, category_label, publish_status, version_no,
       standard_answer, source_file_name, source_file_id, keywords_text, view_count
  from kb_article
 where id = ?
   and is_deleted = 0
]
2026-06-30T12:45:05.408+08:00 DEBUG 22952 --- [           main] o.s.jdbc.core.JdbcTemplate               : Executing prepared SQL update
2026-06-30T12:45:05.408+08:00 DEBUG 22952 --- [           main] o.s.jdbc.core.JdbcTemplate               : Executing prepared SQL statement [update kb_article set view_count = coalesce(view_count, 0) + 1 where id = ?]
2026-06-30T12:45:05.408+08:00 DEBUG 22952 --- [           main] m.m.a.RequestResponseBodyMethodProcessor : Using 'application/json', given [*/*] and supported [application/json, application/*+json]
2026-06-30T12:45:05.408+08:00 DEBUG 22952 --- [           main] m.m.a.RequestResponseBodyMethodProcessor : Writing [com.ise.platform.common.api.ApiResponse@2db6ba81]
]]></system-out>
  </testcase>
  <testcase name="noticeDetailShouldReturnByIdForStudent" classname="com.ise.platform.modules.ApiIntegrationTest" time="0.009">
    <system-out><![CDATA[2026-06-30T12:45:05.412+08:00 DEBUG 22952 --- [           main] o.s.jdbc.core.JdbcTemplate               : Executing SQL update [update sys_user
   set password_hash = '{demo}123456'
 where username in ('20220001', '20220018', 'teacher001', 'leader001')
]
2026-06-30T12:45:05.412+08:00  INFO 22952 --- [           main] o.s.b.t.m.w.SpringBootMockServletContext : Initializing Spring TestDispatcherServlet ''
2026-06-30T12:45:05.412+08:00  INFO 22952 --- [           main] o.s.t.web.servlet.TestDispatcherServlet  : Initializing Servlet ''
2026-06-30T12:45:05.413+08:00  INFO 22952 --- [           main] o.s.t.web.servlet.TestDispatcherServlet  : Completed initialization in 1 ms
2026-06-30T12:45:05.414+08:00 DEBUG 22952 --- [           main] s.w.s.m.m.a.RequestMappingHandlerMapping : Mapped to com.ise.platform.modules.auth.AuthController#login(LoginRequest)
2026-06-30T12:45:05.414+08:00 DEBUG 22952 --- [           main] m.m.a.RequestResponseBodyMethodProcessor : Read "application/json" to [com.ise.platform.modules.auth.AuthDto$LoginRequest@42012093]
2026-06-30T12:45:05.414+08:00 DEBUG 22952 --- [           main] o.s.jdbc.core.JdbcTemplate               : Executing prepared SQL query
2026-06-30T12:45:05.414+08:00 DEBUG 22952 --- [           main] o.s.jdbc.core.JdbcTemplate               : Executing prepared SQL statement [select u.id,
       u.username,
       u.password_hash,
       u.real_name,
       u.user_type,
       u.role_code,
       u.student_id,
       u.status,
       s.student_no,
       s.name as student_name,
       s.grade,
       s.major,
       s.class_name
  from sys_user u
  left join stu_student s
    on s.id = u.student_id and s.is_deleted = 0
 where u.is_deleted = 0
   and u.username = ?
]
2026-06-30T12:45:05.415+08:00 DEBUG 22952 --- [           main] m.m.a.RequestResponseBodyMethodProcessor : Using 'application/json', given [*/*] and supported [application/json, application/*+json]
2026-06-30T12:45:05.415+08:00 DEBUG 22952 --- [           main] m.m.a.RequestResponseBodyMethodProcessor : Writing [com.ise.platform.common.api.ApiResponse@3c538e62]
2026-06-30T12:45:05.416+08:00 DEBUG 22952 --- [           main] s.w.s.m.m.a.RequestMappingHandlerMapping : Mapped to com.ise.platform.modules.notice.NoticeController#myNoticeDetail(Long)
2026-06-30T12:45:05.417+08:00 DEBUG 22952 --- [           main] o.s.jdbc.core.JdbcTemplate               : Executing prepared SQL query
2026-06-30T12:45:05.417+08:00 DEBUG 22952 --- [           main] o.s.jdbc.core.JdbcTemplate               : Executing prepared SQL statement [select n.id, n.title, n.content, n.tag_labels, n.channel_labels, n.audience,
       n.delivered_count, n.read_count, n.publish_at,
       case when r.notice_id is null then 'unread' else 'read' end as read_status
  from biz_notice n
  left join biz_notice_read r
    on r.notice_id = n.id and r.user_id = ?
 where n.id = ?
   and n.is_deleted = 0
   and n.status = 'published'
]
2026-06-30T12:45:05.418+08:00 DEBUG 22952 --- [           main] o.s.jdbc.core.JdbcTemplate               : Executing prepared SQL query
2026-06-30T12:45:05.418+08:00 DEBUG 22952 --- [           main] o.s.jdbc.core.JdbcTemplate               : Executing prepared SQL statement [select grade, status
  from stu_student
 where id = ?
   and is_deleted = 0
   and status <> 'graduated'
]
2026-06-30T12:45:05.419+08:00 DEBUG 22952 --- [           main] m.m.a.RequestResponseBodyMethodProcessor : Using 'application/json', given [*/*] and supported [application/json, application/*+json]
2026-06-30T12:45:05.419+08:00 DEBUG 22952 --- [           main] m.m.a.RequestResponseBodyMethodProcessor : Writing [com.ise.platform.common.api.ApiResponse@1d432d56]
]]></system-out>
  </testcase>
  <testcase name="studentProfileShouldReturnMeData" classname="com.ise.platform.modules.ApiIntegrationTest" time="0.027">
    <system-out><![CDATA[2026-06-30T12:45:05.423+08:00 DEBUG 22952 --- [           main] o.s.jdbc.core.JdbcTemplate               : Executing SQL update [update sys_user
   set password_hash = '{demo}123456'
 where username in ('20220001', '20220018', 'teacher001', 'leader001')
]
2026-06-30T12:45:05.423+08:00  INFO 22952 --- [           main] o.s.b.t.m.w.SpringBootMockServletContext : Initializing Spring TestDispatcherServlet ''
2026-06-30T12:45:05.423+08:00  INFO 22952 --- [           main] o.s.t.web.servlet.TestDispatcherServlet  : Initializing Servlet ''
2026-06-30T12:45:05.424+08:00  INFO 22952 --- [           main] o.s.t.web.servlet.TestDispatcherServlet  : Completed initialization in 1 ms
2026-06-30T12:45:05.425+08:00 DEBUG 22952 --- [           main] s.w.s.m.m.a.RequestMappingHandlerMapping : Mapped to com.ise.platform.modules.auth.AuthController#login(LoginRequest)
2026-06-30T12:45:05.425+08:00 DEBUG 22952 --- [           main] m.m.a.RequestResponseBodyMethodProcessor : Read "application/json" to [com.ise.platform.modules.auth.AuthDto$LoginRequest@bd703bb]
2026-06-30T12:45:05.426+08:00 DEBUG 22952 --- [           main] o.s.jdbc.core.JdbcTemplate               : Executing prepared SQL query
2026-06-30T12:45:05.426+08:00 DEBUG 22952 --- [           main] o.s.jdbc.core.JdbcTemplate               : Executing prepared SQL statement [select u.id,
       u.username,
       u.password_hash,
       u.real_name,
       u.user_type,
       u.role_code,
       u.student_id,
       u.status,
       s.student_no,
       s.name as student_name,
       s.grade,
       s.major,
       s.class_name
  from sys_user u
  left join stu_student s
    on s.id = u.student_id and s.is_deleted = 0
 where u.is_deleted = 0
   and u.username = ?
]
2026-06-30T12:45:05.427+08:00 DEBUG 22952 --- [           main] m.m.a.RequestResponseBodyMethodProcessor : Using 'application/json', given [*/*] and supported [application/json, application/*+json]
2026-06-30T12:45:05.427+08:00 DEBUG 22952 --- [           main] m.m.a.RequestResponseBodyMethodProcessor : Writing [com.ise.platform.common.api.ApiResponse@5e66733b]
2026-06-30T12:45:05.428+08:00 DEBUG 22952 --- [           main] s.w.s.m.m.a.RequestMappingHandlerMapping : Mapped to com.ise.platform.modules.student.StudentController#meProfile()
2026-06-30T12:45:05.428+08:00 DEBUG 22952 --- [           main] m.m.a.RequestResponseBodyMethodProcessor : Using 'application/json', given [*/*] and supported [application/json, application/*+json]
2026-06-30T12:45:05.428+08:00 DEBUG 22952 --- [           main] m.m.a.RequestResponseBodyMethodProcessor : Writing [com.ise.platform.common.api.ApiResponse@3694461d]
]]></system-out>
  </testcase>
  <testcase name="dictsShouldSupportTypesFilter" classname="com.ise.platform.modules.ApiIntegrationTest" time="0.008">
    <system-out><![CDATA[2026-06-30T12:45:05.450+08:00 DEBUG 22952 --- [           main] o.s.jdbc.core.JdbcTemplate               : Executing SQL update [update sys_user
   set password_hash = '{demo}123456'
 where username in ('20220001', '20220018', 'teacher001', 'leader001')
]
2026-06-30T12:45:05.450+08:00  INFO 22952 --- [           main] o.s.b.t.m.w.SpringBootMockServletContext : Initializing Spring TestDispatcherServlet ''
2026-06-30T12:45:05.450+08:00  INFO 22952 --- [           main] o.s.t.web.servlet.TestDispatcherServlet  : Initializing Servlet ''
2026-06-30T12:45:05.451+08:00  INFO 22952 --- [           main] o.s.t.web.servlet.TestDispatcherServlet  : Completed initialization in 1 ms
2026-06-30T12:45:05.451+08:00 DEBUG 22952 --- [           main] s.w.s.m.m.a.RequestMappingHandlerMapping : Mapped to com.ise.platform.modules.auth.AuthController#login(LoginRequest)
2026-06-30T12:45:05.452+08:00 DEBUG 22952 --- [           main] m.m.a.RequestResponseBodyMethodProcessor : Read "application/json" to [com.ise.platform.modules.auth.AuthDto$LoginRequest@34d3bfca]
2026-06-30T12:45:05.452+08:00 DEBUG 22952 --- [           main] o.s.jdbc.core.JdbcTemplate               : Executing prepared SQL query
2026-06-30T12:45:05.452+08:00 DEBUG 22952 --- [           main] o.s.jdbc.core.JdbcTemplate               : Executing prepared SQL statement [select u.id,
       u.username,
       u.password_hash,
       u.real_name,
       u.user_type,
       u.role_code,
       u.student_id,
       u.status,
       s.student_no,
       s.name as student_name,
       s.grade,
       s.major,
       s.class_name
  from sys_user u
  left join stu_student s
    on s.id = u.student_id and s.is_deleted = 0
 where u.is_deleted = 0
   and u.username = ?
]
2026-06-30T12:45:05.452+08:00 DEBUG 22952 --- [           main] m.m.a.RequestResponseBodyMethodProcessor : Using 'application/json', given [*/*] and supported [application/json, application/*+json]
2026-06-30T12:45:05.452+08:00 DEBUG 22952 --- [           main] m.m.a.RequestResponseBodyMethodProcessor : Writing [com.ise.platform.common.api.ApiResponse@6655f3cd]
2026-06-30T12:45:05.453+08:00 DEBUG 22952 --- [           main] s.w.s.m.m.a.RequestMappingHandlerMapping : Mapped to com.ise.platform.modules.dict.DictController#dicts(String)
2026-06-30T12:45:05.454+08:00 DEBUG 22952 --- [           main] m.m.a.RequestResponseBodyMethodProcessor : Using 'application/json', given [*/*] and supported [application/json, application/*+json]
2026-06-30T12:45:05.454+08:00 DEBUG 22952 --- [           main] m.m.a.RequestResponseBodyMethodProcessor : Writing [com.ise.platform.common.api.ApiResponse@30d5fc1b]
]]></system-out>
  </testcase>
  <testcase name="demoTemplateFileShouldRejectAnonymousDownload" classname="com.ise.platform.modules.ApiIntegrationTest" time="0.011">
    <system-out><![CDATA[2026-06-30T12:45:05.459+08:00 DEBUG 22952 --- [           main] o.s.jdbc.core.JdbcTemplate               : Executing SQL update [update sys_user
   set password_hash = '{demo}123456'
 where username in ('20220001', '20220018', 'teacher001', 'leader001')
]
2026-06-30T12:45:05.460+08:00  INFO 22952 --- [           main] o.s.b.t.m.w.SpringBootMockServletContext : Initializing Spring TestDispatcherServlet ''
2026-06-30T12:45:05.460+08:00  INFO 22952 --- [           main] o.s.t.web.servlet.TestDispatcherServlet  : Initializing Servlet ''
2026-06-30T12:45:05.461+08:00  INFO 22952 --- [           main] o.s.t.web.servlet.TestDispatcherServlet  : Completed initialization in 1 ms
]]></system-out>
  </testcase>
  <testcase name="changePasswordShouldPersistForNextLogin" classname="com.ise.platform.modules.ApiIntegrationTest" time="0.015">
    <system-out><![CDATA[2026-06-30T12:45:05.471+08:00 DEBUG 22952 --- [           main] o.s.jdbc.core.JdbcTemplate               : Executing SQL update [update sys_user
   set password_hash = '{demo}123456'
 where username in ('20220001', '20220018', 'teacher001', 'leader001')
]
2026-06-30T12:45:05.471+08:00  INFO 22952 --- [           main] o.s.b.t.m.w.SpringBootMockServletContext : Initializing Spring TestDispatcherServlet ''
2026-06-30T12:45:05.471+08:00  INFO 22952 --- [           main] o.s.t.web.servlet.TestDispatcherServlet  : Initializing Servlet ''
2026-06-30T12:45:05.472+08:00  INFO 22952 --- [           main] o.s.t.web.servlet.TestDispatcherServlet  : Completed initialization in 1 ms
2026-06-30T12:45:05.473+08:00 DEBUG 22952 --- [           main] s.w.s.m.m.a.RequestMappingHandlerMapping : Mapped to com.ise.platform.modules.auth.AuthController#login(LoginRequest)
2026-06-30T12:45:05.473+08:00 DEBUG 22952 --- [           main] m.m.a.RequestResponseBodyMethodProcessor : Read "application/json" to [com.ise.platform.modules.auth.AuthDto$LoginRequest@2213854b]
2026-06-30T12:45:05.474+08:00 DEBUG 22952 --- [           main] o.s.jdbc.core.JdbcTemplate               : Executing prepared SQL query
2026-06-30T12:45:05.474+08:00 DEBUG 22952 --- [           main] o.s.jdbc.core.JdbcTemplate               : Executing prepared SQL statement [select u.id,
       u.username,
       u.password_hash,
       u.real_name,
       u.user_type,
       u.role_code,
       u.student_id,
       u.status,
       s.student_no,
       s.name as student_name,
       s.grade,
       s.major,
       s.class_name
  from sys_user u
  left join stu_student s
    on s.id = u.student_id and s.is_deleted = 0
 where u.is_deleted = 0
   and u.username = ?
]
2026-06-30T12:45:05.474+08:00 DEBUG 22952 --- [           main] m.m.a.RequestResponseBodyMethodProcessor : Using 'application/json', given [*/*] and supported [application/json, application/*+json]
2026-06-30T12:45:05.474+08:00 DEBUG 22952 --- [           main] m.m.a.RequestResponseBodyMethodProcessor : Writing [com.ise.platform.common.api.ApiResponse@7b1d2f65]
2026-06-30T12:45:05.475+08:00 DEBUG 22952 --- [           main] s.w.s.m.m.a.RequestMappingHandlerMapping : Mapped to com.ise.platform.modules.auth.AuthController#changePassword(ChangePasswordRequest)
2026-06-30T12:45:05.476+08:00 DEBUG 22952 --- [           main] m.m.a.RequestResponseBodyMethodProcessor : Read "application/json" to [com.ise.platform.modules.auth.AuthDto$ChangePasswordRequest@7c857e8f]
2026-06-30T12:45:05.479+08:00 DEBUG 22952 --- [           main] o.s.jdbc.core.JdbcTemplate               : Executing prepared SQL query
2026-06-30T12:45:05.479+08:00 DEBUG 22952 --- [           main] o.s.jdbc.core.JdbcTemplate               : Executing prepared SQL statement [select u.id,
       u.username,
       u.password_hash,
       u.real_name,
       u.user_type,
       u.role_code,
       u.student_id,
       u.status,
       s.student_no,
       s.name as student_name,
       s.grade,
       s.major,
       s.class_name
  from sys_user u
  left join stu_student s
    on s.id = u.student_id and s.is_deleted = 0
 where u.is_deleted = 0
   and u.username = ?
]
2026-06-30T12:45:05.479+08:00 DEBUG 22952 --- [           main] o.s.jdbc.core.JdbcTemplate               : Executing prepared SQL update
2026-06-30T12:45:05.480+08:00 DEBUG 22952 --- [           main] o.s.jdbc.core.JdbcTemplate               : Executing prepared SQL statement [update sys_user set password_hash = ?, updated_at = current_timestamp where id = ? and is_deleted = 0]
2026-06-30T12:45:05.480+08:00 DEBUG 22952 --- [           main] m.m.a.RequestResponseBodyMethodProcessor : Using 'application/json', given [*/*] and supported [application/json, application/*+json]
2026-06-30T12:45:05.480+08:00 DEBUG 22952 --- [           main] m.m.a.RequestResponseBodyMethodProcessor : Writing [com.ise.platform.common.api.ApiResponse@764a3867]
2026-06-30T12:45:05.481+08:00 DEBUG 22952 --- [           main] s.w.s.m.m.a.RequestMappingHandlerMapping : Mapped to com.ise.platform.modules.auth.AuthController#login(LoginRequest)
2026-06-30T12:45:05.481+08:00 DEBUG 22952 --- [           main] m.m.a.RequestResponseBodyMethodProcessor : Read "application/json" to [com.ise.platform.modules.auth.AuthDto$LoginRequest@d99df7a]
2026-06-30T12:45:05.482+08:00 DEBUG 22952 --- [           main] o.s.jdbc.core.JdbcTemplate               : Executing prepared SQL query
2026-06-30T12:45:05.482+08:00 DEBUG 22952 --- [           main] o.s.jdbc.core.JdbcTemplate               : Executing prepared SQL statement [select u.id,
       u.username,
       u.password_hash,
       u.real_name,
       u.user_type,
       u.role_code,
       u.student_id,
       u.status,
       s.student_no,
       s.name as student_name,
       s.grade,
       s.major,
       s.class_name
  from sys_user u
  left join stu_student s
    on s.id = u.student_id and s.is_deleted = 0
 where u.is_deleted = 0
   and u.username = ?
]
2026-06-30T12:45:05.482+08:00 DEBUG 22952 --- [           main] .m.m.a.ExceptionHandlerExceptionResolver : Using @ExceptionHandler com.ise.platform.common.web.GlobalExceptionHandler#handleBusiness(BusinessException)
2026-06-30T12:45:05.483+08:00 DEBUG 22952 --- [           main] m.m.a.RequestResponseBodyMethodProcessor : Using 'application/json', given [*/*] and supported [application/json, application/*+json]
2026-06-30T12:45:05.483+08:00 DEBUG 22952 --- [           main] m.m.a.RequestResponseBodyMethodProcessor : Writing [com.ise.platform.common.api.ApiResponse@67e1a5fd]
2026-06-30T12:45:05.483+08:00 DEBUG 22952 --- [           main] .m.m.a.ExceptionHandlerExceptionResolver : Resolved [com.ise.platform.common.error.BusinessException: invalid username or password]
2026-06-30T12:45:05.483+08:00 DEBUG 22952 --- [           main] s.w.s.m.m.a.RequestMappingHandlerMapping : Mapped to com.ise.platform.modules.auth.AuthController#login(LoginRequest)
2026-06-30T12:45:05.484+08:00 DEBUG 22952 --- [           main] m.m.a.RequestResponseBodyMethodProcessor : Read "application/json" to [com.ise.platform.modules.auth.AuthDto$LoginRequest@4b9dc62f]
2026-06-30T12:45:05.484+08:00 DEBUG 22952 --- [           main] o.s.jdbc.core.JdbcTemplate               : Executing prepared SQL query
2026-06-30T12:45:05.484+08:00 DEBUG 22952 --- [           main] o.s.jdbc.core.JdbcTemplate               : Executing prepared SQL statement [select u.id,
       u.username,
       u.password_hash,
       u.real_name,
       u.user_type,
       u.role_code,
       u.student_id,
       u.status,
       s.student_no,
       s.name as student_name,
       s.grade,
       s.major,
       s.class_name
  from sys_user u
  left join stu_student s
    on s.id = u.student_id and s.is_deleted = 0
 where u.is_deleted = 0
   and u.username = ?
]
2026-06-30T12:45:05.484+08:00 DEBUG 22952 --- [           main] m.m.a.RequestResponseBodyMethodProcessor : Using 'application/json', given [*/*] and supported [application/json, application/*+json]
2026-06-30T12:45:05.484+08:00 DEBUG 22952 --- [           main] m.m.a.RequestResponseBodyMethodProcessor : Writing [com.ise.platform.common.api.ApiResponse@6cb3463b]
]]></system-out>
  </testcase>
  <testcase name="meWithoutTokenShouldReturn401BusinessCode" classname="com.ise.platform.modules.ApiIntegrationTest" time="0.003">
    <system-out><![CDATA[2026-06-30T12:45:05.487+08:00 DEBUG 22952 --- [           main] o.s.jdbc.core.JdbcTemplate               : Executing SQL update [update sys_user
   set password_hash = '{demo}123456'
 where username in ('20220001', '20220018', 'teacher001', 'leader001')
]
2026-06-30T12:45:05.487+08:00  INFO 22952 --- [           main] o.s.b.t.m.w.SpringBootMockServletContext : Initializing Spring TestDispatcherServlet ''
2026-06-30T12:45:05.487+08:00  INFO 22952 --- [           main] o.s.t.web.servlet.TestDispatcherServlet  : Initializing Servlet ''
2026-06-30T12:45:05.488+08:00  INFO 22952 --- [           main] o.s.t.web.servlet.TestDispatcherServlet  : Completed initialization in 1 ms
]]></system-out>
  </testcase>
  <testcase name="applicationApproveFlowShouldWork" classname="com.ise.platform.modules.ApiIntegrationTest" time="0.025">
    <system-out><![CDATA[2026-06-30T12:45:05.492+08:00 DEBUG 22952 --- [           main] o.s.jdbc.core.JdbcTemplate               : Executing SQL update [update sys_user
   set password_hash = '{demo}123456'
 where username in ('20220001', '20220018', 'teacher001', 'leader001')
]
2026-06-30T12:45:05.492+08:00  INFO 22952 --- [           main] o.s.b.t.m.w.SpringBootMockServletContext : Initializing Spring TestDispatcherServlet ''
2026-06-30T12:45:05.492+08:00  INFO 22952 --- [           main] o.s.t.web.servlet.TestDispatcherServlet  : Initializing Servlet ''
2026-06-30T12:45:05.493+08:00  INFO 22952 --- [           main] o.s.t.web.servlet.TestDispatcherServlet  : Completed initialization in 1 ms
2026-06-30T12:45:05.494+08:00 DEBUG 22952 --- [           main] s.w.s.m.m.a.RequestMappingHandlerMapping : Mapped to com.ise.platform.modules.auth.AuthController#login(LoginRequest)
2026-06-30T12:45:05.495+08:00 DEBUG 22952 --- [           main] m.m.a.RequestResponseBodyMethodProcessor : Read "application/json" to [com.ise.platform.modules.auth.AuthDto$LoginRequest@603faaad]
2026-06-30T12:45:05.495+08:00 DEBUG 22952 --- [           main] o.s.jdbc.core.JdbcTemplate               : Executing prepared SQL query
2026-06-30T12:45:05.495+08:00 DEBUG 22952 --- [           main] o.s.jdbc.core.JdbcTemplate               : Executing prepared SQL statement [select u.id,
       u.username,
       u.password_hash,
       u.real_name,
       u.user_type,
       u.role_code,
       u.student_id,
       u.status,
       s.student_no,
       s.name as student_name,
       s.grade,
       s.major,
       s.class_name
  from sys_user u
  left join stu_student s
    on s.id = u.student_id and s.is_deleted = 0
 where u.is_deleted = 0
   and u.username = ?
]
2026-06-30T12:45:05.495+08:00 DEBUG 22952 --- [           main] m.m.a.RequestResponseBodyMethodProcessor : Using 'application/json', given [*/*] and supported [application/json, application/*+json]
2026-06-30T12:45:05.495+08:00 DEBUG 22952 --- [           main] m.m.a.RequestResponseBodyMethodProcessor : Writing [com.ise.platform.common.api.ApiResponse@16cbba0f]
2026-06-30T12:45:05.496+08:00 DEBUG 22952 --- [           main] s.w.s.m.m.a.RequestMappingHandlerMapping : Mapped to com.ise.platform.modules.application.ApplicationController#create(CreateRequest)
2026-06-30T12:45:05.497+08:00 DEBUG 22952 --- [           main] m.m.a.RequestResponseBodyMethodProcessor : Read "application/json" to [com.ise.platform.modules.application.ApplicationDto$CreateRequest@28d16af8]
2026-06-30T12:45:05.497+08:00 DEBUG 22952 --- [           main] o.s.jdbc.core.JdbcTemplate               : Executing SQL query [select coalesce(max(id), 0) + 1 from biz_application]
2026-06-30T12:45:05.497+08:00 DEBUG 22952 --- [           main] o.s.jdbc.core.JdbcTemplate               : Executing prepared SQL update
2026-06-30T12:45:05.497+08:00 DEBUG 22952 --- [           main] o.s.jdbc.core.JdbcTemplate               : Executing prepared SQL statement [insert into biz_application (
    id, application_no, application_type, template_id, applicant_user_id, student_id,
    title, purpose, form_data_json, status, current_approver_id, submitted_at,
    created_at, updated_at, is_deleted
) values (?, ?, ?, ?, ?, ?, ?, ?, ?, 'submitted', ?, ?, ?, ?, 0)
]
2026-06-30T12:45:05.498+08:00 DEBUG 22952 --- [           main] o.s.jdbc.core.JdbcTemplate               : Executing SQL query [select coalesce(max(id), 0) + 1 from biz_approval_record]
2026-06-30T12:45:05.498+08:00 DEBUG 22952 --- [           main] o.s.jdbc.core.JdbcTemplate               : Executing prepared SQL update
2026-06-30T12:45:05.498+08:00 DEBUG 22952 --- [           main] o.s.jdbc.core.JdbcTemplate               : Executing prepared SQL statement [insert into biz_approval_record (
    id, application_id, approver_user_id, action_type, action_comment,
    before_status, after_status, action_time
) values (?, ?, ?, ?, ?, ?, ?, ?)
]
2026-06-30T12:45:05.498+08:00 DEBUG 22952 --- [           main] m.m.a.RequestResponseBodyMethodProcessor : Using 'application/json', given [*/*] and supported [application/json, application/*+json]
[...]
2026-06-30T12:45:06.379+08:00 DEBUG 22952 --- [           main] .m.m.a.ExceptionHandlerExceptionResolver : Using @ExceptionHandler com.ise.platform.common.web.GlobalExceptionHandler#handleBusiness(BusinessException)
2026-06-30T12:45:06.379+08:00 DEBUG 22952 --- [           main] m.m.a.RequestResponseBodyMethodProcessor : Using 'application/json', given [*/*] and supported [application/json, application/*+json]
2026-06-30T12:45:06.380+08:00 DEBUG 22952 --- [           main] m.m.a.RequestResponseBodyMethodProcessor : Writing [com.ise.platform.common.api.ApiResponse@663e1144]
2026-06-30T12:45:06.380+08:00 DEBUG 22952 --- [           main] .m.m.a.ExceptionHandlerExceptionResolver : Resolved [com.ise.platform.common.error.BusinessException: cannot access other student's growth records]
]]></system-out>
  </testcase>
  <testcase name="studentCannotRequestSensitiveDetail" classname="com.ise.platform.modules.ApiIntegrationTest" time="0.005">
    <system-out><![CDATA[2026-06-30T12:45:06.382+08:00 DEBUG 22952 --- [           main] o.s.jdbc.core.JdbcTemplate               : Executing SQL update [update sys_user
   set password_hash = '{demo}123456'
 where username in ('20220001', '20220018', 'teacher001', 'leader001')
]
2026-06-30T12:45:06.383+08:00  INFO 22952 --- [           main] o.s.b.t.m.w.SpringBootMockServletContext : Initializing Spring TestDispatcherServlet ''
2026-06-30T12:45:06.383+08:00  INFO 22952 --- [           main] o.s.t.web.servlet.TestDispatcherServlet  : Initializing Servlet ''
2026-06-30T12:45:06.383+08:00  INFO 22952 --- [           main] o.s.t.web.servlet.TestDispatcherServlet  : Completed initialization in 0 ms
2026-06-30T12:45:06.384+08:00 DEBUG 22952 --- [           main] s.w.s.m.m.a.RequestMappingHandlerMapping : Mapped to com.ise.platform.modules.auth.AuthController#login(LoginRequest)
2026-06-30T12:45:06.384+08:00 DEBUG 22952 --- [           main] m.m.a.RequestResponseBodyMethodProcessor : Read "application/json" to [com.ise.platform.modules.auth.AuthDto$LoginRequest@24bba1b7]
2026-06-30T12:45:06.384+08:00 DEBUG 22952 --- [           main] o.s.jdbc.core.JdbcTemplate               : Executing prepared SQL query
2026-06-30T12:45:06.384+08:00 DEBUG 22952 --- [           main] o.s.jdbc.core.JdbcTemplate               : Executing prepared SQL statement [select u.id,
       u.username,
       u.password_hash,
       u.real_name,
       u.user_type,
       u.role_code,
       u.student_id,
       u.status,
       s.student_no,
       s.name as student_name,
       s.grade,
       s.major,
       s.class_name
  from sys_user u
  left join stu_student s
    on s.id = u.student_id and s.is_deleted = 0
 where u.is_deleted = 0
   and u.username = ?
]
2026-06-30T12:45:06.385+08:00 DEBUG 22952 --- [           main] m.m.a.RequestResponseBodyMethodProcessor : Using 'application/json', given [*/*] and supported [application/json, application/*+json]
2026-06-30T12:45:06.385+08:00 DEBUG 22952 --- [           main] m.m.a.RequestResponseBodyMethodProcessor : Writing [com.ise.platform.common.api.ApiResponse@2041c9a3]
2026-06-30T12:45:06.386+08:00 DEBUG 22952 --- [           main] s.w.s.m.m.a.RequestMappingHandlerMapping : Mapped to com.ise.platform.modules.student.StudentController#studentDetail(Long, boolean)
2026-06-30T12:45:06.386+08:00 DEBUG 22952 --- [           main] .m.m.a.ExceptionHandlerExceptionResolver : Using @ExceptionHandler com.ise.platform.common.web.GlobalExceptionHandler#handleBusiness(BusinessException)
2026-06-30T12:45:06.386+08:00 DEBUG 22952 --- [           main] m.m.a.RequestResponseBodyMethodProcessor : Using 'application/json', given [*/*] and supported [application/json, application/*+json]
2026-06-30T12:45:06.386+08:00 DEBUG 22952 --- [           main] m.m.a.RequestResponseBodyMethodProcessor : Writing [com.ise.platform.common.api.ApiResponse@36e358de]
2026-06-30T12:45:06.386+08:00 DEBUG 22952 --- [           main] .m.m.a.ExceptionHandlerExceptionResolver : Resolved [com.ise.platform.common.error.BusinessException: only teacher admin can view sensitive fields]
]]></system-out>
  </testcase>
  <testcase name="teacherApplicationListAndDetailShouldExposeAttachment" classname="com.ise.platform.modules.ApiIntegrationTest" time="0.02">
    <system-out><![CDATA[2026-06-30T12:45:06.389+08:00 DEBUG 22952 --- [           main] o.s.jdbc.core.JdbcTemplate               : Executing SQL update [update sys_user
   set password_hash = '{demo}123456'
 where username in ('20220001', '20220018', 'teacher001', 'leader001')
]
2026-06-30T12:45:06.389+08:00  INFO 22952 --- [           main] o.s.b.t.m.w.SpringBootMockServletContext : Initializing Spring TestDispatcherServlet ''
2026-06-30T12:45:06.389+08:00  INFO 22952 --- [           main] o.s.t.web.servlet.TestDispatcherServlet  : Initializing Servlet ''
2026-06-30T12:45:06.390+08:00  INFO 22952 --- [           main] o.s.t.web.servlet.TestDispatcherServlet  : Completed initialization in 1 ms
2026-06-30T12:45:06.390+08:00 DEBUG 22952 --- [           main] s.w.s.m.m.a.RequestMappingHandlerMapping : Mapped to com.ise.platform.modules.auth.AuthController#login(LoginRequest)
2026-06-30T12:45:06.390+08:00 DEBUG 22952 --- [           main] m.m.a.RequestResponseBodyMethodProcessor : Read "application/json" to [com.ise.platform.modules.auth.AuthDto$LoginRequest@52a2e2fb]
2026-06-30T12:45:06.390+08:00 DEBUG 22952 --- [           main] o.s.jdbc.core.JdbcTemplate               : Executing prepared SQL query
2026-06-30T12:45:06.390+08:00 DEBUG 22952 --- [           main] o.s.jdbc.core.JdbcTemplate               : Executing prepared SQL statement [select u.id,
       u.username,
       u.password_hash,
       u.real_name,
       u.user_type,
       u.role_code,
       u.student_id,
       u.status,
       s.student_no,
       s.name as student_name,
       s.grade,
       s.major,
       s.class_name
  from sys_user u
  left join stu_student s
    on s.id = u.student_id and s.is_deleted = 0
 where u.is_deleted = 0
   and u.username = ?
]
2026-06-30T12:45:06.391+08:00 DEBUG 22952 --- [           main] m.m.a.RequestResponseBodyMethodProcessor : Using 'application/json', given [*/*] and supported [application/json, application/*+json]
2026-06-30T12:45:06.391+08:00 DEBUG 22952 --- [           main] m.m.a.RequestResponseBodyMethodProcessor : Writing [com.ise.platform.common.api.ApiResponse@7c0035dd]
2026-06-30T12:45:06.392+08:00 DEBUG 22952 --- [           main] s.w.s.m.m.a.RequestMappingHandlerMapping : Mapped to com.ise.platform.modules.file.FileController#upload(MultipartFile, String)
2026-06-30T12:45:06.392+08:00 DEBUG 22952 --- [           main] m.m.a.RequestResponseBodyMethodProcessor : Using 'application/json', given [*/*] and supported [application/json, application/*+json]
2026-06-30T12:45:06.392+08:00 DEBUG 22952 --- [           main] m.m.a.RequestResponseBodyMethodProcessor : Writing [com.ise.platform.common.api.ApiResponse@5089a72b]
2026-06-30T12:45:06.392+08:00 DEBUG 22952 --- [           main] s.w.s.m.m.a.RequestMappingHandlerMapping : Mapped to com.ise.platform.modules.application.ApplicationController#create(CreateRequest)
2026-06-30T12:45:06.393+08:00 DEBUG 22952 --- [           main] m.m.a.RequestResponseBodyMethodProcessor : Read "application/json" to [com.ise.platform.modules.application.ApplicationDto$CreateRequest@1164990a]
2026-06-30T12:45:06.393+08:00 DEBUG 22952 --- [           main] o.s.jdbc.core.JdbcTemplate               : Executing SQL query [select coalesce(max(id), 0) + 1 from biz_application]
2026-06-30T12:45:06.394+08:00 DEBUG 22952 --- [           main] o.s.jdbc.core.JdbcTemplate               : Executing prepared SQL update
2026-06-30T12:45:06.394+08:00 DEBUG 22952 --- [           main] o.s.jdbc.core.JdbcTemplate               : Executing prepared SQL statement [insert into biz_application (
    id, application_no, application_type, template_id, applicant_user_id, student_id,
    title, purpose, form_data_json, status, current_approver_id, submitted_at,
    created_at, updated_at, is_deleted
) values (?, ?, ?, ?, ?, ?, ?, ?, ?, 'submitted', ?, ?, ?, ?, 0)
]
2026-06-30T12:45:06.395+08:00 DEBUG 22952 --- [           main] o.s.jdbc.core.JdbcTemplate               : Executing SQL query [select coalesce(max(id), 0) + 1 from biz_approval_record]
2026-06-30T12:45:06.395+08:00 DEBUG 22952 --- [           main] o.s.jdbc.core.JdbcTemplate               : Executing prepared SQL update
2026-06-30T12:45:06.395+08:00 DEBUG 22952 --- [           main] o.s.jdbc.core.JdbcTemplate               : Executing prepared SQL statement [insert into biz_approval_record (
    id, application_id, approver_user_id, action_type, action_comment,
    before_status, after_status, action_time
) values (?, ?, ?, ?, ?, ?, ?, ?)
]
2026-06-30T12:45:06.396+08:00 DEBUG 22952 --- [           main] m.m.a.RequestResponseBodyMethodProcessor : Using 'application/json', given [*/*] and supported [application/json, application/*+json]
2026-06-30T12:45:06.396+08:00 DEBUG 22952 --- [           main] m.m.a.RequestResponseBodyMethodProcessor : Writing [com.ise.platform.common.api.ApiResponse@17344d7]
2026-06-30T12:45:06.396+08:00 DEBUG 22952 --- [           main] s.w.s.m.m.a.RequestMappingHandlerMapping : Mapped to com.ise.platform.modules.auth.AuthController#login(LoginRequest)
2026-06-30T12:45:06.397+08:00 DEBUG 22952 --- [           main] m.m.a.RequestResponseBodyMethodProcessor : Read "application/json" to [com.ise.platform.modules.auth.AuthDto$LoginRequest@75b4db22]
2026-06-30T12:45:06.397+08:00 DEBUG 22952 --- [           main] o.s.jdbc.core.JdbcTemplate               : Executing prepared SQL query
2026-06-30T12:45:06.397+08:00 DEBUG 22952 --- [           main] o.s.jdbc.core.JdbcTemplate               : Executing prepared SQL statement [select u.id,
       u.username,
       u.password_hash,
       u.real_name,
       u.user_type,
       u.role_code,
       u.student_id,
       u.status,
       s.student_no,
       s.name as student_name,
       s.grade,
       s.major,
       s.class_name
  from sys_user u
  left join stu_student s
    on s.id = u.student_id and s.is_deleted = 0
 where u.is_deleted = 0
   and u.username = ?
]
2026-06-30T12:45:06.397+08:00 DEBUG 22952 --- [           main] m.m.a.RequestResponseBodyMethodProcessor : Using 'application/json', given [*/*] and supported [application/json, application/*+json]
2026-06-30T12:45:06.397+08:00 DEBUG 22952 --- [           main] m.m.a.RequestResponseBodyMethodProcessor : Writing [com.ise.platform.common.api.ApiResponse@670aac24]
2026-06-30T12:45:06.397+08:00 DEBUG 22952 --- [           main] s.w.s.m.m.a.RequestMappingHandlerMapping : Mapped to com.ise.platform.modules.application.ApplicationController#pendingApprovals(int, int, String, String, Long)
2026-06-30T12:45:06.398+08:00 DEBUG 22952 --- [           main] o.s.jdbc.core.JdbcTemplate               : Executing prepared SQL query
2026-06-30T12:45:06.398+08:00 DEBUG 22952 --- [           main] o.s.jdbc.core.JdbcTemplate               : Executing prepared SQL statement [select count(*)
  from biz_application a
  left join stu_student s on s.id = a.student_id
 where a.is_deleted = 0
   and (? is null or lower(a.application_type) = ?)
   and (? is null or a.template_id = ?)
   and ((? is not null and lower(a.status) = ?)
        or (? is null and a.status in ('submitted', 'reviewing')))
   and s.class_name in (?)
]
2026-06-30T12:45:06.399+08:00 DEBUG 22952 --- [           main] o.s.jdbc.core.JdbcTemplate               : Executing prepared SQL query
2026-06-30T12:45:06.399+08:00 DEBUG 22952 --- [           main] o.s.jdbc.core.JdbcTemplate               : Executing prepared SQL statement [select a.id, a.application_no, a.application_type, a.title, a.purpose, a.status,
       coalesce(u.real_name, '-') as current_approver, a.submitted_at, a.form_data_json
  from biz_application a
  left join sys_user u on u.id = a.current_approver_id
  left join stu_student s on s.id = a.student_id
 where a.is_deleted = 0
   and (? is null or lower(a.application_type) = ?)
   and (? is null or a.template_id = ?)
   and ((? is not null and lower(a.status) = ?)
        or (? is null and a.status in ('submitted', 'reviewing')))
   and s.class_name in (?)
 order by a.submitted_at desc, a.id desc
 limit ? offset ?
]
2026-06-30T12:45:06.401+08:00 DEBUG 22952 --- [           main] m.m.a.RequestResponseBodyMethodProcessor : Using 'application/json', given [*/*] and supported [application/json, application/*+json]
2026-06-30T12:45:06.401+08:00 DEBUG 22952 --- [           main] m.m.a.RequestResponseBodyMethodProcessor : Writing [com.ise.platform.common.api.ApiResponse@14980819]
2026-06-30T12:45:06.403+08:00 DEBUG 22952 --- [           main] s.w.s.m.m.a.RequestMappingHandlerMapping : Mapped to com.ise.platform.modules.application.ApplicationController#detail(Long)
2026-06-30T12:45:06.403+08:00 DEBUG 22952 --- [           main] o.s.jdbc.core.JdbcTemplate               : Executing prepared SQL query
2026-06-30T12:45:06.403+08:00 DEBUG 22952 --- [           main] o.s.jdbc.core.JdbcTemplate               : Executing prepared SQL statement [select a.id, a.application_no, a.application_type, a.template_id, a.applicant_user_id,
       a.student_id, a.title, a.purpose, a.form_data_json, a.status,
       coalesce(u.real_name, '-') as current_approver, a.submitted_at
  from biz_application a
  left join sys_user u on u.id = a.current_approver_id
 where a.id = ? and a.is_deleted = 0
]
2026-06-30T12:45:06.404+08:00 DEBUG 22952 --- [           main] o.s.jdbc.core.JdbcTemplate               : Executing prepared SQL query
2026-06-30T12:45:06.404+08:00 DEBUG 22952 --- [           main] o.s.jdbc.core.JdbcTemplate               : Executing prepared SQL statement [select r.action_type, r.action_comment, r.action_time, u.real_name
  from biz_approval_record r
  left join sys_user u on u.id = r.approver_user_id
 where r.application_id = ?
 order by r.action_time asc, r.id asc
]
2026-06-30T12:45:06.404+08:00 DEBUG 22952 --- [           main] m.m.a.RequestResponseBodyMethodProcessor : Using 'application/json', given [*/*] and supported [application/json, application/*+json]
2026-06-30T12:45:06.404+08:00 DEBUG 22952 --- [           main] m.m.a.RequestResponseBodyMethodProcessor : Writing [com.ise.platform.common.api.ApiResponse@530e08a7]
]]></system-out>
  </testcase>
  <testcase name="noticePublishShouldAppendAuditLog" classname="com.ise.platform.modules.ApiIntegrationTest" time="0.016">
    <system-out><![CDATA[2026-06-30T12:45:06.409+08:00 DEBUG 22952 --- [           main] o.s.jdbc.core.JdbcTemplate               : Executing SQL update [update sys_user
   set password_hash = '{demo}123456'
 where username in ('20220001', '20220018', 'teacher001', 'leader001')
]
2026-06-30T12:45:06.409+08:00  INFO 22952 --- [           main] o.s.b.t.m.w.SpringBootMockServletContext : Initializing Spring TestDispatcherServlet ''
2026-06-30T12:45:06.409+08:00  INFO 22952 --- [           main] o.s.t.web.servlet.TestDispatcherServlet  : Initializing Servlet ''
2026-06-30T12:45:06.410+08:00  INFO 22952 --- [           main] o.s.t.web.servlet.TestDispatcherServlet  : Completed initialization in 1 ms
2026-06-30T12:45:06.410+08:00 DEBUG 22952 --- [           main] s.w.s.m.m.a.RequestMappingHandlerMapping : Mapped to com.ise.platform.modules.auth.AuthController#login(LoginRequest)
2026-06-30T12:45:06.410+08:00 DEBUG 22952 --- [           main] m.m.a.RequestResponseBodyMethodProcessor : Read "application/json" to [com.ise.platform.modules.auth.AuthDto$LoginRequest@5bed0ff4]
2026-06-30T12:45:06.410+08:00 DEBUG 22952 --- [           main] o.s.jdbc.core.JdbcTemplate               : Executing prepared SQL query
2026-06-30T12:45:06.410+08:00 DEBUG 22952 --- [           main] o.s.jdbc.core.JdbcTemplate               : Executing prepared SQL statement [select u.id,
       u.username,
       u.password_hash,
       u.real_name,
       u.user_type,
       u.role_code,
       u.student_id,
       u.status,
       s.student_no,
       s.name as student_name,
       s.grade,
       s.major,
       s.class_name
  from sys_user u
  left join stu_student s
    on s.id = u.student_id and s.is_deleted = 0
 where u.is_deleted = 0
   and u.username = ?
]
2026-06-30T12:45:06.411+08:00 DEBUG 22952 --- [           main] m.m.a.RequestResponseBodyMethodProcessor : Using 'application/json', given [*/*] and supported [application/json, application/*+json]
2026-06-30T12:45:06.411+08:00 DEBUG 22952 --- [           main] m.m.a.RequestResponseBodyMethodProcessor : Writing [com.ise.platform.common.api.ApiResponse@17a5ae7b]
2026-06-30T12:45:06.412+08:00 DEBUG 22952 --- [           main] s.w.s.m.m.a.RequestMappingHandlerMapping : Mapped to com.ise.platform.modules.notice.NoticeController#createNotice(CreateNoticeRequest)
2026-06-30T12:45:06.415+08:00 DEBUG 22952 --- [           main] m.m.a.RequestResponseBodyMethodProcessor : Read "application/json" to [com.ise.platform.modules.notice.NoticeDto$CreateNoticeRequest@4d142b53]
2026-06-30T12:45:06.418+08:00 DEBUG 22952 --- [           main] o.s.jdbc.core.JdbcTemplate               : Executing SQL query [select coalesce(max(id), 0) + 1 from biz_notice]
2026-06-30T12:45:06.419+08:00 DEBUG 22952 --- [           main] o.s.jdbc.core.JdbcTemplate               : Executing prepared SQL query
2026-06-30T12:45:06.419+08:00 DEBUG 22952 --- [           main] o.s.jdbc.core.JdbcTemplate               : Executing prepared SQL statement [select count(*) from stu_student where is_deleted = 0 and status <> 'graduated' and (grade in (?))]
2026-06-30T12:45:06.420+08:00 DEBUG 22952 --- [           main] o.s.jdbc.core.JdbcTemplate               : Executing prepared SQL update
2026-06-30T12:45:06.420+08:00 DEBUG 22952 --- [           main] o.s.jdbc.core.JdbcTemplate               : Executing prepared SQL statement [insert into biz_notice (
    id, title, content, audience, channel_labels, tag_labels,
    delivered_count, read_count, status, publish_at, created_by,
    created_at, updated_at, is_deleted
) values (?, ?, ?, ?, ?, ?, ?, 0, 'published', ?, ?, ?, ?, 0)
]
2026-06-30T12:45:06.420+08:00 DEBUG 22952 --- [           main] o.s.jdbc.core.JdbcTemplate               : Executing SQL query [select coalesce(max(id), 0) + 1 from sys_audit_log]
2026-06-30T12:45:06.420+08:00 DEBUG 22952 --- [           main] o.s.jdbc.core.JdbcTemplate               : Executing prepared SQL update
2026-06-30T12:45:06.420+08:00 DEBUG 22952 --- [           main] o.s.jdbc.core.JdbcTemplate               : Executing prepared SQL statement [insert into sys_audit_log (
    id, actor_user_id, actor_name, module_name, action_text, result_text, created_at
) values (?, ?, ?, ?, ?, ?, ?)
]
2026-06-30T12:45:06.420+08:00 DEBUG 22952 --- [           main] m.m.a.RequestResponseBodyMethodProcessor : Using 'application/json', given [*/*] and supported [application/json, application/*+json]
2026-06-30T12:45:06.420+08:00 DEBUG 22952 --- [           main] m.m.a.RequestResponseBodyMethodProcessor : Writing [com.ise.platform.common.api.ApiResponse@4e553d60]
2026-06-30T12:45:06.421+08:00 DEBUG 22952 --- [           main] s.w.s.m.m.a.RequestMappingHandlerMapping : Mapped to com.ise.platform.modules.audit.AuditLogController#logs()
2026-06-30T12:45:06.421+08:00 DEBUG 22952 --- [           main] o.s.jdbc.core.JdbcTemplate               : Executing SQL query [select id, actor_name, module_name, action_text, result_text, created_at
  from sys_audit_log
 order by created_at desc, id desc
]
2026-06-30T12:45:06.422+08:00 DEBUG 22952 --- [           main] m.m.a.RequestResponseBodyMethodProcessor : Using 'application/json', given [*/*] and supported [application/json, application/*+json]
2026-06-30T12:45:06.422+08:00 DEBUG 22952 --- [           main] m.m.a.RequestResponseBodyMethodProcessor : Writing [com.ise.platform.common.api.ApiResponse@3b95fce9]
]]></system-out>
  </testcase>
</testsuite>