<?xml version="1.0" encoding="UTF-8"?>
<testsuite xmlns:xsi="http://www.w3.org/2001/XMLSchema-instance" xsi:noNamespaceSchemaLocation="https://maven.apache.org/surefire/maven-surefire-plugin/xsd/surefire-test-report.xsd" version="3.0.2" name="com.ise.platform.modules.dashboard.DashboardServiceTest" time="0.073" tests="3" errors="0" skipped="0" failures="0" flakes="0">
  <properties>
[...]
</properties>
  <testcase name="adminDashboardShouldCapNoticeReadRateWhenStoredReadCountExceedsDeliveredCount" classname="com.ise.platform.modules.dashboard.DashboardServiceTest" time="0.026">
    <system-out><![CDATA[2026-06-30T12:45:04.858+08:00 DEBUG 22952 --- [           main] o.s.jdbc.core.JdbcTemplate               : Executing SQL statement [create table if not exists stu_student (
    id bigint primary key,
    student_no varchar(32) not null,
    name varchar(64) not null,
    grade varchar(16) not null,
    status varchar(32) not null default 'active',
    is_deleted smallint not null default 0
)
]
2026-06-30T12:45:04.861+08:00 DEBUG 22952 --- [           main] o.s.jdbc.core.JdbcTemplate               : Executing SQL statement [create table if not exists biz_application (
    id bigint primary key,
    applicant_user_id bigint,
    status varchar(32) not null,
    is_deleted smallint not null default 0
)
]
2026-06-30T12:45:04.862+08:00 DEBUG 22952 --- [           main] o.s.jdbc.core.JdbcTemplate               : Executing SQL statement [create table if not exists kb_article (
    id bigint primary key,
    is_deleted smallint not null default 0
)
]
2026-06-30T12:45:04.863+08:00 DEBUG 22952 --- [           main] o.s.jdbc.core.JdbcTemplate               : Executing SQL statement [create table if not exists kb_template (
    id bigint primary key,
    is_deleted smallint not null default 0
)
]
2026-06-30T12:45:04.864+08:00 DEBUG 22952 --- [           main] o.s.jdbc.core.JdbcTemplate               : Executing SQL statement [create table if not exists biz_notice (
    id bigint primary key,
    title varchar(255) not null,
    audience varchar(255) not null,
    delivered_count int not null default 0,
    read_count int not null default 0,
    status varchar(32) not null default 'published',
    publish_at timestamp not null default current_timestamp,
    is_deleted smallint not null default 0
)
]
2026-06-30T12:45:04.865+08:00 DEBUG 22952 --- [           main] o.s.jdbc.core.JdbcTemplate               : Executing SQL statement [create table if not exists biz_notice_read (
    id bigint primary key,
    notice_id bigint not null,
    user_id bigint not null,
    read_at timestamp
)
]
2026-06-30T12:45:04.866+08:00 DEBUG 22952 --- [           main] o.s.jdbc.core.JdbcTemplate               : Executing SQL update [delete from biz_notice_read]
2026-06-30T12:45:04.867+08:00 DEBUG 22952 --- [           main] o.s.jdbc.core.JdbcTemplate               : Executing SQL update [delete from biz_notice]
2026-06-30T12:45:04.868+08:00 DEBUG 22952 --- [           main] o.s.jdbc.core.JdbcTemplate               : Executing SQL update [delete from kb_template]
2026-06-30T12:45:04.868+08:00 DEBUG 22952 --- [           main] o.s.jdbc.core.JdbcTemplate               : Executing SQL update [delete from kb_article]
2026-06-30T12:45:04.869+08:00 DEBUG 22952 --- [           main] o.s.jdbc.core.JdbcTemplate               : Executing SQL update [delete from biz_application]
2026-06-30T12:45:04.869+08:00 DEBUG 22952 --- [           main] o.s.jdbc.core.JdbcTemplate               : Executing SQL update [delete from stu_student]
2026-06-30T12:45:04.870+08:00 DEBUG 22952 --- [           main] o.s.jdbc.core.JdbcTemplate               : Executing prepared SQL update
2026-06-30T12:45:04.870+08:00 DEBUG 22952 --- [           main] o.s.jdbc.core.JdbcTemplate               : Executing prepared SQL statement [insert into stu_student (id, student_no, name, grade, status, is_deleted) values (?, ?, ?, ?, ?, ?)]
2026-06-30T12:45:04.872+08:00 DEBUG 22952 --- [           main] o.s.jdbc.core.JdbcTemplate               : Executing prepared SQL update
2026-06-30T12:45:04.872+08:00 DEBUG 22952 --- [           main] o.s.jdbc.core.JdbcTemplate               : Executing prepared SQL statement [insert into stu_student (id, student_no, name, grade, status, is_deleted) values (?, ?, ?, ?, ?, ?)]
2026-06-30T12:45:04.872+08:00 DEBUG 22952 --- [           main] o.s.jdbc.core.JdbcTemplate               : Executing prepared SQL update
2026-06-30T12:45:04.872+08:00 DEBUG 22952 --- [           main] o.s.jdbc.core.JdbcTemplate               : Executing prepared SQL statement [insert into stu_student (id, student_no, name, grade, status, is_deleted) values (?, ?, ?, ?, ?, ?)]
2026-06-30T12:45:04.873+08:00 DEBUG 22952 --- [           main] o.s.jdbc.core.JdbcTemplate               : Executing prepared SQL update
2026-06-30T12:45:04.874+08:00 DEBUG 22952 --- [           main] o.s.jdbc.core.JdbcTemplate               : Executing prepared SQL statement [insert into stu_student (id, student_no, name, grade, status, is_deleted) values (?, ?, ?, ?, ?, ?)]
2026-06-30T12:45:04.874+08:00 DEBUG 22952 --- [           main] o.s.jdbc.core.JdbcTemplate               : Executing prepared SQL update
2026-06-30T12:45:04.874+08:00 DEBUG 22952 --- [           main] o.s.jdbc.core.JdbcTemplate               : Executing prepared SQL statement [insert into biz_notice (id, title, audience, delivered_count, read_count, status, publish_at, is_deleted)
values (?, ?, ?, ?, ?, ?, ?, ?)
]
2026-06-30T12:45:04.875+08:00 DEBUG 22952 --- [           main] o.s.jdbc.core.JdbcTemplate               : Executing SQL query [select count(*) from stu_student where is_deleted = 0]
2026-06-30T12:45:04.877+08:00 DEBUG 22952 --- [           main] o.s.jdbc.core.JdbcTemplate               : Executing SQL query [select count(*) from biz_application where is_deleted = 0 and status in ('submitted', 'reviewing')]
2026-06-30T12:45:04.878+08:00 DEBUG 22952 --- [           main] o.s.jdbc.core.JdbcTemplate               : Executing SQL query [select count(*) from kb_article where is_deleted = 0]
2026-06-30T12:45:04.878+08:00 DEBUG 22952 --- [           main] o.s.jdbc.core.JdbcTemplate               : Executing SQL query [select count(*) from kb_template where is_deleted = 0]
2026-06-30T12:45:04.879+08:00 DEBUG 22952 --- [           main] o.s.jdbc.core.JdbcTemplate               : Executing prepared SQL query
2026-06-30T12:45:04.879+08:00 DEBUG 22952 --- [           main] o.s.jdbc.core.JdbcTemplate               : Executing prepared SQL statement [select count(*)
  from biz_notice
 where is_deleted = 0
   and status = 'published'
   and publish_at >= ?
   and publish_at < ?
]
2026-06-30T12:45:04.880+08:00 DEBUG 22952 --- [           main] o.s.jdbc.core.JdbcTemplate               : Executing SQL query [select audience, delivered_count, read_count
  from biz_notice
 where is_deleted = 0
   and status = 'published'
]
]]></system-out>
  </testcase>
  <testcase name="studentDashboardUnreadNoticeCountShouldOnlyIncludeVisibleNotices" classname="com.ise.platform.modules.dashboard.DashboardServiceTest" time="0.023">
    <system-out><![CDATA[2026-06-30T12:45:04.884+08:00 DEBUG 22952 --- [           main] o.s.jdbc.core.JdbcTemplate               : Executing SQL statement [create table if not exists stu_student (
    id bigint primary key,
    student_no varchar(32) not null,
    name varchar(64) not null,
    grade varchar(16) not null,
    status varchar(32) not null default 'active',
    is_deleted smallint not null default 0
)
]
2026-06-30T12:45:04.885+08:00 DEBUG 22952 --- [           main] o.s.jdbc.core.JdbcTemplate               : Executing SQL statement [create table if not exists biz_application (
    id bigint primary key,
    applicant_user_id bigint,
    status varchar(32) not null,
    is_deleted smallint not null default 0
)
]
2026-06-30T12:45:04.886+08:00 DEBUG 22952 --- [           main] o.s.jdbc.core.JdbcTemplate               : Executing SQL statement [create table if not exists kb_article (
    id bigint primary key,
    is_deleted smallint not null default 0
)
]
2026-06-30T12:45:04.886+08:00 DEBUG 22952 --- [           main] o.s.jdbc.core.JdbcTemplate               : Executing SQL statement [create table if not exists kb_template (
    id bigint primary key,
    is_deleted smallint not null default 0
)
]
2026-06-30T12:45:04.887+08:00 DEBUG 22952 --- [           main] o.s.jdbc.core.JdbcTemplate               : Executing SQL statement [create table if not exists biz_notice (
    id bigint primary key,
    title varchar(255) not null,
    audience varchar(255) not null,
    delivered_count int not null default 0,
    read_count int not null default 0,
    status varchar(32) not null default 'published',
    publish_at timestamp not null default current_timestamp,
    is_deleted smallint not null default 0
)
]
2026-06-30T12:45:04.888+08:00 DEBUG 22952 --- [           main] o.s.jdbc.core.JdbcTemplate               : Executing SQL statement [create table if not exists biz_notice_read (
    id bigint primary key,
    notice_id bigint not null,
    user_id bigint not null,
    read_at timestamp
)
]
2026-06-30T12:45:04.889+08:00 DEBUG 22952 --- [           main] o.s.jdbc.core.JdbcTemplate               : Executing SQL update [delete from biz_notice_read]
2026-06-30T12:45:04.889+08:00 DEBUG 22952 --- [           main] o.s.jdbc.core.JdbcTemplate               : Executing SQL update [delete from biz_notice]
2026-06-30T12:45:04.890+08:00 DEBUG 22952 --- [           main] o.s.jdbc.core.JdbcTemplate               : Executing SQL update [delete from kb_template]
2026-06-30T12:45:04.891+08:00 DEBUG 22952 --- [           main] o.s.jdbc.core.JdbcTemplate               : Executing SQL update [delete from kb_article]
2026-06-30T12:45:04.893+08:00 DEBUG 22952 --- [           main] o.s.jdbc.core.JdbcTemplate               : Executing SQL update [delete from biz_application]
2026-06-30T12:45:04.894+08:00 DEBUG 22952 --- [           main] o.s.jdbc.core.JdbcTemplate               : Executing SQL update [delete from stu_student]
2026-06-30T12:45:04.895+08:00 DEBUG 22952 --- [           main] o.s.jdbc.core.JdbcTemplate               : Executing prepared SQL update
2026-06-30T12:45:04.895+08:00 DEBUG 22952 --- [           main] o.s.jdbc.core.JdbcTemplate               : Executing prepared SQL statement [insert into stu_student (id, student_no, name, grade, status, is_deleted) values (?, ?, ?, ?, ?, ?)]
2026-06-30T12:45:04.898+08:00 DEBUG 22952 --- [           main] o.s.jdbc.core.JdbcTemplate               : Executing prepared SQL update
2026-06-30T12:45:04.898+08:00 DEBUG 22952 --- [           main] o.s.jdbc.core.JdbcTemplate               : Executing prepared SQL statement [insert into stu_student (id, student_no, name, grade, status, is_deleted) values (?, ?, ?, ?, ?, ?)]
2026-06-30T12:45:04.898+08:00 DEBUG 22952 --- [           main] o.s.jdbc.core.JdbcTemplate               : Executing prepared SQL update
2026-06-30T12:45:04.898+08:00 DEBUG 22952 --- [           main] o.s.jdbc.core.JdbcTemplate               : Executing prepared SQL statement [insert into stu_student (id, student_no, name, grade, status, is_deleted) values (?, ?, ?, ?, ?, ?)]
2026-06-30T12:45:04.899+08:00 DEBUG 22952 --- [           main] o.s.jdbc.core.JdbcTemplate               : Executing prepared SQL update
2026-06-30T12:45:04.899+08:00 DEBUG 22952 --- [           main] o.s.jdbc.core.JdbcTemplate               : Executing prepared SQL statement [insert into stu_student (id, student_no, name, grade, status, is_deleted) values (?, ?, ?, ?, ?, ?)]
2026-06-30T12:45:04.900+08:00 DEBUG 22952 --- [           main] o.s.jdbc.core.JdbcTemplate               : Executing prepared SQL update
2026-06-30T12:45:04.900+08:00 DEBUG 22952 --- [           main] o.s.jdbc.core.JdbcTemplate               : Executing prepared SQL statement [insert into biz_notice (id, title, audience, delivered_count, read_count, status, publish_at, is_deleted)
values (?, ?, ?, ?, ?, ?, ?, ?)
]
2026-06-30T12:45:04.900+08:00 DEBUG 22952 --- [           main] o.s.jdbc.core.JdbcTemplate               : Executing prepared SQL update
2026-06-30T12:45:04.900+08:00 DEBUG 22952 --- [           main] o.s.jdbc.core.JdbcTemplate               : Executing prepared SQL statement [insert into biz_notice (id, title, audience, delivered_count, read_count, status, publish_at, is_deleted)
values (?, ?, ?, ?, ?, ?, ?, ?)
]
2026-06-30T12:45:04.901+08:00 DEBUG 22952 --- [           main] o.s.jdbc.core.JdbcTemplate               : Executing prepared SQL update
2026-06-30T12:45:04.901+08:00 DEBUG 22952 --- [           main] o.s.jdbc.core.JdbcTemplate               : Executing prepared SQL statement [insert into biz_notice (id, title, audience, delivered_count, read_count, status, publish_at, is_deleted)
values (?, ?, ?, ?, ?, ?, ?, ?)
]
2026-06-30T12:45:04.902+08:00 DEBUG 22952 --- [           main] o.s.jdbc.core.JdbcTemplate               : Executing prepared SQL update
2026-06-30T12:45:04.902+08:00 DEBUG 22952 --- [           main] o.s.jdbc.core.JdbcTemplate               : Executing prepared SQL statement [insert into biz_notice_read (id, notice_id, user_id, read_at) values (?, ?, ?, ?)]
2026-06-30T12:45:04.902+08:00 DEBUG 22952 --- [           main] o.s.jdbc.core.JdbcTemplate               : Executing prepared SQL query
2026-06-30T12:45:04.902+08:00 DEBUG 22952 --- [           main] o.s.jdbc.core.JdbcTemplate               : Executing prepared SQL statement [select grade, status
  from stu_student
 where id = ?
   and is_deleted = 0
   and status <> 'graduated'
]
2026-06-30T12:45:04.903+08:00 DEBUG 22952 --- [           main] o.s.jdbc.core.JdbcTemplate               : Executing prepared SQL query
2026-06-30T12:45:04.903+08:00 DEBUG 22952 --- [           main] o.s.jdbc.core.JdbcTemplate               : Executing prepared SQL statement [select n.audience
  from biz_notice n
  left join biz_notice_read r
    on r.notice_id = n.id and r.user_id = ?
 where n.is_deleted = 0
   and n.status = 'published'
   and r.notice_id is null
]
2026-06-30T12:45:04.904+08:00 DEBUG 22952 --- [           main] o.s.jdbc.core.JdbcTemplate               : Executing prepared SQL query
2026-06-30T12:45:04.905+08:00 DEBUG 22952 --- [           main] o.s.jdbc.core.JdbcTemplate               : Executing prepared SQL statement [select count(*) from biz_application where applicant_user_id = ? and status in ('submitted', 'reviewing') and is_deleted = 0]
]]></system-out>
  </testcase>
  <testcase name="adminDashboardShouldUseActualNoticeStats" classname="com.ise.platform.modules.dashboard.DashboardServiceTest" time="0.021">
    <system-out><![CDATA[2026-06-30T12:45:04.907+08:00 DEBUG 22952 --- [           main] o.s.jdbc.core.JdbcTemplate               : Executing SQL statement [create table if not exists stu_student (
    id bigint primary key,
    student_no varchar(32) not null,
    name varchar(64) not null,
    grade varchar(16) not null,
    status varchar(32) not null default 'active',
    is_deleted smallint not null default 0
)
]
2026-06-30T12:45:04.907+08:00 DEBUG 22952 --- [           main] o.s.jdbc.core.JdbcTemplate               : Executing SQL statement [create table if not exists biz_application (
    id bigint primary key,
    applicant_user_id bigint,
    status varchar(32) not null,
    is_deleted smallint not null default 0
)
]
2026-06-30T12:45:04.907+08:00 DEBUG 22952 --- [           main] o.s.jdbc.core.JdbcTemplate               : Executing SQL statement [create table if not exists kb_article (
    id bigint primary key,
    is_deleted smallint not null default 0
)
]
2026-06-30T12:45:04.908+08:00 DEBUG 22952 --- [           main] o.s.jdbc.core.JdbcTemplate               : Executing SQL statement [create table if not exists kb_template (
    id bigint primary key,
    is_deleted smallint not null default 0
)
]
2026-06-30T12:45:04.909+08:00 DEBUG 22952 --- [           main] o.s.jdbc.core.JdbcTemplate               : Executing SQL statement [create table if not exists biz_notice (
    id bigint primary key,
    title varchar(255) not null,
    audience varchar(255) not null,
    delivered_count int not null default 0,
    read_count int not null default 0,
    status varchar(32) not null default 'published',
    publish_at timestamp not null default current_timestamp,
    is_deleted smallint not null default 0
)
]
2026-06-30T12:45:04.910+08:00 DEBUG 22952 --- [           main] o.s.jdbc.core.JdbcTemplate               : Executing SQL statement [create table if not exists biz_notice_read (
    id bigint primary key,
    notice_id bigint not null,
    user_id bigint not null,
    read_at timestamp
)
]
2026-06-30T12:45:04.910+08:00 DEBUG 22952 --- [           main] o.s.jdbc.core.JdbcTemplate               : Executing SQL update [delete from biz_notice_read]
2026-06-30T12:45:04.911+08:00 DEBUG 22952 --- [           main] o.s.jdbc.core.JdbcTemplate               : Executing SQL update [delete from biz_notice]
2026-06-30T12:45:04.912+08:00 DEBUG 22952 --- [           main] o.s.jdbc.core.JdbcTemplate               : Executing SQL update [delete from kb_template]
2026-06-30T12:45:04.912+08:00 DEBUG 22952 --- [           main] o.s.jdbc.core.JdbcTemplate               : Executing SQL update [delete from kb_article]
2026-06-30T12:45:04.913+08:00 DEBUG 22952 --- [           main] o.s.jdbc.core.JdbcTemplate               : Executing SQL update [delete from biz_application]
2026-06-30T12:45:04.913+08:00 DEBUG 22952 --- [           main] o.s.jdbc.core.JdbcTemplate               : Executing SQL update [delete from stu_student]
2026-06-30T12:45:04.914+08:00 DEBUG 22952 --- [           main] o.s.jdbc.core.JdbcTemplate               : Executing prepared SQL update
2026-06-30T12:45:04.914+08:00 DEBUG 22952 --- [           main] o.s.jdbc.core.JdbcTemplate               : Executing prepared SQL statement [insert into stu_student (id, student_no, name, grade, status, is_deleted) values (?, ?, ?, ?, ?, ?)]
2026-06-30T12:45:04.914+08:00 DEBUG 22952 --- [           main] o.s.jdbc.core.JdbcTemplate               : Executing prepared SQL update
2026-06-30T12:45:04.914+08:00 DEBUG 22952 --- [           main] o.s.jdbc.core.JdbcTemplate               : Executing prepared SQL statement [insert into stu_student (id, student_no, name, grade, status, is_deleted) values (?, ?, ?, ?, ?, ?)]
2026-06-30T12:45:04.920+08:00 DEBUG 22952 --- [           main] o.s.jdbc.core.JdbcTemplate               : Executing prepared SQL update
2026-06-30T12:45:04.921+08:00 DEBUG 22952 --- [           main] o.s.jdbc.core.JdbcTemplate               : Executing prepared SQL statement [insert into stu_student (id, student_no, name, grade, status, is_deleted) values (?, ?, ?, ?, ?, ?)]
2026-06-30T12:45:04.921+08:00 DEBUG 22952 --- [           main] o.s.jdbc.core.JdbcTemplate               : Executing prepared SQL update
2026-06-30T12:45:04.921+08:00 DEBUG 22952 --- [           main] o.s.jdbc.core.JdbcTemplate               : Executing prepared SQL statement [insert into stu_student (id, student_no, name, grade, status, is_deleted) values (?, ?, ?, ?, ?, ?)]
2026-06-30T12:45:04.921+08:00 DEBUG 22952 --- [           main] o.s.jdbc.core.JdbcTemplate               : Executing prepared SQL update
2026-06-30T12:45:04.922+08:00 DEBUG 22952 --- [           main] o.s.jdbc.core.JdbcTemplate               : Executing prepared SQL statement [insert into biz_notice (id, title, audience, delivered_count, read_count, status, publish_at, is_deleted)
values (?, ?, ?, ?, ?, ?, ?, ?)
]
2026-06-30T12:45:04.922+08:00 DEBUG 22952 --- [           main] o.s.jdbc.core.JdbcTemplate               : Executing prepared SQL update
2026-06-30T12:45:04.922+08:00 DEBUG 22952 --- [           main] o.s.jdbc.core.JdbcTemplate               : Executing prepared SQL statement [insert into biz_notice (id, title, audience, delivered_count, read_count, status, publish_at, is_deleted)
values (?, ?, ?, ?, ?, ?, ?, ?)
]
2026-06-30T12:45:04.922+08:00 DEBUG 22952 --- [           main] o.s.jdbc.core.JdbcTemplate               : Executing prepared SQL update
2026-06-30T12:45:04.922+08:00 DEBUG 22952 --- [           main] o.s.jdbc.core.JdbcTemplate               : Executing prepared SQL statement [insert into biz_notice (id, title, audience, delivered_count, read_count, status, publish_at, is_deleted)
values (?, ?, ?, ?, ?, ?, ?, ?)
]
2026-06-30T12:45:04.923+08:00 DEBUG 22952 --- [           main] o.s.jdbc.core.JdbcTemplate               : Executing SQL query [select count(*) from stu_student where is_deleted = 0]
2026-06-30T12:45:04.923+08:00 DEBUG 22952 --- [           main] o.s.jdbc.core.JdbcTemplate               : Executing SQL query [select count(*) from biz_application where is_deleted = 0 and status in ('submitted', 'reviewing')]
2026-06-30T12:45:04.924+08:00 DEBUG 22952 --- [           main] o.s.jdbc.core.JdbcTemplate               : Executing SQL query [select count(*) from kb_article where is_deleted = 0]
2026-06-30T12:45:04.925+08:00 DEBUG 22952 --- [           main] o.s.jdbc.core.JdbcTemplate               : Executing SQL query [select count(*) from kb_template where is_deleted = 0]
2026-06-30T12:45:04.925+08:00 DEBUG 22952 --- [           main] o.s.jdbc.core.JdbcTemplate               : Executing prepared SQL query
2026-06-30T12:45:04.925+08:00 DEBUG 22952 --- [           main] o.s.jdbc.core.JdbcTemplate               : Executing prepared SQL statement [select count(*)
  from biz_notice
 where is_deleted = 0
   and status = 'published'
   and publish_at >= ?
   and publish_at < ?
]
2026-06-30T12:45:04.926+08:00 DEBUG 22952 --- [           main] o.s.jdbc.core.JdbcTemplate               : Executing SQL query [select audience, delivered_count, read_count
  from biz_notice
 where is_deleted = 0
   and status = 'published'
]
2026-06-30T12:45:04.926+08:00 DEBUG 22952 --- [           main] o.s.jdbc.core.JdbcTemplate               : Executing prepared SQL query
2026-06-30T12:45:04.927+08:00 DEBUG 22952 --- [           main] o.s.jdbc.core.JdbcTemplate               : Executing prepared SQL statement [select count(*) from stu_student where is_deleted = 0 and status <> 'graduated' and grade in (?)]
]]></system-out>
  </testcase>
</testsuite>