<?xml version="1.0" encoding="UTF-8"?>
<testsuite xmlns:xsi="http://www.w3.org/2001/XMLSchema-instance" xsi:noNamespaceSchemaLocation="https://maven.apache.org/surefire/maven-surefire-plugin/xsd/surefire-test-report.xsd" version="3.0.2" name="com.ise.platform.modules.notice.NoticeServiceTest" time="0.038" tests="2" errors="0" skipped="0" failures="0" flakes="0">
  <properties>
[...]
</properties>
  <testcase name="markReadShouldAffectUnreadResult" classname="com.ise.platform.modules.notice.NoticeServiceTest" time="0.014"/>
  <testcase name="markAllReadShouldClearUnreadList" classname="com.ise.platform.modules.notice.NoticeServiceTest" time="0.013"/>
</testsuite>