<?xml version="1.0" encoding="UTF-8"?>
<testsuite xmlns:xsi="http://www.w3.org/2001/XMLSchema-instance" xsi:noNamespaceSchemaLocation="https://maven.apache.org/surefire/maven-surefire-plugin/xsd/surefire-test-report.xsd" version="3.0.2" name="com.ise.platform.modules.application.ApplicationServiceTest" time="2.542" tests="9" errors="0" skipped="0" failures="0" flakes="0">
  <properties>
[...]
</properties>
  <testcase name="managerCannotApproveApplicationOutsideManagedClass" classname="com.ise.platform.modules.application.ApplicationServiceTest" time="0.473">
    <system-out><![CDATA[12:45:02.426 [main] INFO org.springframework.test.context.support.AnnotationConfigContextLoaderUtils -- Could not detect default configuration classes for test class [com.ise.platform.modules.application.ApplicationServiceTest]: ApplicationServiceTest does not declare any static, non-private, non-final, nested classes annotated with @Configuration.
12:45:02.534 [main] INFO org.springframework.boot.test.context.SpringBootTestContextBootstrapper -- Found @SpringBootConfiguration com.ise.platform.PlatformBackendApplication for test class com.ise.platform.modules.application.ApplicationServiceTest
12:45:02.596 [main] INFO org.springframework.test.context.support.AnnotationConfigContextLoaderUtils -- Could not detect default configuration classes for test class [com.ise.platform.modules.application.ApplicationServiceTest]: ApplicationServiceTest does not declare any static, non-private, non-final, nested classes annotated with @Configuration.
12:45:02.598 [main] INFO org.springframework.boot.test.context.SpringBootTestContextBootstrapper -- Found @SpringBootConfiguration com.ise.platform.PlatformBackendApplication for test class com.ise.platform.modules.application.ApplicationServiceTest

  .   ____          _            __ _ _
 /\\ / ___'_ __ _ _(_)_ __  __ _ \ \ \ \
( ( )\___ | '_ | '_| | '_ \/ _` | \ \ \ \
 \\/  ___)| |_)| | | | | || (_| |  ) ) ) )
  '  |____| .__|_| |_|_| |_\__, | / / / /
 =========|_|==============|___/=/_/_/_/

 :: Spring Boot ::                (v4.0.6)

2026-06-30T12:45:02.870+08:00  INFO 22952 --- [           main] c.i.p.m.a.ApplicationServiceTest         : Starting ApplicationServiceTest using Java 17.0.19 with PID 22952 (started by sunqian in /home/sunqian/app-for-ISE)
2026-06-30T12:45:02.871+08:00  INFO 22952 --- [           main] c.i.p.m.a.ApplicationServiceTest         : No active profile set, falling back to 1 default profile: "default"
2026-06-30T12:45:02.871+08:00 DEBUG 22952 --- [           main] o.s.boot.SpringApplication               : Loading source class com.ise.platform.PlatformBackendApplication
2026-06-30T12:45:02.903+08:00 DEBUG 22952 --- [           main] o.s.w.c.s.GenericWebApplicationContext   : Refreshing org.springframework.web.context.support.GenericWebApplicationContext@64693226
2026-06-30T12:45:03.436+08:00  INFO 22952 --- [           main] com.zaxxer.hikari.HikariDataSource       : HikariPool-1 - Starting...
2026-06-30T12:45:03.548+08:00  INFO 22952 --- [           main] com.zaxxer.hikari.pool.HikariPool        : HikariPool-1 - Added connection conn0: url=jdbc:h2:mem:app_for_ise_test user=SA
2026-06-30T12:45:03.549+08:00  INFO 22952 --- [           main] com.zaxxer.hikari.HikariDataSource       : HikariPool-1 - Start completed.
2026-06-30T12:45:03.899+08:00 DEBUG 22952 --- [           main] o.s.b.a.AutoConfigurationPackages        : @EnableAutoConfiguration was declared on a class in the package 'com.ise.platform'. Automatic @Repository and @Entity scanning is enabled.
2026-06-30T12:45:04.022+08:00 DEBUG 22952 --- [           main] s.w.s.m.m.a.RequestMappingHandlerMapping : 51 mappings in 'requestMappingHandlerMapping'
2026-06-30T12:45:04.042+08:00 DEBUG 22952 --- [           main] o.s.w.s.handler.SimpleUrlHandlerMapping  : Patterns [/webjars/**, /**] in 'resourceHandlerMapping'
2026-06-30T12:45:04.061+08:00 DEBUG 22952 --- [           main] s.w.s.m.m.a.RequestMappingHandlerAdapter : ControllerAdvice beans: 0 @ModelAttribute, 0 @InitBinder, 2 RequestBodyAdvice, 1 ResponseBodyAdvice
2026-06-30T12:45:04.095+08:00 DEBUG 22952 --- [           main] .m.m.a.ExceptionHandlerExceptionResolver : ControllerAdvice beans: 1 @ExceptionHandler, 1 ResponseBodyAdvice
2026-06-30T12:45:04.200+08:00 DEBUG 22952 --- [           main] .s.b.a.l.ConditionEvaluationReportLogger : 


============================
CONDITIONS EVALUATION REPORT
============================


Positive matches:
-----------------

   AopAutoConfiguration matched:
      - @ConditionalOnBooleanProperty (spring.aop.auto=true) matched (OnPropertyCondition)

   AopAutoConfiguration.ClassProxyingConfiguration matched:
      - @ConditionalOnMissingClass did not find unwanted class 'org.aspectj.weaver.Advice' (OnClassCondition)
      - @ConditionalOnBooleanProperty (spring.aop.proxy-target-class=true) matched (OnPropertyCondition)

   ApplicationAvailabilityAutoConfiguration#applicationAvailability matched:
      - @ConditionalOnMissingBean (types: org.springframework.boot.availability.ApplicationAvailability; SearchStrategy: all) did not find any beans (OnBeanCondition)

   DataSourceAutoConfiguration matched:
      - @ConditionalOnClass found required classes 'javax.sql.DataSource', 'org.springframework.jdbc.datasource.embedded.EmbeddedDatabaseType' (OnClassCondition)
      - @ConditionalOnMissingBean (types: io.r2dbc.spi.ConnectionFactory; SearchStrategy: all) did not find any beans (OnBeanCondition)

   DataSourceAutoConfiguration.PooledDataSourceConfiguration matched:
      - AnyNestedCondition 1 matched 1 did not; NestedCondition on DataSourceAutoConfiguration.PooledDataSourceCondition.PooledDataSourceAvailable PooledDataSource found supported DataSource; NestedCondition on DataSourceAutoConfiguration.PooledDataSourceCondition.ExplicitType @ConditionalOnProperty (spring.datasource.type) did not find property 'spring.datasource.type' (DataSourceAutoConfiguration.PooledDataSourceCondition)
      - @ConditionalOnMissingBean (types: javax.sql.DataSource,javax.sql.XADataSource; SearchStrategy: all) did not find any beans (OnBeanCondition)

   DataSourceAutoConfiguration.PooledDataSourceConfiguration#jdbcConnectionDetails matched:
      - @ConditionalOnMissingBean (types: org.springframework.boot.jdbc.autoconfigure.JdbcConnectionDetails; SearchStrategy: all) did not find any beans (OnBeanCondition)

   DataSourceConfiguration.Hikari matched:
      - @ConditionalOnClass found required class 'com.zaxxer.hikari.HikariDataSource' (OnClassCondition)
      - @ConditionalOnProperty (spring.datasource.type=com.zaxxer.hikari.HikariDataSource) matched (OnPropertyCondition)
      - @ConditionalOnMissingBean (types: javax.sql.DataSource; SearchStrategy: all) did not find any beans (OnBeanCondition)

   DataSourceInitializationAutoConfiguration matched:
      - @ConditionalOnClass found required class 'org.springframework.jdbc.datasource.init.DatabasePopulator' (OnClassCondition)
      - SQL InitializationDatabase Initialization spring.sql.init.mode is ALWAYS (OnSqlInitializationCondition)
      - @ConditionalOnSingleCandidate (types: javax.sql.DataSource; SearchStrategy: all) found a single bean 'dataSource'; @ConditionalOnMissingBean (types: org.springframework.boot.sql.autoconfigure.init.ApplicationScriptDatabaseInitializer; SearchStrategy: all) did not find any beans (OnBeanCondition)

   DataSourcePoolMetadataProvidersConfiguration.HikariPoolDataSourceMetadataProviderConfiguration matched:
      - @ConditionalOnClass found required class 'com.zaxxer.hikari.HikariDataSource' (OnClassCondition)

   DataSourceTransactionManagerAutoConfiguration matched:
      - @ConditionalOnClass found required classes 'javax.sql.DataSource', 'org.springframework.jdbc.core.JdbcTemplate', 'org.springframework.transaction.TransactionManager' (OnClassCondition)

   DataSourceTransactionManagerAutoConfiguration.JdbcTransactionManagerConfiguration matched:
      - @ConditionalOnSingleCandidate (types: javax.sql.DataSource; SearchStrategy: all) found a single bean 'dataSource' (OnBeanCondition)

   DataSourceTransactionManagerAutoConfiguration.JdbcTransactionManagerConfiguration#transactionManager matched:
      - @ConditionalOnMissingBean (types: org.springframework.transaction.TransactionManager; SearchStrategy: all) did not find any beans (OnBeanCondition)

   DispatcherServletAutoConfiguration matched:
      - @ConditionalOnClass found required class 'org.springframework.web.servlet.DispatcherServlet' (OnClassCondition)
      - found 'session' scope (OnWebApplicationCondition)

   DispatcherServletAutoConfiguration.DispatcherServletConfiguration matched:
      - @ConditionalOnClass found required class 'jakarta.servlet.ServletRegistration' (OnClassCondition)
      - Default DispatcherServlet did not find dispatcher servlet beans (DispatcherServletAutoConfiguration.DefaultDispatcherServletCondition)

   DispatcherServletAutoConfiguration.DispatcherServletRegistrationConfiguration matched:
      - @ConditionalOnClass found required class 'jakarta.servlet.ServletRegistration' (OnClassCondition)
      - DispatcherServlet Registration did not find servlet registration bean (DispatcherServletAutoConfiguration.DispatcherServletRegistrationCondition)

   DispatcherServletAutoConfiguration.DispatcherServletRegistrationConfiguration#dispatcherServletRegistration matched:
      - @ConditionalOnBean (names: dispatcherServlet types: org.springframework.web.servlet.DispatcherServlet; SearchStrategy: all) found bean 'dispatcherServlet' (OnBeanCondition)

   ErrorMvcAutoConfiguration matched:
      - @ConditionalOnClass found required classes 'jakarta.servlet.Servlet', 'org.springframework.web.servlet.DispatcherServlet' (OnClassCondition)
      - found 'session' scope (OnWebApplicationCondition)

   ErrorMvcAutoConfiguration#basicErrorController matched:
      - @ConditionalOnMissingBean (types: org.springframework.boot.webmvc.error.ErrorController; SearchStrategy: current) did not find any beans (OnBeanCondition)

   ErrorMvcAutoConfiguration#errorAttributes matched:
      - @ConditionalOnMissingBean (types: org.springframework.boot.webmvc.error.ErrorAttributes; SearchStrategy: current) did not find any beans (OnBeanCondition)

   ErrorMvcAutoConfiguration.DefaultErrorViewResolverConfiguration#conventionErrorViewResolver matched:
      - @ConditionalOnBean (types: org.springframework.web.servlet.DispatcherServlet; SearchStrategy: all) found bean 'dispatcherServlet'; @ConditionalOnMissingBean (types: org.springframework.boot.webmvc.autoconfigure.error.ErrorViewResolver; SearchStrategy: all) did not find any beans (OnBeanCondition)

   ErrorMvcAutoConfiguration.WhitelabelErrorViewConfiguration matched:
      - @ConditionalOnBooleanProperty (spring.web.error.whitelabel.enabled=true) matched (OnPropertyCondition)
      - ErrorTemplate Missing did not find error template view (ErrorMvcAutoConfiguration.ErrorTemplateMissingCondition)

   ErrorMvcAutoConfiguration.WhitelabelErrorViewConfiguration#beanNameViewResolver matched:
      - @ConditionalOnMissingBean (types: org.springframework.web.servlet.view.BeanNameViewResolver; SearchStrategy: all) did not find any beans (OnBeanCondition)

   ErrorMvcAutoConfiguration.WhitelabelErrorViewConfiguration#defaultErrorView matched:
      - @ConditionalOnMissingBean (names: error; SearchStrategy: all) did not find any beans (OnBeanCondition)

   HttpEncodingAutoConfiguration matched:
      - @ConditionalOnClass found required class 'org.springframework.web.filter.CharacterEncodingFilter' (OnClassCondition)
      - found 'session' scope (OnWebApplicationCondition)
      - @ConditionalOnBooleanProperty (spring.servlet.encoding.enabled=true) matched (OnPropertyCondition)

   HttpEncodingAutoConfiguration#characterEncodingFilter matched:
      - @ConditionalOnMissingBean (types: org.springframework.web.filter.CharacterEncodingFilter; SearchStrategy: all) did not find any beans (OnBeanCondition)

   HttpMessageConvertersAutoConfiguration matched:
      - @ConditionalOnClass found required class 'org.springframework.http.converter.HttpMessageConverter' (OnClassCondition)
      - NoneNestedConditions 0 matched 1 did not; NestedCondition on HttpMessageConvertersAutoConfiguration.NotReactiveWebApplicationCondition.ReactiveWebApplication did not find reactive web application classes (HttpMessageConvertersAutoConfiguration.NotReactiveWebApplicationCondition)

   HttpMessageConvertersAutoConfiguration.StringHttpMessageConverterConfiguration#stringHttpMessageConvertersCustomizer matched:
      - @ConditionalOnMissingBean (types: org.springframework.http.converter.StringHttpMessageConverter; SearchStrategy: all) did not find any beans (OnBeanCondition)

   JacksonAutoConfiguration matched:
      - @ConditionalOnClass found required class 'tools.jackson.databind.json.JsonMapper' (OnClassCondition)

   JacksonAutoConfiguration#jacksonJsonMapper matched:
      - @ConditionalOnMissingBean (types: tools.jackson.databind.json.JsonMapper; SearchStrategy: all) did not find any beans (OnBeanCondition)

   JacksonAutoConfiguration#jsonMapperBuilder matched:
      - @ConditionalOnMissingBean (types: tools.jackson.databind.json.JsonMapper$Builder; SearchStrategy: all) did not find any beans (OnBeanCondition)

   JacksonAutoConfiguration.JsonProblemDetailsConfiguration matched:
      - @ConditionalOnClass found required class 'org.springframework.http.ProblemDetail' (OnClassCondition)

   JacksonHttpMessageConvertersConfiguration.JacksonJsonHttpMessageConverterConfiguration matched:
      - @ConditionalOnClass found required class 'tools.jackson.databind.json.JsonMapper' (OnClassCondition)
      - @ConditionalOnProperty (spring.http.converters.preferred-json-mapper=jackson) matched (OnPropertyCondition)
      - @ConditionalOnBean (types: tools.jackson.databind.json.JsonMapper; SearchStrategy: all) found bean 'jacksonJsonMapper' (OnBeanCondition)

   JacksonHttpMessageConvertersConfiguration.JacksonJsonHttpMessageConverterConfiguration#jacksonJsonHttpMessageConvertersCustomizer matched:
      - @ConditionalOnMissingBean (types: org.springframework.http.converter.json.JacksonJsonHttpMessageConverter ignored: org.springframework.hateoas.server.mvc.TypeConstrainedJacksonJsonHttpMessageConverter,org.springframework.data.rest.webmvc.alps.AlpsJacksonJsonHttpMessageConverter; SearchStrategy: all) did not find any beans (OnBeanCondition)

   JdbcClientAutoConfiguration matched:
      - @ConditionalOnSingleCandidate (types: org.springframework.jdbc.core.namedparam.NamedParameterJdbcTemplate; SearchStrategy: all) found a single bean 'namedParameterJdbcTemplate'; @ConditionalOnMissingBean (types: org.springframework.jdbc.core.simple.JdbcClient; SearchStrategy: all) did not find any beans (OnBeanCondition)

   JdbcTemplateAutoConfiguration matched:
      - @ConditionalOnClass found required classes 'javax.sql.DataSource', 'org.springframework.jdbc.core.JdbcTemplate' (OnClassCondition)
      - @ConditionalOnSingleCandidate (types: javax.sql.DataSource; SearchStrategy: all) found a single bean 'dataSource' (OnBeanCondition)

   JdbcTemplateConfiguration matched:
      - @ConditionalOnMissingBean (types: org.springframework.jdbc.core.JdbcOperations; SearchStrategy: all) did not find any beans (OnBeanCondition)

   LifecycleAutoConfiguration#defaultLifecycleProcessor matched:
      - @ConditionalOnMissingBean (names: lifecycleProcessor; SearchStrategy: current) did not find any beans (OnBeanCondition)

   MultipartAutoConfiguration matched:
      - @ConditionalOnClass found required classes 'jakarta.servlet.Servlet', 'org.springframework.web.multipart.support.StandardServletMultipartResolver', 'jakarta.servlet.MultipartConfigElement' (OnClassCondition)
      - found 'session' scope (OnWebApplicationCondition)
      - @ConditionalOnBooleanProperty (spring.servlet.multipart.enabled=true) matched (OnPropertyCondition)

   MultipartAutoConfiguration#multipartConfigElement matched:
      - @ConditionalOnMissingBean (types: jakarta.servlet.MultipartConfigElement; SearchStrategy: all) did not find any beans (OnBeanCondition)

   MultipartAutoConfiguration#multipartResolver matched:
      - @ConditionalOnMissingBean (types: org.springframework.web.multipart.MultipartResolver; SearchStrategy: all) did not find any beans (OnBeanCondition)

   NamedParameterJdbcTemplateConfiguration matched:
      - @ConditionalOnSingleCandidate (types: org.springframework.jdbc.core.JdbcTemplate; SearchStrategy: all) found a single bean 'jdbcTemplate'; @ConditionalOnMissingBean (types: org.springframework.jdbc.core.namedparam.NamedParameterJdbcOperations; SearchStrategy: all) did not find any beans (OnBeanCondition)

   PersistenceExceptionTranslationAutoConfiguration matched:
      - @ConditionalOnClass found required class 'org.springframework.dao.annotation.PersistenceExceptionTranslationPostProcessor' (OnClassCondition)

   PersistenceExceptionTranslationAutoConfiguration#persistenceExceptionTranslationPostProcessor matched:
      - @ConditionalOnBooleanProperty (spring.persistence.exceptiontranslation.enabled=true) matched (OnPropertyCondition)
      - @ConditionalOnMissingBean (types: org.springframework.dao.annotation.PersistenceExceptionTranslationPostProcessor; SearchStrategy: all) did not find any beans (OnBeanCondition)

   PropertyPlaceholderAutoConfiguration#propertySourcesPlaceholderConfigurer matched:
      - @ConditionalOnMissingBean (types: org.springframework.context.support.PropertySourcesPlaceholderConfigurer; SearchStrategy: current) did not find any beans (OnBeanCondition)

   SslAutoConfiguration#sslBundleRegistry matched:
      - @ConditionalOnMissingBean (types: org.springframework.boot.ssl.SslBundleRegistry,org.springframework.boot.ssl.SslBundles; SearchStrategy: all) did not find any beans (OnBeanCondition)

   TaskExecutionAutoConfiguration matched:
      - @ConditionalOnClass found required class 'org.springframework.scheduling.concurrent.ThreadPoolTaskExecutor' (OnClassCondition)

   TaskExecutorConfigurations.AsyncConfigurerConfiguration matched:
      - @ConditionalOnMissingBean (types: org.springframework.scheduling.annotation.AsyncConfigurer; SearchStrategy: all) did not find any beans (OnBeanCondition)

   TaskExecutorConfigurations.SimpleAsyncTaskExecutorBuilderConfiguration#simpleAsyncTaskExecutorBuilder matched:
      - @ConditionalOnMissingBean (types: org.springframework.boot.task.SimpleAsyncTaskExecutorBuilder; SearchStrategy: all) did not find any beans (OnBeanCondition)
      - @ConditionalOnThreading found PLATFORM (OnThreadingCondition)

   TaskExecutorConfigurations.TaskExecutorConfiguration matched:
      - AnyNestedCondition 1 matched 1 did not; NestedCondition on TaskExecutorConfigurations.OnExecutorCondition.ModelCondition @ConditionalOnProperty (spring.task.execution.mode=force) did not find property 'spring.task.execution.mode'; NestedCondition on TaskExecutorConfigurations.OnExecutorCondition.ExecutorBeanCondition @ConditionalOnMissingBean (types: java.util.concurrent.Executor; SearchStrategy: all) did not find any beans (TaskExecutorConfigurations.OnExecutorCondition)

   TaskExecutorConfigurations.TaskExecutorConfiguration#applicationTaskExecutor matched:
      - @ConditionalOnThreading found PLATFORM (OnThreadingCondition)

   TaskExecutorConfigurations.ThreadPoolTaskExecutorBuilderConfiguration#threadPoolTaskExecutorBuilder matched:
      - @ConditionalOnMissingBean (types: org.springframework.boot.task.ThreadPoolTaskExecutorBuilder; SearchStrategy: all) did not find any beans (OnBeanCondition)

   TaskSchedulingAutoConfiguration matched:
      - @ConditionalOnClass found required class 'org.springframework.scheduling.concurrent.ThreadPoolTaskScheduler' (OnClassCondition)

   TaskSchedulingConfigurations.SimpleAsyncTaskSchedulerBuilderConfiguration#simpleAsyncTaskSchedulerBuilder matched:
      - @ConditionalOnMissingBean (types: org.springframework.boot.task.SimpleAsyncTaskSchedulerBuilder; SearchStrategy: all) did not find any beans (OnBeanCondition)
      - @ConditionalOnThreading found PLATFORM (OnThreadingCondition)

   TaskSchedulingConfigurations.ThreadPoolTaskSchedulerBuilderConfiguration#threadPoolTaskSchedulerBuilder matched:
      - @ConditionalOnMissingBean (types: org.springframework.boot.task.ThreadPoolTaskSchedulerBuilder; SearchStrategy: all) did not find any beans (OnBeanCondition)

   TomcatServletWebServerAutoConfiguration matched:
      - @ConditionalOnClass found required classes 'jakarta.servlet.ServletRequest', 'org.apache.catalina.startup.Tomcat', 'org.apache.coyote.UpgradeProtocol', 'org.springframework.boot.tomcat.servlet.TomcatServletWebServerFactory' (OnClassCondition)
      - found 'session' scope (OnWebApplicationCondition)

   TomcatServletWebServerAutoConfiguration#tomcatServletWebServerFactory matched:
      - @ConditionalOnMissingBean (types: org.springframework.boot.web.server.servlet.ServletWebServerFactory; SearchStrategy: current) did not find any beans (OnBeanCondition)

   TransactionAutoConfiguration matched:
      - @ConditionalOnClass found required class 'org.springframework.transaction.PlatformTransactionManager' (OnClassCondition)

   TransactionAutoConfiguration.EnableTransactionManagementConfiguration matched:
      - @ConditionalOnBean (types: org.springframework.transaction.TransactionManager; SearchStrategy: all) found bean 'transactionManager'; @ConditionalOnMissingBean (types: org.springframework.transaction.annotation.AbstractTransactionManagementConfiguration; SearchStrategy: all) did not find any beans (OnBeanCondition)

   TransactionAutoConfiguration.EnableTransactionManagementConfiguration.CglibAutoProxyConfiguration matched:
      - @ConditionalOnBooleanProperty (spring.aop.proxy-target-class=true) matched (OnPropertyCondition)

   TransactionAutoConfiguration.TransactionTemplateConfiguration matched:
      - @ConditionalOnSingleCandidate (types: org.springframework.transaction.PlatformTransactionManager; SearchStrategy: all) found a single bean 'transactionManager' (OnBeanCondition)

   TransactionAutoConfiguration.TransactionTemplateConfiguration#transactionTemplate matched:
      - @ConditionalOnMissingBean (types: org.springframework.transaction.support.TransactionOperations; SearchStrategy: all) did not find any beans (OnBeanCondition)

   TransactionManagerCustomizationAutoConfiguration matched:
      - @ConditionalOnClass found required class 'org.springframework.transaction.PlatformTransactionManager' (OnClassCondition)

   TransactionManagerCustomizationAutoConfiguration#platformTransactionManagerCustomizers matched:
      - @ConditionalOnMissingBean (types: org.springframework.boot.transaction.autoconfigure.TransactionManagerCustomizers; SearchStrategy: all) did not find any beans (OnBeanCondition)

   ValidationAutoConfiguration matched:
      - @ConditionalOnClass found required class 'jakarta.validation.executable.ExecutableValidator' (OnClassCondition)
      - @ConditionalOnResource found location classpath:META-INF/services/jakarta.validation.spi.ValidationProvider (OnResourceCondition)

   ValidationAutoConfiguration#defaultValidator matched:
      - @ConditionalOnMissingBean (types: jakarta.validation.Validator; SearchStrategy: all) did not find any beans (OnBeanCondition)

   ValidationAutoConfiguration#methodValidationPostProcessor matched:
      - @ConditionalOnMissingBean (types: org.springframework.validation.beanvalidation.MethodValidationPostProcessor; SearchStrategy: current) did not find any beans (OnBeanCondition)

   WebMvcAutoConfiguration matched:
      - @ConditionalOnClass found required classes 'jakarta.servlet.Servlet', 'org.springframework.web.servlet.DispatcherServlet', 'org.springframework.web.servlet.config.annotation.WebMvcConfigurer' (OnClassCondition)
      - found 'session' scope (OnWebApplicationCondition)
      - @ConditionalOnMissingBean (types: org.springframework.web.servlet.config.annotation.WebMvcConfigurationSupport; SearchStrategy: all) did not find any beans (OnBeanCondition)

   WebMvcAutoConfiguration#formContentFilter matched:
      - @ConditionalOnBooleanProperty (spring.mvc.formcontent.filter.enabled=true) matched (OnPropertyCondition)
      - @ConditionalOnMissingBean (types: org.springframework.web.filter.FormContentFilter; SearchStrategy: all) did not find any beans (OnBeanCondition)

   WebMvcAutoConfiguration.EnableWebMvcConfiguration#flashMapManager matched:
      - @ConditionalOnMissingBean (names: flashMapManager; SearchStrategy: all) did not find any beans (OnBeanCondition)

   WebMvcAutoConfiguration.EnableWebMvcConfiguration#localeResolver matched:
      - @ConditionalOnMissingBean (names: localeResolver; SearchStrategy: all) did not find any beans (OnBeanCondition)

   WebMvcAutoConfiguration.EnableWebMvcConfiguration#viewNameTranslator matched:
      - @ConditionalOnMissingBean (names: viewNameTranslator; SearchStrategy: all) did not find any beans (OnBeanCondition)

   WebMvcAutoConfiguration.WebMvcAutoConfigurationAdapter#defaultViewResolver matched:
      - @ConditionalOnMissingBean (types: org.springframework.web.servlet.view.InternalResourceViewResolver; SearchStrategy: all) did not find any beans (OnBeanCondition)

   WebMvcAutoConfiguration.WebMvcAutoConfigurationAdapter#requestContextFilter matched:
      - @ConditionalOnMissingBean (types: org.springframework.web.context.request.RequestContextListener,org.springframework.web.filter.RequestContextFilter; SearchStrategy: all) did not find any beans (OnBeanCondition)

   WebMvcAutoConfiguration.WebMvcAutoConfigurationAdapter#viewResolver matched:
      - @ConditionalOnBean (types: org.springframework.web.servlet.ViewResolver; SearchStrategy: all) found beans 'defaultViewResolver', 'beanNameViewResolver', 'mvcViewResolver'; @ConditionalOnMissingBean (names: viewResolver types: org.springframework.web.servlet.view.ContentNegotiatingViewResolver; SearchStrategy: all) did not find any beans (OnBeanCondition)


Negative matches:
-----------------

   AopAutoConfiguration.AspectJAutoProxyingConfiguration:
      Did not match:
         - @ConditionalOnClass did not find required class 'org.aspectj.weaver.Advice' (OnClassCondition)

   DataSourceAutoConfiguration.EmbeddedDatabaseConfiguration:
      Did not match:
         - EmbeddedDataSource spring.datasource.url is set (DataSourceAutoConfiguration.EmbeddedDatabaseCondition)

   DataSourceCheckpointRestoreConfiguration:
      Did not match:
         - @ConditionalOnClass did not find required class 'org.crac.Resource' (OnClassCondition)

   DataSourceConfiguration.Dbcp2:
      Did not match:
         - @ConditionalOnClass did not find required class 'org.apache.commons.dbcp2.BasicDataSource' (OnClassCondition)

   DataSourceConfiguration.Generic:
      Did not match:
         - @ConditionalOnProperty (spring.datasource.type) did not find property 'spring.datasource.type' (OnPropertyCondition)

   DataSourceConfiguration.OracleUcp:
      Did not match:
         - @ConditionalOnClass did not find required classes 'oracle.ucp.jdbc.PoolDataSourceImpl', 'oracle.jdbc.OracleConnection' (OnClassCondition)

   DataSourceConfiguration.Tomcat:
      Did not match:
         - @ConditionalOnClass did not find required class 'org.apache.tomcat.jdbc.pool.DataSource' (OnClassCondition)

   DataSourceHealthContributorAutoConfiguration:
      Did not match:
         - @ConditionalOnClass did not find required class 'org.springframework.boot.health.autoconfigure.contributor.ConditionalOnEnabledHealthIndicator' (OnClassCondition)

   DataSourceJmxConfiguration:
      Did not match:
         - @ConditionalOnBooleanProperty (spring.jmx.enabled=true) found different value in property 'spring.jmx.enabled' (OnPropertyCondition)

   DataSourcePoolMetadataProvidersConfiguration.CommonsDbcp2PoolDataSourceMetadataProviderConfiguration:
      Did not match:
         - @ConditionalOnClass did not find required class 'org.apache.commons.dbcp2.BasicDataSource' (OnClassCondition)

   DataSourcePoolMetadataProvidersConfiguration.OracleUcpPoolDataSourceMetadataProviderConfiguration:
      Did not match:
         - @ConditionalOnClass did not find required classes 'oracle.ucp.jdbc.PoolDataSource', 'oracle.jdbc.OracleConnection' (OnClassCondition)

   DataSourcePoolMetadataProvidersConfiguration.TomcatDataSourcePoolMetadataProviderConfiguration:
      Did not match:
         - @ConditionalOnClass did not find required class 'org.apache.tomcat.jdbc.pool.DataSource' (OnClassCondition)

   DataSourcePoolMetricsAutoConfiguration:
      Did not match:
         - @ConditionalOnClass did not find required class 'io.micrometer.core.instrument.MeterRegistry' (OnClassCondition)

   DispatcherServletAutoConfiguration.DispatcherServletConfiguration#multipartResolver:
      Did not match:
         - @ConditionalOnBean (types: org.springframework.web.multipart.MultipartResolver; SearchStrategy: all) did not find any beans of type org.springframework.web.multipart.MultipartResolver (OnBeanCondition)

   GsonHttpMessageConvertersConfiguration:
      Did not match:
         - @ConditionalOnClass did not find required class 'com.google.gson.Gson' (OnClassCondition)

   Jackson2HttpMessageConvertersConfiguration.MappingJackson2HttpMessageConverterConfiguration:
      Did not match:
         - AnyNestedCondition 0 matched 2 did not; NestedCondition on Jackson2HttpMessageConvertersConfiguration.PreferJackson2OrJacksonUnavailableCondition.JacksonUnavailable @ConditionalOnMissingBean (types: org.springframework.boot.http.converter.autoconfigure.JacksonHttpMessageConvertersConfiguration$JacksonJsonHttpMessageConvertersCustomizer; SearchStrategy: all) found beans of type 'org.springframework.boot.http.converter.autoconfigure.JacksonHttpMessageConvertersConfiguration$JacksonJsonHttpMessageConvertersCustomizer' jacksonJsonHttpMessageConvertersCustomizer; NestedCondition on Jackson2HttpMessageConvertersConfiguration.PreferJackson2OrJacksonUnavailableCondition.Jackson2Preferred @ConditionalOnProperty (spring.http.converters.preferred-json-mapper=jackson2) did not find property 'spring.http.converters.preferred-json-mapper' (Jackson2HttpMessageConvertersConfiguration.PreferJackson2OrJacksonUnavailableCondition)
      Matched:
         - @ConditionalOnClass found required class 'com.fasterxml.jackson.databind.ObjectMapper' (OnClassCondition)

   Jackson2HttpMessageConvertersConfiguration.MappingJackson2XmlHttpMessageConverterConfiguration:
      Did not match:
         - @ConditionalOnClass did not find required class 'com.fasterxml.jackson.dataformat.xml.XmlMapper' (OnClassCondition)

   JacksonAutoConfiguration.CborConfiguration:
      Did not match:
         - @ConditionalOnClass did not find required class 'tools.jackson.dataformat.cbor.CBORMapper' (OnClassCondition)

   JacksonAutoConfiguration.XmlConfiguration:
      Did not match:
         - @ConditionalOnClass did not find required class 'tools.jackson.dataformat.xml.XmlMapper' (OnClassCondition)

   JacksonHttpMessageConvertersConfiguration.JacksonXmlHttpMessageConverterConfiguration:
      Did not match:
         - @ConditionalOnClass did not find required class 'tools.jackson.dataformat.xml.XmlMapper' (OnClassCondition)

   JmxAutoConfiguration:
      Did not match:
         - @ConditionalOnBooleanProperty (spring.jmx.enabled=true) found different value in property 'spring.jmx.enabled' (OnPropertyCondition)
      Matched:
         - @ConditionalOnClass found required class 'org.springframework.jmx.export.MBeanExporter' (OnClassCondition)

   JndiDataSourceAutoConfiguration:
      Did not match:
         - @ConditionalOnProperty (spring.datasource.jndi-name) did not find property 'spring.datasource.jndi-name' (OnPropertyCondition)
      Matched:
         - @ConditionalOnClass found required classes 'javax.sql.DataSource', 'org.springframework.jdbc.datasource.embedded.EmbeddedDatabaseType' (OnClassCondition)

   JsonbHttpMessageConvertersConfiguration:
      Did not match:
         - @ConditionalOnClass did not find required class 'jakarta.json.bind.Jsonb' (OnClassCondition)

   JtaAutoConfiguration:
      Did not match:
         - @ConditionalOnClass did not find required class 'jakarta.transaction.Transaction' (OnClassCondition)

   KotlinSerializationHttpMessageConvertersConfiguration:
      Did not match:
         - @ConditionalOnClass did not find required classes 'kotlinx.serialization.Serializable', 'kotlinx.serialization.json.Json' (OnClassCondition)

   MessageSourceAutoConfiguration:
      Did not match:
         - ResourceBundle did not find bundle with basename messages (MessageSourceAutoConfiguration.ResourceBundleCondition)

   ProjectInfoAutoConfiguration#buildProperties:
      Did not match:
         - @ConditionalOnResource did not find resource '${spring.info.build.location:classpath:META-INF/build-info.properties}' (OnResourceCondition)

   ProjectInfoAutoConfiguration#gitProperties:
      Did not match:
         - GitResource did not find git info at classpath:git.properties (ProjectInfoAutoConfiguration.GitResourceAvailableCondition)

   ServletHttpExchangesAutoConfiguration:
      Did not match:
         - @ConditionalOnBean did not find required type 'org.springframework.boot.actuate.web.exchanges.HttpExchangeRepository' (OnBeanCondition)

   ServletManagementContextAutoConfiguration:
      Did not match:
         - @ConditionalOnClass did not find required class 'org.springframework.boot.actuate.autoconfigure.endpoint.web.WebEndpointProperties' (OnClassCondition)

   ServletMappingsAutoConfiguration:
      Did not match:
         - @ConditionalOnClass did not find required class 'org.springframework.boot.actuate.autoconfigure.endpoint.condition.ConditionalOnAvailableEndpoint' (OnClassCondition)

   ServletWebServerConfiguration#forwardedHeaderFilter:
      Did not match:
         - @ConditionalOnProperty (server.forward-headers-strategy=framework) did not find property 'server.forward-headers-strategy' (OnPropertyCondition)

   SpringApplicationAdminJmxAutoConfiguration:
      Did not match:
         - @ConditionalOnBooleanProperty (spring.application.admin.enabled=true) did not find property 'spring.application.admin.enabled' (OnPropertyCondition)

   TaskExecutorConfigurations.AsyncConfigurerWrapperConfiguration:
      Did not match:
         - @ConditionalOnBean (types: org.springframework.scheduling.annotation.AsyncConfigurer; SearchStrategy: all) did not find any beans of type org.springframework.scheduling.annotation.AsyncConfigurer (OnBeanCondition)

   TaskExecutorConfigurations.SimpleAsyncTaskExecutorBuilderConfiguration#simpleAsyncTaskExecutorBuilderVirtualThreads:
      Did not match:
         - @ConditionalOnMissingBean (types: org.springframework.boot.task.SimpleAsyncTaskExecutorBuilder; SearchStrategy: all) found beans of type 'org.springframework.boot.task.SimpleAsyncTaskExecutorBuilder' simpleAsyncTaskExecutorBuilder (OnBeanCondition)

   TaskExecutorConfigurations.TaskExecutorConfiguration#applicationTaskExecutorVirtualThreads:
      Did not match:
         - @ConditionalOnThreading did not find VIRTUAL (OnThreadingCondition)

   TaskSchedulingAutoConfiguration#scheduledBeanLazyInitializationExcludeFilter:
      Did not match:
         - @ConditionalOnBean (names: org.springframework.scheduling.config.internalScheduledAnnotationProcessor; SearchStrategy: all) did not find any beans named org.springframework.scheduling.config.internalScheduledAnnotationProcessor (OnBeanCondition)

   TaskSchedulingConfigurations.SimpleAsyncTaskSchedulerBuilderConfiguration#simpleAsyncTaskSchedulerBuilderVirtualThreads:
      Did not match:
         - @ConditionalOnMissingBean (types: org.springframework.boot.task.SimpleAsyncTaskSchedulerBuilder; SearchStrategy: all) found beans of type 'org.springframework.boot.task.SimpleAsyncTaskSchedulerBuilder' simpleAsyncTaskSchedulerBuilder (OnBeanCondition)

   TaskSchedulingConfigurations.TaskSchedulerConfiguration:
      Did not match:
         - @ConditionalOnBean (names: org.springframework.scheduling.config.internalScheduledAnnotationProcessor; SearchStrategy: all) did not find any beans named org.springframework.scheduling.config.internalScheduledAnnotationProcessor (OnBeanCondition)

   TomcatMetricsAutoConfiguration:
      Did not match:
         - @ConditionalOnClass did not find required class 'io.micrometer.core.instrument.binder.tomcat.TomcatMetrics' (OnClassCondition)

   TomcatReactiveManagementContextAutoConfiguration:
      Did not match:
         - @ConditionalOnClass did not find required class 'org.springframework.boot.actuate.autoconfigure.web.server.ManagementContextFactory' (OnClassCondition)

   TomcatReactiveWebServerAutoConfiguration:
      Did not match:
         - @ConditionalOnWebApplication did not find reactive web application classes (OnWebApplicationCondition)

   TomcatServletManagementContextAutoConfiguration:
      Did not match:
         - @ConditionalOnClass did not find required class 'org.springframework.boot.actuate.autoconfigure.web.server.ManagementContextFactory' (OnClassCondition)

   TomcatServletWebServerAutoConfiguration#tomcatForwardedHeaderFilterCustomizer:
      Did not match:
         - @ConditionalOnProperty (server.forward-headers-strategy=framework) did not find property 'server.forward-headers-strategy' (OnPropertyCondition)

   TomcatWebServerConfiguration:
      Did not match:
         - Application is deployed as a WAR file. (OnWarDeploymentCondition)

   TransactionAutoConfiguration#transactionalOperator:
      Did not match:
         - @ConditionalOnSingleCandidate (types: org.springframework.transaction.ReactiveTransactionManager; SearchStrategy: all) did not find any beans (OnBeanCondition)

   TransactionAutoConfiguration.AspectJTransactionManagementConfiguration:
      Did not match:
         - @ConditionalOnBean did not find required type 'org.springframework.transaction.aspectj.AbstractTransactionAspect' (OnBeanCondition)
         - @ConditionalOnBean (types: org.springframework.transaction.aspectj.AbstractTransactionAspect; SearchStrategy: all) did not find any beans of type org.springframework.transaction.aspectj.AbstractTransactionAspect (OnBeanCondition)

   TransactionAutoConfiguration.EnableTransactionManagementConfiguration.JdkDynamicAutoProxyConfiguration:
      Did not match:
         - @ConditionalOnBooleanProperty (spring.aop.proxy-target-class=false) did not find property 'spring.aop.proxy-target-class' (OnPropertyCondition)

   WebMvcAutoConfiguration#hiddenHttpMethodFilter:
      Did not match:
         - @ConditionalOnBooleanProperty (spring.mvc.hiddenmethod.filter.enabled=true) did not find property 'spring.mvc.hiddenmethod.filter.enabled' (OnPropertyCondition)

   WebMvcAutoConfiguration.ProblemDetailsErrorHandlingConfiguration:
      Did not match:
         - @ConditionalOnBooleanProperty (spring.mvc.problemdetails.enabled=true) did not find property 'spring.mvc.problemdetails.enabled' (OnPropertyCondition)

   WebMvcAutoConfiguration.ResourceChainCustomizerConfiguration:
      Did not match:
         - @ConditionalOnEnabledResourceChain did not find class org.webjars.WebJarVersionLocator (OnEnabledResourceChainCondition)

   WebMvcAutoConfiguration.WebMvcAutoConfigurationAdapter#beanNameViewResolver:
      Did not match:
         - @ConditionalOnMissingBean (types: org.springframework.web.servlet.view.BeanNameViewResolver; SearchStrategy: all) found beans of type 'org.springframework.web.servlet.view.BeanNameViewResolver' beanNameViewResolver (OnBeanCondition)

   WebMvcHealthEndpointExtensionAutoConfiguration:
      Did not match:
         - @ConditionalOnClass did not find required class 'org.springframework.boot.health.actuate.endpoint.HealthEndpoint' (OnClassCondition)

   WebMvcMappingsAutoConfiguration:
      Did not match:
         - @ConditionalOnClass did not find required class 'org.springframework.boot.actuate.autoconfigure.endpoint.condition.ConditionalOnAvailableEndpoint' (OnClassCondition)

   WebMvcObservationAutoConfiguration:
      Did not match:
         - @ConditionalOnClass did not find required class 'org.springframework.boot.micrometer.observation.autoconfigure.ObservationProperties' (OnClassCondition)

   XADataSourceAutoConfiguration:
      Did not match:
         - @ConditionalOnClass did not find required class 'jakarta.transaction.TransactionManager' (OnClassCondition)


Exclusions:
-----------

    None


Unconditional classes:
----------------------

    org.springframework.boot.autoconfigure.context.ConfigurationPropertiesAutoConfiguration

    org.springframework.boot.autoconfigure.ssl.SslAutoConfiguration

    org.springframework.boot.autoconfigure.context.LifecycleAutoConfiguration

    org.springframework.boot.autoconfigure.context.PropertyPlaceholderAutoConfiguration

    org.springframework.boot.autoconfigure.availability.ApplicationAvailabilityAutoConfiguration

    org.springframework.boot.autoconfigure.info.ProjectInfoAutoConfiguration



2026-06-30T12:45:04.210+08:00  INFO 22952 --- [           main] c.i.p.m.a.ApplicationServiceTest         : Started ApplicationServiceTest in 1.567 seconds (process running for 2.552)
2026-06-30T12:45:04.211+08:00 DEBUG 22952 --- [           main] o.s.b.a.ApplicationAvailabilityBean      : Application availability state LivenessState changed to CORRECT
2026-06-30T12:45:04.214+08:00 DEBUG 22952 --- [           main] o.s.b.a.ApplicationAvailabilityBean      : Application availability state ReadinessState changed to ACCEPTING_TRAFFIC
2026-06-30T12:45:04.635+08:00 DEBUG 22952 --- [           main] o.s.jdbc.core.JdbcTemplate               : Executing SQL query [select coalesce(max(id), 0) + 1 from biz_application]
2026-06-30T12:45:04.647+08:00 DEBUG 22952 --- [           main] o.s.jdbc.core.JdbcTemplate               : Executing prepared SQL update
2026-06-30T12:45:04.648+08:00 DEBUG 22952 --- [           main] o.s.jdbc.core.JdbcTemplate               : Executing prepared SQL statement [insert into biz_application (
    id, application_no, application_type, template_id, applicant_user_id, student_id,
    title, purpose, form_data_json, status, current_approver_id, submitted_at,
    created_at, updated_at, is_deleted
) values (?, ?, 'certificate', 1, 1, 3, '跨班级申请', '测试数据范围', '{}', 'submitted', 8,
    current_timestamp, current_timestamp, current_timestamp, 0)
]
2026-06-30T12:45:04.676+08:00 DEBUG 22952 --- [           main] o.s.jdbc.core.JdbcTemplate               : Executing prepared SQL query
2026-06-30T12:45:04.676+08:00 DEBUG 22952 --- [           main] o.s.jdbc.core.JdbcTemplate               : Executing prepared SQL statement [select a.id, a.application_no, a.application_type, a.template_id, a.applicant_user_id,
       a.student_id, a.title, a.purpose, a.form_data_json, a.status,
       coalesce(u.real_name, '-') as current_approver, a.submitted_at
  from biz_application a
  left join sys_user u on u.id = a.current_approver_id
 where a.id = ? and a.is_deleted = 0
]
2026-06-30T12:45:04.680+08:00 DEBUG 22952 --- [           main] o.s.jdbc.core.JdbcTemplate               : Executing prepared SQL query
2026-06-30T12:45:04.680+08:00 DEBUG 22952 --- [           main] o.s.jdbc.core.JdbcTemplate               : Executing prepared SQL statement [select class_name from stu_student where id = ? and is_deleted = 0]
]]></system-out>
  </testcase>
  <testcase name="collegeLeaderCanSeePendingApplicationsAcrossClasses" classname="com.ise.platform.modules.application.ApplicationServiceTest" time="0.034">
    <system-out><![CDATA[2026-06-30T12:45:04.702+08:00 DEBUG 22952 --- [           main] o.s.jdbc.core.JdbcTemplate               : Executing SQL query [select coalesce(max(id), 0) + 1 from biz_application]
2026-06-30T12:45:04.703+08:00 DEBUG 22952 --- [           main] o.s.jdbc.core.JdbcTemplate               : Executing prepared SQL update
2026-06-30T12:45:04.703+08:00 DEBUG 22952 --- [           main] o.s.jdbc.core.JdbcTemplate               : Executing prepared SQL statement [insert into biz_application (
    id, application_no, application_type, template_id, applicant_user_id, student_id,
    title, purpose, form_data_json, status, current_approver_id, submitted_at,
    created_at, updated_at, is_deleted
) values (?, ?, 'certificate', 1, 1, 3, '跨班级申请', '测试数据范围', '{}', 'submitted', 8,
    current_timestamp, current_timestamp, current_timestamp, 0)
]
2026-06-30T12:45:04.704+08:00 DEBUG 22952 --- [           main] o.s.jdbc.core.JdbcTemplate               : Executing prepared SQL query
2026-06-30T12:45:04.704+08:00 DEBUG 22952 --- [           main] o.s.jdbc.core.JdbcTemplate               : Executing prepared SQL statement [select count(*)
  from biz_application a
  left join stu_student s on s.id = a.student_id
 where a.is_deleted = 0
   and (? is null or lower(a.application_type) = ?)
   and (? is null or a.template_id = ?)
   and ((? is not null and lower(a.status) = ?)
        or (? is null and a.status in ('submitted', 'reviewing')))
   
]
2026-06-30T12:45:04.712+08:00 DEBUG 22952 --- [           main] o.s.jdbc.core.JdbcTemplate               : Executing prepared SQL query
2026-06-30T12:45:04.712+08:00 DEBUG 22952 --- [           main] o.s.jdbc.core.JdbcTemplate               : Executing prepared SQL statement [select a.id, a.application_no, a.application_type, a.title, a.purpose, a.status,
       coalesce(u.real_name, '-') as current_approver, a.submitted_at, a.form_data_json
  from biz_application a
  left join sys_user u on u.id = a.current_approver_id
  left join stu_student s on s.id = a.student_id
 where a.is_deleted = 0
   and (? is null or lower(a.application_type) = ?)
   and (? is null or a.template_id = ?)
   and ((? is not null and lower(a.status) = ?)
        or (? is null and a.status in ('submitted', 'reviewing')))
   
 order by a.submitted_at desc, a.id desc
 limit ? offset ?
]
]]></system-out>
  </testcase>
  <testcase name="createdApplicationShouldSurviveServiceReadBackFromDatabase" classname="com.ise.platform.modules.application.ApplicationServiceTest" time="0.036">
    <system-out><![CDATA[2026-06-30T12:45:04.738+08:00 DEBUG 22952 --- [           main] o.s.jdbc.core.JdbcTemplate               : Executing SQL query [select coalesce(max(id), 0) + 1 from biz_application]
2026-06-30T12:45:04.749+08:00 DEBUG 22952 --- [           main] o.s.jdbc.core.JdbcTemplate               : Executing prepared SQL update
2026-06-30T12:45:04.750+08:00 DEBUG 22952 --- [           main] o.s.jdbc.core.JdbcTemplate               : Executing prepared SQL statement [insert into biz_application (
    id, application_no, application_type, template_id, applicant_user_id, student_id,
    title, purpose, form_data_json, status, current_approver_id, submitted_at,
    created_at, updated_at, is_deleted
) values (?, ?, ?, ?, ?, ?, ?, ?, ?, 'submitted', ?, ?, ?, ?, 0)
]
2026-06-30T12:45:04.752+08:00 DEBUG 22952 --- [           main] o.s.jdbc.core.JdbcTemplate               : Executing SQL query [select coalesce(max(id), 0) + 1 from biz_approval_record]
2026-06-30T12:45:04.753+08:00 DEBUG 22952 --- [           main] o.s.jdbc.core.JdbcTemplate               : Executing prepared SQL update
2026-06-30T12:45:04.753+08:00 DEBUG 22952 --- [           main] o.s.jdbc.core.JdbcTemplate               : Executing prepared SQL statement [insert into biz_approval_record (
    id, application_id, approver_user_id, action_type, action_comment,
    before_status, after_status, action_time
) values (?, ?, ?, ?, ?, ?, ?, ?)
]
2026-06-30T12:45:04.754+08:00 DEBUG 22952 --- [           main] o.s.jdbc.core.JdbcTemplate               : Executing prepared SQL query
2026-06-30T12:45:04.755+08:00 DEBUG 22952 --- [           main] o.s.jdbc.core.JdbcTemplate               : Executing prepared SQL statement [select count(*)
  from biz_application
 where is_deleted = 0
   and applicant_user_id = ?
   and (? is null or lower(application_type) = ?)
   and (? is null or lower(status) = ?)
]
2026-06-30T12:45:04.756+08:00 DEBUG 22952 --- [           main] o.s.jdbc.core.JdbcTemplate               : Executing prepared SQL query
2026-06-30T12:45:04.756+08:00 DEBUG 22952 --- [           main] o.s.jdbc.core.JdbcTemplate               : Executing prepared SQL statement [select a.id, a.application_no, a.application_type, a.title, a.purpose, a.status,
       coalesce(u.real_name, '-') as current_approver, a.submitted_at, a.form_data_json
  from biz_application a
  left join sys_user u on u.id = a.current_approver_id
 where a.is_deleted = 0
   and a.applicant_user_id = ?
   and (? is null or lower(a.application_type) = ?)
   and (? is null or lower(a.status) = ?)
 order by a.submitted_at desc, a.id desc
 limit ? offset ?
]
2026-06-30T12:45:04.759+08:00 DEBUG 22952 --- [           main] o.s.jdbc.core.JdbcTemplate               : Executing prepared SQL query
2026-06-30T12:45:04.759+08:00 DEBUG 22952 --- [           main] o.s.jdbc.core.JdbcTemplate               : Executing prepared SQL statement [select a.id, a.application_no, a.application_type, a.template_id, a.applicant_user_id,
       a.student_id, a.title, a.purpose, a.form_data_json, a.status,
       coalesce(u.real_name, '-') as current_approver, a.submitted_at
  from biz_application a
  left join sys_user u on u.id = a.current_approver_id
 where a.id = ? and a.is_deleted = 0
]
2026-06-30T12:45:04.761+08:00 DEBUG 22952 --- [           main] o.s.jdbc.core.JdbcTemplate               : Executing prepared SQL query
2026-06-30T12:45:04.762+08:00 DEBUG 22952 --- [           main] o.s.jdbc.core.JdbcTemplate               : Executing prepared SQL statement [select r.action_type, r.action_comment, r.action_time, u.real_name
  from biz_approval_record r
  left join sys_user u on u.id = r.approver_user_id
 where r.application_id = ?
 order by r.action_time asc, r.id asc
]
2026-06-30T12:45:04.768+08:00 DEBUG 22952 --- [           main] o.s.jdbc.core.JdbcTemplate               : Executing prepared SQL query
2026-06-30T12:45:04.768+08:00 DEBUG 22952 --- [           main] o.s.jdbc.core.JdbcTemplate               : Executing prepared SQL statement [select count(*) from biz_application where application_no = ?]
]]></system-out>
  </testcase>
  <testcase name="applicantCanRevokeReviewingApplication" classname="com.ise.platform.modules.application.ApplicationServiceTest" time="0.01">
    <system-out><![CDATA[2026-06-30T12:45:04.776+08:00 DEBUG 22952 --- [           main] o.s.jdbc.core.JdbcTemplate               : Executing prepared SQL query
2026-06-30T12:45:04.776+08:00 DEBUG 22952 --- [           main] o.s.jdbc.core.JdbcTemplate               : Executing prepared SQL statement [select a.id, a.application_no, a.application_type, a.template_id, a.applicant_user_id,
       a.student_id, a.title, a.purpose, a.form_data_json, a.status,
       coalesce(u.real_name, '-') as current_approver, a.submitted_at
  from biz_application a
  left join sys_user u on u.id = a.current_approver_id
 where a.id = ? and a.is_deleted = 0
]
2026-06-30T12:45:04.777+08:00 DEBUG 22952 --- [           main] o.s.jdbc.core.JdbcTemplate               : Executing prepared SQL update
2026-06-30T12:45:04.777+08:00 DEBUG 22952 --- [           main] o.s.jdbc.core.JdbcTemplate               : Executing prepared SQL statement [update biz_application
   set status = 'revoked',
       current_approver_id = null,
       finished_at = ?,
       revoke_reason = ?,
       updated_at = ?
 where id = ? and is_deleted = 0
]
2026-06-30T12:45:04.779+08:00 DEBUG 22952 --- [           main] o.s.jdbc.core.JdbcTemplate               : Executing SQL query [select coalesce(max(id), 0) + 1 from biz_approval_record]
2026-06-30T12:45:04.779+08:00 DEBUG 22952 --- [           main] o.s.jdbc.core.JdbcTemplate               : Executing prepared SQL update
2026-06-30T12:45:04.779+08:00 DEBUG 22952 --- [           main] o.s.jdbc.core.JdbcTemplate               : Executing prepared SQL statement [insert into biz_approval_record (
    id, application_id, approver_user_id, action_type, action_comment,
    before_status, after_status, action_time
) values (?, ?, ?, ?, ?, ?, ?, ?)
]
2026-06-30T12:45:04.780+08:00 DEBUG 22952 --- [           main] o.s.jdbc.core.JdbcTemplate               : Executing prepared SQL query
2026-06-30T12:45:04.780+08:00 DEBUG 22952 --- [           main] o.s.jdbc.core.JdbcTemplate               : Executing prepared SQL statement [select a.id, a.application_no, a.application_type, a.template_id, a.applicant_user_id,
       a.student_id, a.title, a.purpose, a.form_data_json, a.status,
       coalesce(u.real_name, '-') as current_approver, a.submitted_at
  from biz_application a
  left join sys_user u on u.id = a.current_approver_id
 where a.id = ? and a.is_deleted = 0
]
2026-06-30T12:45:04.781+08:00 DEBUG 22952 --- [           main] o.s.jdbc.core.JdbcTemplate               : Executing prepared SQL query
2026-06-30T12:45:04.781+08:00 DEBUG 22952 --- [           main] o.s.jdbc.core.JdbcTemplate               : Executing prepared SQL statement [select r.action_type, r.action_comment, r.action_time, u.real_name
  from biz_approval_record r
  left join sys_user u on u.id = r.approver_user_id
 where r.application_id = ?
 order by r.action_time asc, r.id asc
]
]]></system-out>
  </testcase>
  <testcase name="managerCanOnlySeePendingApplicationsFromManagedClass" classname="com.ise.platform.modules.application.ApplicationServiceTest" time="0.01">
    <system-out><![CDATA[2026-06-30T12:45:04.786+08:00 DEBUG 22952 --- [           main] o.s.jdbc.core.JdbcTemplate               : Executing SQL query [select coalesce(max(id), 0) + 1 from biz_application]
2026-06-30T12:45:04.786+08:00 DEBUG 22952 --- [           main] o.s.jdbc.core.JdbcTemplate               : Executing prepared SQL update
2026-06-30T12:45:04.787+08:00 DEBUG 22952 --- [           main] o.s.jdbc.core.JdbcTemplate               : Executing prepared SQL statement [insert into biz_application (
    id, application_no, application_type, template_id, applicant_user_id, student_id,
    title, purpose, form_data_json, status, current_approver_id, submitted_at,
    created_at, updated_at, is_deleted
) values (?, ?, 'certificate', 1, 1, 3, '跨班级申请', '测试数据范围', '{}', 'submitted', 8,
    current_timestamp, current_timestamp, current_timestamp, 0)
]
2026-06-30T12:45:04.788+08:00 DEBUG 22952 --- [           main] o.s.jdbc.core.JdbcTemplate               : Executing prepared SQL query
2026-06-30T12:45:04.788+08:00 DEBUG 22952 --- [           main] o.s.jdbc.core.JdbcTemplate               : Executing prepared SQL statement [select count(*)
  from biz_application a
  left join stu_student s on s.id = a.student_id
 where a.is_deleted = 0
   and (? is null or lower(a.application_type) = ?)
   and (? is null or a.template_id = ?)
   and ((? is not null and lower(a.status) = ?)
        or (? is null and a.status in ('submitted', 'reviewing')))
   and s.class_name in (?)
]
2026-06-30T12:45:04.789+08:00 DEBUG 22952 --- [           main] o.s.jdbc.core.JdbcTemplate               : Executing prepared SQL query
2026-06-30T12:45:04.789+08:00 DEBUG 22952 --- [           main] o.s.jdbc.core.JdbcTemplate               : Executing prepared SQL statement [select a.id, a.application_no, a.application_type, a.title, a.purpose, a.status,
       coalesce(u.real_name, '-') as current_approver, a.submitted_at, a.form_data_json
  from biz_application a
  left join sys_user u on u.id = a.current_approver_id
  left join stu_student s on s.id = a.student_id
 where a.is_deleted = 0
   and (? is null or lower(a.application_type) = ?)
   and (? is null or a.template_id = ?)
   and ((? is not null and lower(a.status) = ?)
        or (? is null and a.status in ('submitted', 'reviewing')))
   and s.class_name in (?)
 order by a.submitted_at desc, a.id desc
 limit ? offset ?
]
]]></system-out>
  </testcase>
  <testcase name="studentCannotApproveApplication" classname="com.ise.platform.modules.application.ApplicationServiceTest" time="0.002"/>
  <testcase name="managerCanApproveSubmittedApplication" classname="com.ise.platform.modules.application.ApplicationServiceTest" time="0.02">
    <system-out><![CDATA[2026-06-30T12:45:04.801+08:00 DEBUG 22952 --- [           main] o.s.jdbc.core.JdbcTemplate               : Executing SQL query [select coalesce(max(id), 0) + 1 from biz_application]
2026-06-30T12:45:04.802+08:00 DEBUG 22952 --- [           main] o.s.jdbc.core.JdbcTemplate               : Executing prepared SQL update
2026-06-30T12:45:04.802+08:00 DEBUG 22952 --- [           main] o.s.jdbc.core.JdbcTemplate               : Executing prepared SQL statement [insert into biz_application (
    id, application_no, application_type, template_id, applicant_user_id, student_id,
    title, purpose, form_data_json, status, current_approver_id, submitted_at,
    created_at, updated_at, is_deleted
) values (?, ?, ?, ?, ?, ?, ?, ?, ?, 'submitted', ?, ?, ?, ?, 0)
]
2026-06-30T12:45:04.803+08:00 DEBUG 22952 --- [           main] o.s.jdbc.core.JdbcTemplate               : Executing SQL query [select coalesce(max(id), 0) + 1 from biz_approval_record]
2026-06-30T12:45:04.803+08:00 DEBUG 22952 --- [           main] o.s.jdbc.core.JdbcTemplate               : Executing prepared SQL update
2026-06-30T12:45:04.803+08:00 DEBUG 22952 --- [           main] o.s.jdbc.core.JdbcTemplate               : Executing prepared SQL statement [insert into biz_approval_record (
    id, application_id, approver_user_id, action_type, action_comment,
    before_status, after_status, action_time
) values (?, ?, ?, ?, ?, ?, ?, ?)
]
2026-06-30T12:45:04.804+08:00 DEBUG 22952 --- [           main] o.s.jdbc.core.JdbcTemplate               : Executing prepared SQL query
2026-06-30T12:45:04.804+08:00 DEBUG 22952 --- [           main] o.s.jdbc.core.JdbcTemplate               : Executing prepared SQL statement [select count(*)
  from biz_application
 where is_deleted = 0
   and applicant_user_id = ?
   and (? is null or lower(application_type) = ?)
   and (? is null or lower(status) = ?)
]
2026-06-30T12:45:04.804+08:00 DEBUG 22952 --- [           main] o.s.jdbc.core.JdbcTemplate               : Executing prepared SQL query
2026-06-30T12:45:04.805+08:00 DEBUG 22952 --- [           main] o.s.jdbc.core.JdbcTemplate               : Executing prepared SQL statement [select a.id, a.application_no, a.application_type, a.title, a.purpose, a.status,
       coalesce(u.real_name, '-') as current_approver, a.submitted_at, a.form_data_json
  from biz_application a
  left join sys_user u on u.id = a.current_approver_id
 where a.is_deleted = 0
   and a.applicant_user_id = ?
   and (? is null or lower(a.application_type) = ?)
   and (? is null or lower(a.status) = ?)
 order by a.submitted_at desc, a.id desc
 limit ? offset ?
]
2026-06-30T12:45:04.807+08:00 DEBUG 22952 --- [           main] o.s.jdbc.core.JdbcTemplate               : Executing prepared SQL query
2026-06-30T12:45:04.808+08:00 DEBUG 22952 --- [           main] o.s.jdbc.core.JdbcTemplate               : Executing prepared SQL statement [select count(*)
  from biz_application a
  left join stu_student s on s.id = a.student_id
 where a.is_deleted = 0
   and (? is null or lower(a.application_type) = ?)
   and (? is null or a.template_id = ?)
   and ((? is not null and lower(a.status) = ?)
        or (? is null and a.status in ('submitted', 'reviewing')))
   and s.class_name in (?)
]
2026-06-30T12:45:04.809+08:00 DEBUG 22952 --- [           main] o.s.jdbc.core.JdbcTemplate               : Executing prepared SQL query
2026-06-30T12:45:04.809+08:00 DEBUG 22952 --- [           main] o.s.jdbc.core.JdbcTemplate               : Executing prepared SQL statement [select a.id, a.application_no, a.application_type, a.title, a.purpose, a.status,
       coalesce(u.real_name, '-') as current_approver, a.submitted_at, a.form_data_json
  from biz_application a
  left join sys_user u on u.id = a.current_approver_id
  left join stu_student s on s.id = a.student_id
 where a.is_deleted = 0
   and (? is null or lower(a.application_type) = ?)
   and (? is null or a.template_id = ?)
   and ((? is not null and lower(a.status) = ?)
        or (? is null and a.status in ('submitted', 'reviewing')))
   and s.class_name in (?)
 order by a.submitted_at desc, a.id desc
 limit ? offset ?
]
2026-06-30T12:45:04.812+08:00 DEBUG 22952 --- [           main] o.s.jdbc.core.JdbcTemplate               : Executing prepared SQL query
2026-06-30T12:45:04.812+08:00 DEBUG 22952 --- [           main] o.s.jdbc.core.JdbcTemplate               : Executing prepared SQL statement [select a.id, a.application_no, a.application_type, a.template_id, a.applicant_user_id,
       a.student_id, a.title, a.purpose, a.form_data_json, a.status,
       coalesce(u.real_name, '-') as current_approver, a.submitted_at
  from biz_application a
  left join sys_user u on u.id = a.current_approver_id
 where a.id = ? and a.is_deleted = 0
]
2026-06-30T12:45:04.814+08:00 DEBUG 22952 --- [           main] o.s.jdbc.core.JdbcTemplate               : Executing prepared SQL query
2026-06-30T12:45:04.814+08:00 DEBUG 22952 --- [           main] o.s.jdbc.core.JdbcTemplate               : Executing prepared SQL statement [select class_name from stu_student where id = ? and is_deleted = 0]
2026-06-30T12:45:04.814+08:00 DEBUG 22952 --- [           main] o.s.jdbc.core.JdbcTemplate               : Executing prepared SQL update
2026-06-30T12:45:04.814+08:00 DEBUG 22952 --- [           main] o.s.jdbc.core.JdbcTemplate               : Executing prepared SQL statement [update biz_application
   set status = ?,
       current_approver_id = null,
       finished_at = ?,
       updated_at = ?
 where id = ? and is_deleted = 0
]
2026-06-30T12:45:04.815+08:00 DEBUG 22952 --- [           main] o.s.jdbc.core.JdbcTemplate               : Executing SQL query [select coalesce(max(id), 0) + 1 from biz_approval_record]
2026-06-30T12:45:04.815+08:00 DEBUG 22952 --- [           main] o.s.jdbc.core.JdbcTemplate               : Executing prepared SQL update
2026-06-30T12:45:04.815+08:00 DEBUG 22952 --- [           main] o.s.jdbc.core.JdbcTemplate               : Executing prepared SQL statement [insert into biz_approval_record (
    id, application_id, approver_user_id, action_type, action_comment,
    before_status, after_status, action_time
) values (?, ?, ?, ?, ?, ?, ?, ?)
]
2026-06-30T12:45:04.816+08:00 DEBUG 22952 --- [           main] o.s.jdbc.core.JdbcTemplate               : Executing prepared SQL query
2026-06-30T12:45:04.816+08:00 DEBUG 22952 --- [           main] o.s.jdbc.core.JdbcTemplate               : Executing prepared SQL statement [select a.id, a.application_no, a.application_type, a.template_id, a.applicant_user_id,
       a.student_id, a.title, a.purpose, a.form_data_json, a.status,
       coalesce(u.real_name, '-') as current_approver, a.submitted_at
  from biz_application a
  left join sys_user u on u.id = a.current_approver_id
 where a.id = ? and a.is_deleted = 0
]
2026-06-30T12:45:04.816+08:00 DEBUG 22952 --- [           main] o.s.jdbc.core.JdbcTemplate               : Executing prepared SQL query
2026-06-30T12:45:04.816+08:00 DEBUG 22952 --- [           main] o.s.jdbc.core.JdbcTemplate               : Executing prepared SQL statement [select r.action_type, r.action_comment, r.action_time, u.real_name
  from biz_approval_record r
  left join sys_user u on u.id = r.approver_user_id
 where r.application_id = ?
 order by r.action_time asc, r.id asc
]
]]></system-out>
  </testcase>
  <testcase name="createShouldReturnSubmittedStatusAndVisibleInMyList" classname="com.ise.platform.modules.application.ApplicationServiceTest" time="0.012">
    <system-out><![CDATA[2026-06-30T12:45:04.822+08:00 DEBUG 22952 --- [           main] o.s.jdbc.core.JdbcTemplate               : Executing SQL query [select coalesce(max(id), 0) + 1 from biz_application]
2026-06-30T12:45:04.822+08:00 DEBUG 22952 --- [           main] o.s.jdbc.core.JdbcTemplate               : Executing prepared SQL update
2026-06-30T12:45:04.822+08:00 DEBUG 22952 --- [           main] o.s.jdbc.core.JdbcTemplate               : Executing prepared SQL statement [insert into biz_application (
    id, application_no, application_type, template_id, applicant_user_id, student_id,
    title, purpose, form_data_json, status, current_approver_id, submitted_at,
    created_at, updated_at, is_deleted
) values (?, ?, ?, ?, ?, ?, ?, ?, ?, 'submitted', ?, ?, ?, ?, 0)
]
2026-06-30T12:45:04.824+08:00 DEBUG 22952 --- [           main] o.s.jdbc.core.JdbcTemplate               : Executing SQL query [select coalesce(max(id), 0) + 1 from biz_approval_record]
2026-06-30T12:45:04.825+08:00 DEBUG 22952 --- [           main] o.s.jdbc.core.JdbcTemplate               : Executing prepared SQL update
2026-06-30T12:45:04.825+08:00 DEBUG 22952 --- [           main] o.s.jdbc.core.JdbcTemplate               : Executing prepared SQL statement [insert into biz_approval_record (
    id, application_id, approver_user_id, action_type, action_comment,
    before_status, after_status, action_time
) values (?, ?, ?, ?, ?, ?, ?, ?)
]
2026-06-30T12:45:04.825+08:00 DEBUG 22952 --- [           main] o.s.jdbc.core.JdbcTemplate               : Executing prepared SQL query
2026-06-30T12:45:04.825+08:00 DEBUG 22952 --- [           main] o.s.jdbc.core.JdbcTemplate               : Executing prepared SQL statement [select count(*)
  from biz_application
 where is_deleted = 0
   and applicant_user_id = ?
   and (? is null or lower(application_type) = ?)
   and (? is null or lower(status) = ?)
]
2026-06-30T12:45:04.827+08:00 DEBUG 22952 --- [           main] o.s.jdbc.core.JdbcTemplate               : Executing prepared SQL query
2026-06-30T12:45:04.827+08:00 DEBUG 22952 --- [           main] o.s.jdbc.core.JdbcTemplate               : Executing prepared SQL statement [select a.id, a.application_no, a.application_type, a.title, a.purpose, a.status,
       coalesce(u.real_name, '-') as current_approver, a.submitted_at, a.form_data_json
  from biz_application a
  left join sys_user u on u.id = a.current_approver_id
 where a.is_deleted = 0
   and a.applicant_user_id = ?
   and (? is null or lower(a.application_type) = ?)
   and (? is null or lower(a.status) = ?)
 order by a.submitted_at desc, a.id desc
 limit ? offset ?
]
]]></system-out>
  </testcase>
  <testcase name="approvalShouldRollbackStatusWhenApprovalRecordInsertFails" classname="com.ise.platform.modules.application.ApplicationServiceTest" time="0.016">
    <system-out><![CDATA[2026-06-30T12:45:04.835+08:00 DEBUG 22952 --- [           main] o.s.jdbc.core.JdbcTemplate               : Executing SQL query [select coalesce(max(id), 0) + 1 from biz_application]
2026-06-30T12:45:04.836+08:00 DEBUG 22952 --- [           main] o.s.jdbc.core.JdbcTemplate               : Executing prepared SQL update
2026-06-30T12:45:04.836+08:00 DEBUG 22952 --- [           main] o.s.jdbc.core.JdbcTemplate               : Executing prepared SQL statement [insert into biz_application (
    id, application_no, application_type, template_id, applicant_user_id, student_id,
    title, purpose, form_data_json, status, current_approver_id, submitted_at,
    created_at, updated_at, is_deleted
) values (?, ?, ?, ?, ?, ?, ?, ?, ?, 'submitted', ?, ?, ?, ?, 0)
]
2026-06-30T12:45:04.837+08:00 DEBUG 22952 --- [           main] o.s.jdbc.core.JdbcTemplate               : Executing SQL query [select coalesce(max(id), 0) + 1 from biz_approval_record]
2026-06-30T12:45:04.837+08:00 DEBUG 22952 --- [           main] o.s.jdbc.core.JdbcTemplate               : Executing prepared SQL update
2026-06-30T12:45:04.837+08:00 DEBUG 22952 --- [           main] o.s.jdbc.core.JdbcTemplate               : Executing prepared SQL statement [insert into biz_approval_record (
    id, application_id, approver_user_id, action_type, action_comment,
    before_status, after_status, action_time
) values (?, ?, ?, ?, ?, ?, ?, ?)
]
2026-06-30T12:45:04.838+08:00 DEBUG 22952 --- [           main] o.s.jdbc.core.JdbcTemplate               : Executing prepared SQL query
2026-06-30T12:45:04.838+08:00 DEBUG 22952 --- [           main] o.s.jdbc.core.JdbcTemplate               : Executing prepared SQL statement [select count(*)
  from biz_application
 where is_deleted = 0
   and applicant_user_id = ?
   and (? is null or lower(application_type) = ?)
   and (? is null or lower(status) = ?)
]
2026-06-30T12:45:04.839+08:00 DEBUG 22952 --- [           main] o.s.jdbc.core.JdbcTemplate               : Executing prepared SQL query
2026-06-30T12:45:04.839+08:00 DEBUG 22952 --- [           main] o.s.jdbc.core.JdbcTemplate               : Executing prepared SQL statement [select a.id, a.application_no, a.application_type, a.title, a.purpose, a.status,
       coalesce(u.real_name, '-') as current_approver, a.submitted_at, a.form_data_json
  from biz_application a
  left join sys_user u on u.id = a.current_approver_id
 where a.is_deleted = 0
   and a.applicant_user_id = ?
   and (? is null or lower(a.application_type) = ?)
   and (? is null or lower(a.status) = ?)
 order by a.submitted_at desc, a.id desc
 limit ? offset ?
]
2026-06-30T12:45:04.841+08:00 DEBUG 22952 --- [           main] o.s.jdbc.core.JdbcTemplate               : Executing prepared SQL query
2026-06-30T12:45:04.841+08:00 DEBUG 22952 --- [           main] o.s.jdbc.core.JdbcTemplate               : Executing prepared SQL statement [select a.id, a.application_no, a.application_type, a.template_id, a.applicant_user_id,
       a.student_id, a.title, a.purpose, a.form_data_json, a.status,
       coalesce(u.real_name, '-') as current_approver, a.submitted_at
  from biz_application a
  left join sys_user u on u.id = a.current_approver_id
 where a.id = ? and a.is_deleted = 0
]
2026-06-30T12:45:04.841+08:00 DEBUG 22952 --- [           main] o.s.jdbc.core.JdbcTemplate               : Executing prepared SQL query
2026-06-30T12:45:04.841+08:00 DEBUG 22952 --- [           main] o.s.jdbc.core.JdbcTemplate               : Executing prepared SQL statement [select class_name from stu_student where id = ? and is_deleted = 0]
2026-06-30T12:45:04.842+08:00 DEBUG 22952 --- [           main] o.s.jdbc.core.JdbcTemplate               : Executing prepared SQL update
2026-06-30T12:45:04.842+08:00 DEBUG 22952 --- [           main] o.s.jdbc.core.JdbcTemplate               : Executing prepared SQL statement [update biz_application
   set status = ?,
       current_approver_id = null,
       finished_at = ?,
       updated_at = ?
 where id = ? and is_deleted = 0
]
2026-06-30T12:45:04.843+08:00 DEBUG 22952 --- [           main] o.s.jdbc.core.JdbcTemplate               : Executing SQL query [select coalesce(max(id), 0) + 1 from biz_approval_record]
2026-06-30T12:45:04.843+08:00 DEBUG 22952 --- [           main] o.s.jdbc.core.JdbcTemplate               : Executing prepared SQL update
2026-06-30T12:45:04.843+08:00 DEBUG 22952 --- [           main] o.s.jdbc.core.JdbcTemplate               : Executing prepared SQL statement [insert into biz_approval_record (
    id, application_id, approver_user_id, action_type, action_comment,
    before_status, after_status, action_time
) values (?, ?, ?, ?, ?, ?, ?, ?)
]
2026-06-30T12:45:04.847+08:00 DEBUG 22952 --- [           main] o.s.jdbc.core.JdbcTemplate               : Executing prepared SQL query
2026-06-30T12:45:04.847+08:00 DEBUG 22952 --- [           main] o.s.jdbc.core.JdbcTemplate               : Executing prepared SQL statement [select a.id, a.application_no, a.application_type, a.template_id, a.applicant_user_id,
       a.student_id, a.title, a.purpose, a.form_data_json, a.status,
       coalesce(u.real_name, '-') as current_approver, a.submitted_at
  from biz_application a
  left join sys_user u on u.id = a.current_approver_id
 where a.id = ? and a.is_deleted = 0
]
2026-06-30T12:45:04.848+08:00 DEBUG 22952 --- [           main] o.s.jdbc.core.JdbcTemplate               : Executing prepared SQL query
2026-06-30T12:45:04.848+08:00 DEBUG 22952 --- [           main] o.s.jdbc.core.JdbcTemplate               : Executing prepared SQL statement [select r.action_type, r.action_comment, r.action_time, u.real_name
  from biz_approval_record r
  left join sys_user u on u.id = r.approver_user_id
 where r.application_id = ?
 order by r.action_time asc, r.id asc
]
]]></system-out>
  </testcase>
</testsuite>