<?xml version="1.0" encoding="UTF-8"?>
<testsuite xmlns:xsi="http://www.w3.org/2001/XMLSchema-instance" xsi:noNamespaceSchemaLocation="https://maven.apache.org/surefire/maven-surefire-plugin/xsd/surefire-test-report.xsd" version="3.0.2" name="com.ise.platform.modules.kb.KbServiceTest" time="0.126" tests="11" errors="0" skipped="0" failures="0" flakes="0">
  <properties>
[...]
</properties>
  <testcase name="qaShouldNotUseHistoryForIndependentNewQuestion" classname="com.ise.platform.modules.kb.KbServiceTest" time="0.009">
    <system-out><![CDATA[2026-06-30T12:45:06.501+08:00 DEBUG 22952 --- [           main] o.s.jdbc.core.JdbcTemplate               : Executing SQL statement [create table if not exists kb_article (
    id bigint primary key,
    title varchar(255),
    summary varchar(500),
    category_label varchar(64),
    publish_status varchar(32),
    version_no varchar(32),
    standard_answer text,
    source_file_name varchar(255),
    source_file_id bigint,
    keywords_text varchar(500),
    view_count int,
    created_at timestamp,
    updated_at timestamp,
    is_deleted smallint
)
]
2026-06-30T12:45:06.503+08:00 DEBUG 22952 --- [           main] o.s.jdbc.core.JdbcTemplate               : Executing SQL update [delete from kb_article]
2026-06-30T12:45:06.503+08:00 DEBUG 22952 --- [           main] o.s.jdbc.core.JdbcTemplate               : Executing SQL update [insert into kb_article (id, title, summary, category_label, publish_status, version_no, standard_answer, source_file_name, source_file_id, keywords_text, view_count, created_at, updated_at, is_deleted)
values
(1, '国家奖学金评定流程说明', '摘要', '奖助', 'published', 'v1', '标准答案', 'source.pdf', null, '奖学金,国家奖学金,评定,材料', 1, current_timestamp(), current_timestamp(), 0),
(3, '党员发展阶段材料清单', '汇总积极分子、发展对象、预备党员各阶段所需材料。', '党团', 'published', 'v1', '党员发展阶段需按节点提交思想汇报、谈话记录、培训记录和志愿服务证明等材料。', 'party-dev.xlsx', null, '党员,思想汇报,发展对象,预备党员', 1, current_timestamp(), current_timestamp(), 0),
(4, '在读证明与成绩证明办理说明', '说明在读证明、成绩证明申请场景和附件要求。', '证明', 'published', 'v1', '在读证明和成绩证明均需填写用途并确认收件单位，审批通过后可下载电子版证明文件。', 'proof.pdf', null, '在读证明,成绩证明,申请,附件', 1, current_timestamp(), current_timestamp(), 0),
(6, '2024级大类培养方案（含辅修）说明', '覆盖培养目标、课程结构、学分要求与辅修路径。', '培养方案', 'published', 'v1', '2024级培养方案包含主修与辅修课程规划，建议结合学院教务通知与个人培养计划同步执行。', '2024-plan.pdf', null, '培养方案,2024级,辅修,学分', 1, current_timestamp(), current_timestamp(), 0),
(7, '2025级大类培养方案解读', '面向 2025 级学生，梳理课程地图与选课建议。', '培养方案', 'published', 'v1', '2025级培养方案强调基础课程与方向模块衔接，建议在导师指导下规划选课路径。', '2025-plan.pdf', null, '培养方案,2025级,课程地图,选课', 1, current_timestamp(), current_timestamp(), 0),
(8, '信息学院 2025 年综合类政策摘要', '汇总学院 2025 年综合类通知重点与办理窗口。', '学院政策', 'published', 'v1', '综合类政策涉及培养、事务办理与相关时间节点，请以学院正式通知为最终依据。', 'policy-2025.pdf', null, '学院政策,综合类,办理窗口,通知', 1, current_timestamp(), current_timestamp(), 0),
(9, '党员证明开具说明', '介绍党员证明模板用途、填写要点与申请流程。', '党团', 'published', 'v1', '党员证明需按学院模板填写并经支部审核后提交，建议同步准备身份信息与用途说明。', 'party-proof.docx', null, '党员证明,党团,模板,开具', 1, current_timestamp(), current_timestamp(), 0),
(10, '团员证明开具说明', '介绍团员证明模板填写规范与常见使用场景。', '党团', 'published', 'v1', '团员证明建议填写完整用途、接收单位与日期，提交前确认模板字段无遗漏。', 'league-proof.docx', null, '团员证明,党团,模板,开具', 1, current_timestamp(), current_timestamp(), 0)
]
2026-06-30T12:45:06.558+08:00 DEBUG 22952 --- [           main] o.s.jdbc.core.JdbcTemplate               : Executing SQL query [select id, title, summary, category_label, standard_answer,
       source_file_name, source_file_id, keywords_text
  from kb_article
 where is_deleted = 0 and publish_status = 'published'
]
2026-06-30T12:45:06.566+08:00  INFO 22952 --- [           main] com.ise.platform.modules.kb.KbService    : kb qa ai completed, evidenceCount=1, allowGeneralReply=false, answerPresent=false
]]></system-out>
  </testcase>
  <testcase name="qaShouldNotShortCircuitMixedPolicyAndIdentityQuestion" classname="com.ise.platform.modules.kb.KbServiceTest" time="0.011">
    <system-out><![CDATA[2026-06-30T12:45:06.567+08:00 DEBUG 22952 --- [           main] o.s.jdbc.core.JdbcTemplate               : Executing SQL statement [create table if not exists kb_article (
    id bigint primary key,
    title varchar(255),
    summary varchar(500),
    category_label varchar(64),
    publish_status varchar(32),
    version_no varchar(32),
    standard_answer text,
    source_file_name varchar(255),
    source_file_id bigint,
    keywords_text varchar(500),
    view_count int,
    created_at timestamp,
    updated_at timestamp,
    is_deleted smallint
)
]
2026-06-30T12:45:06.567+08:00 DEBUG 22952 --- [           main] o.s.jdbc.core.JdbcTemplate               : Executing SQL update [delete from kb_article]
2026-06-30T12:45:06.568+08:00 DEBUG 22952 --- [           main] o.s.jdbc.core.JdbcTemplate               : Executing SQL update [insert into kb_article (id, title, summary, category_label, publish_status, version_no, standard_answer, source_file_name, source_file_id, keywords_text, view_count, created_at, updated_at, is_deleted)
values
(1, '国家奖学金评定流程说明', '摘要', '奖助', 'published', 'v1', '标准答案', 'source.pdf', null, '奖学金,国家奖学金,评定,材料', 1, current_timestamp(), current_timestamp(), 0),
(3, '党员发展阶段材料清单', '汇总积极分子、发展对象、预备党员各阶段所需材料。', '党团', 'published', 'v1', '党员发展阶段需按节点提交思想汇报、谈话记录、培训记录和志愿服务证明等材料。', 'party-dev.xlsx', null, '党员,思想汇报,发展对象,预备党员', 1, current_timestamp(), current_timestamp(), 0),
(4, '在读证明与成绩证明办理说明', '说明在读证明、成绩证明申请场景和附件要求。', '证明', 'published', 'v1', '在读证明和成绩证明均需填写用途并确认收件单位，审批通过后可下载电子版证明文件。', 'proof.pdf', null, '在读证明,成绩证明,申请,附件', 1, current_timestamp(), current_timestamp(), 0),
(6, '2024级大类培养方案（含辅修）说明', '覆盖培养目标、课程结构、学分要求与辅修路径。', '培养方案', 'published', 'v1', '2024级培养方案包含主修与辅修课程规划，建议结合学院教务通知与个人培养计划同步执行。', '2024-plan.pdf', null, '培养方案,2024级,辅修,学分', 1, current_timestamp(), current_timestamp(), 0),
(7, '2025级大类培养方案解读', '面向 2025 级学生，梳理课程地图与选课建议。', '培养方案', 'published', 'v1', '2025级培养方案强调基础课程与方向模块衔接，建议在导师指导下规划选课路径。', '2025-plan.pdf', null, '培养方案,2025级,课程地图,选课', 1, current_timestamp(), current_timestamp(), 0),
(8, '信息学院 2025 年综合类政策摘要', '汇总学院 2025 年综合类通知重点与办理窗口。', '学院政策', 'published', 'v1', '综合类政策涉及培养、事务办理与相关时间节点，请以学院正式通知为最终依据。', 'policy-2025.pdf', null, '学院政策,综合类,办理窗口,通知', 1, current_timestamp(), current_timestamp(), 0),
(9, '党员证明开具说明', '介绍党员证明模板用途、填写要点与申请流程。', '党团', 'published', 'v1', '党员证明需按学院模板填写并经支部审核后提交，建议同步准备身份信息与用途说明。', 'party-proof.docx', null, '党员证明,党团,模板,开具', 1, current_timestamp(), current_timestamp(), 0),
(10, '团员证明开具说明', '介绍团员证明模板填写规范与常见使用场景。', '党团', 'published', 'v1', '团员证明建议填写完整用途、接收单位与日期，提交前确认模板字段无遗漏。', 'league-proof.docx', null, '团员证明,党团,模板,开具', 1, current_timestamp(), current_timestamp(), 0)
]
2026-06-30T12:45:06.573+08:00 DEBUG 22952 --- [           main] o.s.jdbc.core.JdbcTemplate               : Executing SQL query [select id, title, summary, category_label, standard_answer,
       source_file_name, source_file_id, keywords_text
  from kb_article
 where is_deleted = 0 and publish_status = 'published'
]
2026-06-30T12:45:06.577+08:00  INFO 22952 --- [           main] com.ise.platform.modules.kb.KbService    : kb qa ai completed, evidenceCount=1, allowGeneralReply=false, answerPresent=true
]]></system-out>
  </testcase>
  <testcase name="qaShouldUseRecentHistoryForFollowUpQuestion" classname="com.ise.platform.modules.kb.KbServiceTest" time="0.005">
    <system-out><![CDATA[2026-06-30T12:45:06.581+08:00 DEBUG 22952 --- [           main] o.s.jdbc.core.JdbcTemplate               : Executing SQL statement [create table if not exists kb_article (
    id bigint primary key,
    title varchar(255),
    summary varchar(500),
    category_label varchar(64),
    publish_status varchar(32),
    version_no varchar(32),
    standard_answer text,
    source_file_name varchar(255),
    source_file_id bigint,
    keywords_text varchar(500),
    view_count int,
    created_at timestamp,
    updated_at timestamp,
    is_deleted smallint
)
]
2026-06-30T12:45:06.581+08:00 DEBUG 22952 --- [           main] o.s.jdbc.core.JdbcTemplate               : Executing SQL update [delete from kb_article]
2026-06-30T12:45:06.582+08:00 DEBUG 22952 --- [           main] o.s.jdbc.core.JdbcTemplate               : Executing SQL update [insert into kb_article (id, title, summary, category_label, publish_status, version_no, standard_answer, source_file_name, source_file_id, keywords_text, view_count, created_at, updated_at, is_deleted)
values
(1, '国家奖学金评定流程说明', '摘要', '奖助', 'published', 'v1', '标准答案', 'source.pdf', null, '奖学金,国家奖学金,评定,材料', 1, current_timestamp(), current_timestamp(), 0),
(3, '党员发展阶段材料清单', '汇总积极分子、发展对象、预备党员各阶段所需材料。', '党团', 'published', 'v1', '党员发展阶段需按节点提交思想汇报、谈话记录、培训记录和志愿服务证明等材料。', 'party-dev.xlsx', null, '党员,思想汇报,发展对象,预备党员', 1, current_timestamp(), current_timestamp(), 0),
(4, '在读证明与成绩证明办理说明', '说明在读证明、成绩证明申请场景和附件要求。', '证明', 'published', 'v1', '在读证明和成绩证明均需填写用途并确认收件单位，审批通过后可下载电子版证明文件。', 'proof.pdf', null, '在读证明,成绩证明,申请,附件', 1, current_timestamp(), current_timestamp(), 0),
(6, '2024级大类培养方案（含辅修）说明', '覆盖培养目标、课程结构、学分要求与辅修路径。', '培养方案', 'published', 'v1', '2024级培养方案包含主修与辅修课程规划，建议结合学院教务通知与个人培养计划同步执行。', '2024-plan.pdf', null, '培养方案,2024级,辅修,学分', 1, current_timestamp(), current_timestamp(), 0),
(7, '2025级大类培养方案解读', '面向 2025 级学生，梳理课程地图与选课建议。', '培养方案', 'published', 'v1', '2025级培养方案强调基础课程与方向模块衔接，建议在导师指导下规划选课路径。', '2025-plan.pdf', null, '培养方案,2025级,课程地图,选课', 1, current_timestamp(), current_timestamp(), 0),
(8, '信息学院 2025 年综合类政策摘要', '汇总学院 2025 年综合类通知重点与办理窗口。', '学院政策', 'published', 'v1', '综合类政策涉及培养、事务办理与相关时间节点，请以学院正式通知为最终依据。', 'policy-2025.pdf', null, '学院政策,综合类,办理窗口,通知', 1, current_timestamp(), current_timestamp(), 0),
(9, '党员证明开具说明', '介绍党员证明模板用途、填写要点与申请流程。', '党团', 'published', 'v1', '党员证明需按学院模板填写并经支部审核后提交，建议同步准备身份信息与用途说明。', 'party-proof.docx', null, '党员证明,党团,模板,开具', 1, current_timestamp(), current_timestamp(), 0),
(10, '团员证明开具说明', '介绍团员证明模板填写规范与常见使用场景。', '党团', 'published', 'v1', '团员证明建议填写完整用途、接收单位与日期，提交前确认模板字段无遗漏。', 'league-proof.docx', null, '团员证明,党团,模板,开具', 1, current_timestamp(), current_timestamp(), 0)
]
2026-06-30T12:45:06.583+08:00 DEBUG 22952 --- [           main] o.s.jdbc.core.JdbcTemplate               : Executing SQL query [select id, title, summary, category_label, standard_answer,
       source_file_name, source_file_id, keywords_text
  from kb_article
 where is_deleted = 0 and publish_status = 'published'
]
2026-06-30T12:45:06.585+08:00  INFO 22952 --- [           main] com.ise.platform.modules.kb.KbService    : kb qa ai completed, evidenceCount=1, allowGeneralReply=false, answerPresent=false
]]></system-out>
  </testcase>
  <testcase name="qaShouldFallbackWhenNoReliableSource" classname="com.ise.platform.modules.kb.KbServiceTest" time="0.002">
    <system-out><![CDATA[2026-06-30T12:45:06.588+08:00 DEBUG 22952 --- [           main] o.s.jdbc.core.JdbcTemplate               : Executing SQL statement [create table if not exists kb_article (
    id bigint primary key,
    title varchar(255),
    summary varchar(500),
    category_label varchar(64),
    publish_status varchar(32),
    version_no varchar(32),
    standard_answer text,
    source_file_name varchar(255),
    source_file_id bigint,
    keywords_text varchar(500),
    view_count int,
    created_at timestamp,
    updated_at timestamp,
    is_deleted smallint
)
]
2026-06-30T12:45:06.588+08:00 DEBUG 22952 --- [           main] o.s.jdbc.core.JdbcTemplate               : Executing SQL update [delete from kb_article]
2026-06-30T12:45:06.589+08:00 DEBUG 22952 --- [           main] o.s.jdbc.core.JdbcTemplate               : Executing SQL update [insert into kb_article (id, title, summary, category_label, publish_status, version_no, standard_answer, source_file_name, source_file_id, keywords_text, view_count, created_at, updated_at, is_deleted)
values
(1, '国家奖学金评定流程说明', '摘要', '奖助', 'published', 'v1', '标准答案', 'source.pdf', null, '奖学金,国家奖学金,评定,材料', 1, current_timestamp(), current_timestamp(), 0),
(3, '党员发展阶段材料清单', '汇总积极分子、发展对象、预备党员各阶段所需材料。', '党团', 'published', 'v1', '党员发展阶段需按节点提交思想汇报、谈话记录、培训记录和志愿服务证明等材料。', 'party-dev.xlsx', null, '党员,思想汇报,发展对象,预备党员', 1, current_timestamp(), current_timestamp(), 0),
(4, '在读证明与成绩证明办理说明', '说明在读证明、成绩证明申请场景和附件要求。', '证明', 'published', 'v1', '在读证明和成绩证明均需填写用途并确认收件单位，审批通过后可下载电子版证明文件。', 'proof.pdf', null, '在读证明,成绩证明,申请,附件', 1, current_timestamp(), current_timestamp(), 0),
(6, '2024级大类培养方案（含辅修）说明', '覆盖培养目标、课程结构、学分要求与辅修路径。', '培养方案', 'published', 'v1', '2024级培养方案包含主修与辅修课程规划，建议结合学院教务通知与个人培养计划同步执行。', '2024-plan.pdf', null, '培养方案,2024级,辅修,学分', 1, current_timestamp(), current_timestamp(), 0),
(7, '2025级大类培养方案解读', '面向 2025 级学生，梳理课程地图与选课建议。', '培养方案', 'published', 'v1', '2025级培养方案强调基础课程与方向模块衔接，建议在导师指导下规划选课路径。', '2025-plan.pdf', null, '培养方案,2025级,课程地图,选课', 1, current_timestamp(), current_timestamp(), 0),
(8, '信息学院 2025 年综合类政策摘要', '汇总学院 2025 年综合类通知重点与办理窗口。', '学院政策', 'published', 'v1', '综合类政策涉及培养、事务办理与相关时间节点，请以学院正式通知为最终依据。', 'policy-2025.pdf', null, '学院政策,综合类,办理窗口,通知', 1, current_timestamp(), current_timestamp(), 0),
(9, '党员证明开具说明', '介绍党员证明模板用途、填写要点与申请流程。', '党团', 'published', 'v1', '党员证明需按学院模板填写并经支部审核后提交，建议同步准备身份信息与用途说明。', 'party-proof.docx', null, '党员证明,党团,模板,开具', 1, current_timestamp(), current_timestamp(), 0),
(10, '团员证明开具说明', '介绍团员证明模板填写规范与常见使用场景。', '党团', 'published', 'v1', '团员证明建议填写完整用途、接收单位与日期，提交前确认模板字段无遗漏。', 'league-proof.docx', null, '团员证明,党团,模板,开具', 1, current_timestamp(), current_timestamp(), 0)
]
2026-06-30T12:45:06.590+08:00 DEBUG 22952 --- [           main] o.s.jdbc.core.JdbcTemplate               : Executing SQL query [select id, title, summary, category_label, standard_answer,
       source_file_name, source_file_id, keywords_text
  from kb_article
 where is_deleted = 0 and publish_status = 'published'
]
2026-06-30T12:45:06.591+08:00  INFO 22952 --- [           main] com.ise.platform.modules.kb.KbService    : kb qa ai completed, evidenceCount=0, allowGeneralReply=true, answerPresent=false
]]></system-out>
  </testcase>
  <testcase name="qaShouldPreferPartyProofOverPartyDevelopmentForIdentityCertificate" classname="com.ise.platform.modules.kb.KbServiceTest" time="0.003">
    <system-out><![CDATA[2026-06-30T12:45:06.592+08:00 DEBUG 22952 --- [           main] o.s.jdbc.core.JdbcTemplate               : Executing SQL statement [create table if not exists kb_article (
    id bigint primary key,
    title varchar(255),
    summary varchar(500),
    category_label varchar(64),
    publish_status varchar(32),
    version_no varchar(32),
    standard_answer text,
    source_file_name varchar(255),
    source_file_id bigint,
    keywords_text varchar(500),
    view_count int,
    created_at timestamp,
    updated_at timestamp,
    is_deleted smallint
)
]
2026-06-30T12:45:06.592+08:00 DEBUG 22952 --- [           main] o.s.jdbc.core.JdbcTemplate               : Executing SQL update [delete from kb_article]
2026-06-30T12:45:06.593+08:00 DEBUG 22952 --- [           main] o.s.jdbc.core.JdbcTemplate               : Executing SQL update [insert into kb_article (id, title, summary, category_label, publish_status, version_no, standard_answer, source_file_name, source_file_id, keywords_text, view_count, created_at, updated_at, is_deleted)
values
(1, '国家奖学金评定流程说明', '摘要', '奖助', 'published', 'v1', '标准答案', 'source.pdf', null, '奖学金,国家奖学金,评定,材料', 1, current_timestamp(), current_timestamp(), 0),
(3, '党员发展阶段材料清单', '汇总积极分子、发展对象、预备党员各阶段所需材料。', '党团', 'published', 'v1', '党员发展阶段需按节点提交思想汇报、谈话记录、培训记录和志愿服务证明等材料。', 'party-dev.xlsx', null, '党员,思想汇报,发展对象,预备党员', 1, current_timestamp(), current_timestamp(), 0),
(4, '在读证明与成绩证明办理说明', '说明在读证明、成绩证明申请场景和附件要求。', '证明', 'published', 'v1', '在读证明和成绩证明均需填写用途并确认收件单位，审批通过后可下载电子版证明文件。', 'proof.pdf', null, '在读证明,成绩证明,申请,附件', 1, current_timestamp(), current_timestamp(), 0),
(6, '2024级大类培养方案（含辅修）说明', '覆盖培养目标、课程结构、学分要求与辅修路径。', '培养方案', 'published', 'v1', '2024级培养方案包含主修与辅修课程规划，建议结合学院教务通知与个人培养计划同步执行。', '2024-plan.pdf', null, '培养方案,2024级,辅修,学分', 1, current_timestamp(), current_timestamp(), 0),
(7, '2025级大类培养方案解读', '面向 2025 级学生，梳理课程地图与选课建议。', '培养方案', 'published', 'v1', '2025级培养方案强调基础课程与方向模块衔接，建议在导师指导下规划选课路径。', '2025-plan.pdf', null, '培养方案,2025级,课程地图,选课', 1, current_timestamp(), current_timestamp(), 0),
(8, '信息学院 2025 年综合类政策摘要', '汇总学院 2025 年综合类通知重点与办理窗口。', '学院政策', 'published', 'v1', '综合类政策涉及培养、事务办理与相关时间节点，请以学院正式通知为最终依据。', 'policy-2025.pdf', null, '学院政策,综合类,办理窗口,通知', 1, current_timestamp(), current_timestamp(), 0),
(9, '党员证明开具说明', '介绍党员证明模板用途、填写要点与申请流程。', '党团', 'published', 'v1', '党员证明需按学院模板填写并经支部审核后提交，建议同步准备身份信息与用途说明。', 'party-proof.docx', null, '党员证明,党团,模板,开具', 1, current_timestamp(), current_timestamp(), 0),
(10, '团员证明开具说明', '介绍团员证明模板填写规范与常见使用场景。', '党团', 'published', 'v1', '团员证明建议填写完整用途、接收单位与日期，提交前确认模板字段无遗漏。', 'league-proof.docx', null, '团员证明,党团,模板,开具', 1, current_timestamp(), current_timestamp(), 0)
]
2026-06-30T12:45:06.594+08:00 DEBUG 22952 --- [           main] o.s.jdbc.core.JdbcTemplate               : Executing SQL query [select id, title, summary, category_label, standard_answer,
       source_file_name, source_file_id, keywords_text
  from kb_article
 where is_deleted = 0 and publish_status = 'published'
]
2026-06-30T12:45:06.596+08:00  INFO 22952 --- [           main] com.ise.platform.modules.kb.KbService    : kb qa ai completed, evidenceCount=1, allowGeneralReply=false, answerPresent=false
]]></system-out>
  </testcase>
  <testcase name="qaShouldReplyForModelQuestionWithoutUsingHistory" classname="com.ise.platform.modules.kb.KbServiceTest" time="0.001">
    <system-out><![CDATA[2026-06-30T12:45:06.597+08:00 DEBUG 22952 --- [           main] o.s.jdbc.core.JdbcTemplate               : Executing SQL statement [create table if not exists kb_article (
    id bigint primary key,
    title varchar(255),
    summary varchar(500),
    category_label varchar(64),
    publish_status varchar(32),
    version_no varchar(32),
    standard_answer text,
    source_file_name varchar(255),
    source_file_id bigint,
    keywords_text varchar(500),
    view_count int,
    created_at timestamp,
    updated_at timestamp,
    is_deleted smallint
)
]
2026-06-30T12:45:06.597+08:00 DEBUG 22952 --- [           main] o.s.jdbc.core.JdbcTemplate               : Executing SQL update [delete from kb_article]
2026-06-30T12:45:06.600+08:00 DEBUG 22952 --- [           main] o.s.jdbc.core.JdbcTemplate               : Executing SQL update [insert into kb_article (id, title, summary, category_label, publish_status, version_no, standard_answer, source_file_name, source_file_id, keywords_text, view_count, created_at, updated_at, is_deleted)
values
(1, '国家奖学金评定流程说明', '摘要', '奖助', 'published', 'v1', '标准答案', 'source.pdf', null, '奖学金,国家奖学金,评定,材料', 1, current_timestamp(), current_timestamp(), 0),
(3, '党员发展阶段材料清单', '汇总积极分子、发展对象、预备党员各阶段所需材料。', '党团', 'published', 'v1', '党员发展阶段需按节点提交思想汇报、谈话记录、培训记录和志愿服务证明等材料。', 'party-dev.xlsx', null, '党员,思想汇报,发展对象,预备党员', 1, current_timestamp(), current_timestamp(), 0),
(4, '在读证明与成绩证明办理说明', '说明在读证明、成绩证明申请场景和附件要求。', '证明', 'published', 'v1', '在读证明和成绩证明均需填写用途并确认收件单位，审批通过后可下载电子版证明文件。', 'proof.pdf', null, '在读证明,成绩证明,申请,附件', 1, current_timestamp(), current_timestamp(), 0),
(6, '2024级大类培养方案（含辅修）说明', '覆盖培养目标、课程结构、学分要求与辅修路径。', '培养方案', 'published', 'v1', '2024级培养方案包含主修与辅修课程规划，建议结合学院教务通知与个人培养计划同步执行。', '2024-plan.pdf', null, '培养方案,2024级,辅修,学分', 1, current_timestamp(), current_timestamp(), 0),
(7, '2025级大类培养方案解读', '面向 2025 级学生，梳理课程地图与选课建议。', '培养方案', 'published', 'v1', '2025级培养方案强调基础课程与方向模块衔接，建议在导师指导下规划选课路径。', '2025-plan.pdf', null, '培养方案,2025级,课程地图,选课', 1, current_timestamp(), current_timestamp(), 0),
(8, '信息学院 2025 年综合类政策摘要', '汇总学院 2025 年综合类通知重点与办理窗口。', '学院政策', 'published', 'v1', '综合类政策涉及培养、事务办理与相关时间节点，请以学院正式通知为最终依据。', 'policy-2025.pdf', null, '学院政策,综合类,办理窗口,通知', 1, current_timestamp(), current_timestamp(), 0),
(9, '党员证明开具说明', '介绍党员证明模板用途、填写要点与申请流程。', '党团', 'published', 'v1', '党员证明需按学院模板填写并经支部审核后提交，建议同步准备身份信息与用途说明。', 'party-proof.docx', null, '党员证明,党团,模板,开具', 1, current_timestamp(), current_timestamp(), 0),
(10, '团员证明开具说明', '介绍团员证明模板填写规范与常见使用场景。', '党团', 'published', 'v1', '团员证明建议填写完整用途、接收单位与日期，提交前确认模板字段无遗漏。', 'league-proof.docx', null, '团员证明,党团,模板,开具', 1, current_timestamp(), current_timestamp(), 0)
]
2026-06-30T12:45:06.602+08:00 DEBUG 22952 --- [           main] o.s.jdbc.core.JdbcTemplate               : Executing SQL query [select id, title, summary, category_label, standard_answer,
       source_file_name, source_file_id, keywords_text
  from kb_article
 where is_deleted = 0 and publish_status = 'published'
]
]]></system-out>
  </testcase>
  <testcase name="qaShouldReplyForAssistantIdentityQuestion" classname="com.ise.platform.modules.kb.KbServiceTest" time="0.001">
    <system-out><![CDATA[2026-06-30T12:45:06.604+08:00 DEBUG 22952 --- [           main] o.s.jdbc.core.JdbcTemplate               : Executing SQL statement [create table if not exists kb_article (
    id bigint primary key,
    title varchar(255),
    summary varchar(500),
    category_label varchar(64),
    publish_status varchar(32),
    version_no varchar(32),
    standard_answer text,
    source_file_name varchar(255),
    source_file_id bigint,
    keywords_text varchar(500),
    view_count int,
    created_at timestamp,
    updated_at timestamp,
    is_deleted smallint
)
]
2026-06-30T12:45:06.604+08:00 DEBUG 22952 --- [           main] o.s.jdbc.core.JdbcTemplate               : Executing SQL update [delete from kb_article]
2026-06-30T12:45:06.604+08:00 DEBUG 22952 --- [           main] o.s.jdbc.core.JdbcTemplate               : Executing SQL update [insert into kb_article (id, title, summary, category_label, publish_status, version_no, standard_answer, source_file_name, source_file_id, keywords_text, view_count, created_at, updated_at, is_deleted)
values
(1, '国家奖学金评定流程说明', '摘要', '奖助', 'published', 'v1', '标准答案', 'source.pdf', null, '奖学金,国家奖学金,评定,材料', 1, current_timestamp(), current_timestamp(), 0),
(3, '党员发展阶段材料清单', '汇总积极分子、发展对象、预备党员各阶段所需材料。', '党团', 'published', 'v1', '党员发展阶段需按节点提交思想汇报、谈话记录、培训记录和志愿服务证明等材料。', 'party-dev.xlsx', null, '党员,思想汇报,发展对象,预备党员', 1, current_timestamp(), current_timestamp(), 0),
(4, '在读证明与成绩证明办理说明', '说明在读证明、成绩证明申请场景和附件要求。', '证明', 'published', 'v1', '在读证明和成绩证明均需填写用途并确认收件单位，审批通过后可下载电子版证明文件。', 'proof.pdf', null, '在读证明,成绩证明,申请,附件', 1, current_timestamp(), current_timestamp(), 0),
(6, '2024级大类培养方案（含辅修）说明', '覆盖培养目标、课程结构、学分要求与辅修路径。', '培养方案', 'published', 'v1', '2024级培养方案包含主修与辅修课程规划，建议结合学院教务通知与个人培养计划同步执行。', '2024-plan.pdf', null, '培养方案,2024级,辅修,学分', 1, current_timestamp(), current_timestamp(), 0),
(7, '2025级大类培养方案解读', '面向 2025 级学生，梳理课程地图与选课建议。', '培养方案', 'published', 'v1', '2025级培养方案强调基础课程与方向模块衔接，建议在导师指导下规划选课路径。', '2025-plan.pdf', null, '培养方案,2025级,课程地图,选课', 1, current_timestamp(), current_timestamp(), 0),
(8, '信息学院 2025 年综合类政策摘要', '汇总学院 2025 年综合类通知重点与办理窗口。', '学院政策', 'published', 'v1', '综合类政策涉及培养、事务办理与相关时间节点，请以学院正式通知为最终依据。', 'policy-2025.pdf', null, '学院政策,综合类,办理窗口,通知', 1, current_timestamp(), current_timestamp(), 0),
(9, '党员证明开具说明', '介绍党员证明模板用途、填写要点与申请流程。', '党团', 'published', 'v1', '党员证明需按学院模板填写并经支部审核后提交，建议同步准备身份信息与用途说明。', 'party-proof.docx', null, '党员证明,党团,模板,开具', 1, current_timestamp(), current_timestamp(), 0),
(10, '团员证明开具说明', '介绍团员证明模板填写规范与常见使用场景。', '党团', 'published', 'v1', '团员证明建议填写完整用途、接收单位与日期，提交前确认模板字段无遗漏。', 'league-proof.docx', null, '团员证明,党团,模板,开具', 1, current_timestamp(), current_timestamp(), 0)
]
2026-06-30T12:45:06.605+08:00 DEBUG 22952 --- [           main] o.s.jdbc.core.JdbcTemplate               : Executing SQL query [select id, title, summary, category_label, standard_answer,
       source_file_name, source_file_id, keywords_text
  from kb_article
 where is_deleted = 0 and publish_status = 'published'
]
]]></system-out>
  </testcase>
  <testcase name="qaShouldPassKeywordEvidenceToAiWhenArticleMatches" classname="com.ise.platform.modules.kb.KbServiceTest" time="0.002">
    <system-out><![CDATA[2026-06-30T12:45:06.607+08:00 DEBUG 22952 --- [           main] o.s.jdbc.core.JdbcTemplate               : Executing SQL statement [create table if not exists kb_article (
    id bigint primary key,
    title varchar(255),
    summary varchar(500),
    category_label varchar(64),
    publish_status varchar(32),
    version_no varchar(32),
    standard_answer text,
    source_file_name varchar(255),
    source_file_id bigint,
    keywords_text varchar(500),
    view_count int,
    created_at timestamp,
    updated_at timestamp,
    is_deleted smallint
)
]
2026-06-30T12:45:06.607+08:00 DEBUG 22952 --- [           main] o.s.jdbc.core.JdbcTemplate               : Executing SQL update [delete from kb_article]
2026-06-30T12:45:06.607+08:00 DEBUG 22952 --- [           main] o.s.jdbc.core.JdbcTemplate               : Executing SQL update [insert into kb_article (id, title, summary, category_label, publish_status, version_no, standard_answer, source_file_name, source_file_id, keywords_text, view_count, created_at, updated_at, is_deleted)
values
(1, '国家奖学金评定流程说明', '摘要', '奖助', 'published', 'v1', '标准答案', 'source.pdf', null, '奖学金,国家奖学金,评定,材料', 1, current_timestamp(), current_timestamp(), 0),
(3, '党员发展阶段材料清单', '汇总积极分子、发展对象、预备党员各阶段所需材料。', '党团', 'published', 'v1', '党员发展阶段需按节点提交思想汇报、谈话记录、培训记录和志愿服务证明等材料。', 'party-dev.xlsx', null, '党员,思想汇报,发展对象,预备党员', 1, current_timestamp(), current_timestamp(), 0),
(4, '在读证明与成绩证明办理说明', '说明在读证明、成绩证明申请场景和附件要求。', '证明', 'published', 'v1', '在读证明和成绩证明均需填写用途并确认收件单位，审批通过后可下载电子版证明文件。', 'proof.pdf', null, '在读证明,成绩证明,申请,附件', 1, current_timestamp(), current_timestamp(), 0),
(6, '2024级大类培养方案（含辅修）说明', '覆盖培养目标、课程结构、学分要求与辅修路径。', '培养方案', 'published', 'v1', '2024级培养方案包含主修与辅修课程规划，建议结合学院教务通知与个人培养计划同步执行。', '2024-plan.pdf', null, '培养方案,2024级,辅修,学分', 1, current_timestamp(), current_timestamp(), 0),
(7, '2025级大类培养方案解读', '面向 2025 级学生，梳理课程地图与选课建议。', '培养方案', 'published', 'v1', '2025级培养方案强调基础课程与方向模块衔接，建议在导师指导下规划选课路径。', '2025-plan.pdf', null, '培养方案,2025级,课程地图,选课', 1, current_timestamp(), current_timestamp(), 0),
(8, '信息学院 2025 年综合类政策摘要', '汇总学院 2025 年综合类通知重点与办理窗口。', '学院政策', 'published', 'v1', '综合类政策涉及培养、事务办理与相关时间节点，请以学院正式通知为最终依据。', 'policy-2025.pdf', null, '学院政策,综合类,办理窗口,通知', 1, current_timestamp(), current_timestamp(), 0),
(9, '党员证明开具说明', '介绍党员证明模板用途、填写要点与申请流程。', '党团', 'published', 'v1', '党员证明需按学院模板填写并经支部审核后提交，建议同步准备身份信息与用途说明。', 'party-proof.docx', null, '党员证明,党团,模板,开具', 1, current_timestamp(), current_timestamp(), 0),
(10, '团员证明开具说明', '介绍团员证明模板填写规范与常见使用场景。', '党团', 'published', 'v1', '团员证明建议填写完整用途、接收单位与日期，提交前确认模板字段无遗漏。', 'league-proof.docx', null, '团员证明,党团,模板,开具', 1, current_timestamp(), current_timestamp(), 0)
]
2026-06-30T12:45:06.608+08:00 DEBUG 22952 --- [           main] o.s.jdbc.core.JdbcTemplate               : Executing SQL query [select id, title, summary, category_label, standard_answer,
       source_file_name, source_file_id, keywords_text
  from kb_article
 where is_deleted = 0 and publish_status = 'published'
]
2026-06-30T12:45:06.609+08:00  INFO 22952 --- [           main] com.ise.platform.modules.kb.KbService    : kb qa ai completed, evidenceCount=1, allowGeneralReply=false, answerPresent=true
]]></system-out>
  </testcase>
  <testcase name="qaShouldKeepScholarshipTopicForGenericGradeFollowUp" classname="com.ise.platform.modules.kb.KbServiceTest" time="0.003">
    <system-out><![CDATA[2026-06-30T12:45:06.610+08:00 DEBUG 22952 --- [           main] o.s.jdbc.core.JdbcTemplate               : Executing SQL statement [create table if not exists kb_article (
    id bigint primary key,
    title varchar(255),
    summary varchar(500),
    category_label varchar(64),
    publish_status varchar(32),
    version_no varchar(32),
    standard_answer text,
    source_file_name varchar(255),
    source_file_id bigint,
    keywords_text varchar(500),
    view_count int,
    created_at timestamp,
    updated_at timestamp,
    is_deleted smallint
)
]
2026-06-30T12:45:06.611+08:00 DEBUG 22952 --- [           main] o.s.jdbc.core.JdbcTemplate               : Executing SQL update [delete from kb_article]
2026-06-30T12:45:06.611+08:00 DEBUG 22952 --- [           main] o.s.jdbc.core.JdbcTemplate               : Executing SQL update [insert into kb_article (id, title, summary, category_label, publish_status, version_no, standard_answer, source_file_name, source_file_id, keywords_text, view_count, created_at, updated_at, is_deleted)
values
(1, '国家奖学金评定流程说明', '摘要', '奖助', 'published', 'v1', '标准答案', 'source.pdf', null, '奖学金,国家奖学金,评定,材料', 1, current_timestamp(), current_timestamp(), 0),
(3, '党员发展阶段材料清单', '汇总积极分子、发展对象、预备党员各阶段所需材料。', '党团', 'published', 'v1', '党员发展阶段需按节点提交思想汇报、谈话记录、培训记录和志愿服务证明等材料。', 'party-dev.xlsx', null, '党员,思想汇报,发展对象,预备党员', 1, current_timestamp(), current_timestamp(), 0),
(4, '在读证明与成绩证明办理说明', '说明在读证明、成绩证明申请场景和附件要求。', '证明', 'published', 'v1', '在读证明和成绩证明均需填写用途并确认收件单位，审批通过后可下载电子版证明文件。', 'proof.pdf', null, '在读证明,成绩证明,申请,附件', 1, current_timestamp(), current_timestamp(), 0),
(6, '2024级大类培养方案（含辅修）说明', '覆盖培养目标、课程结构、学分要求与辅修路径。', '培养方案', 'published', 'v1', '2024级培养方案包含主修与辅修课程规划，建议结合学院教务通知与个人培养计划同步执行。', '2024-plan.pdf', null, '培养方案,2024级,辅修,学分', 1, current_timestamp(), current_timestamp(), 0),
(7, '2025级大类培养方案解读', '面向 2025 级学生，梳理课程地图与选课建议。', '培养方案', 'published', 'v1', '2025级培养方案强调基础课程与方向模块衔接，建议在导师指导下规划选课路径。', '2025-plan.pdf', null, '培养方案,2025级,课程地图,选课', 1, current_timestamp(), current_timestamp(), 0),
(8, '信息学院 2025 年综合类政策摘要', '汇总学院 2025 年综合类通知重点与办理窗口。', '学院政策', 'published', 'v1', '综合类政策涉及培养、事务办理与相关时间节点，请以学院正式通知为最终依据。', 'policy-2025.pdf', null, '学院政策,综合类,办理窗口,通知', 1, current_timestamp(), current_timestamp(), 0),
(9, '党员证明开具说明', '介绍党员证明模板用途、填写要点与申请流程。', '党团', 'published', 'v1', '党员证明需按学院模板填写并经支部审核后提交，建议同步准备身份信息与用途说明。', 'party-proof.docx', null, '党员证明,党团,模板,开具', 1, current_timestamp(), current_timestamp(), 0),
(10, '团员证明开具说明', '介绍团员证明模板填写规范与常见使用场景。', '党团', 'published', 'v1', '团员证明建议填写完整用途、接收单位与日期，提交前确认模板字段无遗漏。', 'league-proof.docx', null, '团员证明,党团,模板,开具', 1, current_timestamp(), current_timestamp(), 0)
]
2026-06-30T12:45:06.614+08:00 DEBUG 22952 --- [           main] o.s.jdbc.core.JdbcTemplate               : Executing SQL query [select id, title, summary, category_label, standard_answer,
       source_file_name, source_file_id, keywords_text
  from kb_article
 where is_deleted = 0 and publish_status = 'published'
]
2026-06-30T12:45:06.616+08:00  INFO 22952 --- [           main] com.ise.platform.modules.kb.KbService    : kb qa ai completed, evidenceCount=1, allowGeneralReply=false, answerPresent=true
]]></system-out>
  </testcase>
  <testcase name="qaShouldRetrieveProcessedMaterialArticleForProgramPlan" classname="com.ise.platform.modules.kb.KbServiceTest" time="0.003">
    <system-out><![CDATA[2026-06-30T12:45:06.617+08:00 DEBUG 22952 --- [           main] o.s.jdbc.core.JdbcTemplate               : Executing SQL statement [create table if not exists kb_article (
    id bigint primary key,
    title varchar(255),
    summary varchar(500),
    category_label varchar(64),
    publish_status varchar(32),
    version_no varchar(32),
    standard_answer text,
    source_file_name varchar(255),
    source_file_id bigint,
    keywords_text varchar(500),
    view_count int,
    created_at timestamp,
    updated_at timestamp,
    is_deleted smallint
)
]
2026-06-30T12:45:06.617+08:00 DEBUG 22952 --- [           main] o.s.jdbc.core.JdbcTemplate               : Executing SQL update [delete from kb_article]
2026-06-30T12:45:06.617+08:00 DEBUG 22952 --- [           main] o.s.jdbc.core.JdbcTemplate               : Executing SQL update [insert into kb_article (id, title, summary, category_label, publish_status, version_no, standard_answer, source_file_name, source_file_id, keywords_text, view_count, created_at, updated_at, is_deleted)
values
(1, '国家奖学金评定流程说明', '摘要', '奖助', 'published', 'v1', '标准答案', 'source.pdf', null, '奖学金,国家奖学金,评定,材料', 1, current_timestamp(), current_timestamp(), 0),
(3, '党员发展阶段材料清单', '汇总积极分子、发展对象、预备党员各阶段所需材料。', '党团', 'published', 'v1', '党员发展阶段需按节点提交思想汇报、谈话记录、培训记录和志愿服务证明等材料。', 'party-dev.xlsx', null, '党员,思想汇报,发展对象,预备党员', 1, current_timestamp(), current_timestamp(), 0),
(4, '在读证明与成绩证明办理说明', '说明在读证明、成绩证明申请场景和附件要求。', '证明', 'published', 'v1', '在读证明和成绩证明均需填写用途并确认收件单位，审批通过后可下载电子版证明文件。', 'proof.pdf', null, '在读证明,成绩证明,申请,附件', 1, current_timestamp(), current_timestamp(), 0),
(6, '2024级大类培养方案（含辅修）说明', '覆盖培养目标、课程结构、学分要求与辅修路径。', '培养方案', 'published', 'v1', '2024级培养方案包含主修与辅修课程规划，建议结合学院教务通知与个人培养计划同步执行。', '2024-plan.pdf', null, '培养方案,2024级,辅修,学分', 1, current_timestamp(), current_timestamp(), 0),
(7, '2025级大类培养方案解读', '面向 2025 级学生，梳理课程地图与选课建议。', '培养方案', 'published', 'v1', '2025级培养方案强调基础课程与方向模块衔接，建议在导师指导下规划选课路径。', '2025-plan.pdf', null, '培养方案,2025级,课程地图,选课', 1, current_timestamp(), current_timestamp(), 0),
(8, '信息学院 2025 年综合类政策摘要', '汇总学院 2025 年综合类通知重点与办理窗口。', '学院政策', 'published', 'v1', '综合类政策涉及培养、事务办理与相关时间节点，请以学院正式通知为最终依据。', 'policy-2025.pdf', null, '学院政策,综合类,办理窗口,通知', 1, current_timestamp(), current_timestamp(), 0),
(9, '党员证明开具说明', '介绍党员证明模板用途、填写要点与申请流程。', '党团', 'published', 'v1', '党员证明需按学院模板填写并经支部审核后提交，建议同步准备身份信息与用途说明。', 'party-proof.docx', null, '党员证明,党团,模板,开具', 1, current_timestamp(), current_timestamp(), 0),
(10, '团员证明开具说明', '介绍团员证明模板填写规范与常见使用场景。', '党团', 'published', 'v1', '团员证明建议填写完整用途、接收单位与日期，提交前确认模板字段无遗漏。', 'league-proof.docx', null, '团员证明,党团,模板,开具', 1, current_timestamp(), current_timestamp(), 0)
]
2026-06-30T12:45:06.618+08:00 DEBUG 22952 --- [           main] o.s.jdbc.core.JdbcTemplate               : Executing SQL query [select id, title, summary, category_label, standard_answer,
       source_file_name, source_file_id, keywords_text
  from kb_article
 where is_deleted = 0 and publish_status = 'published'
]
2026-06-30T12:45:06.620+08:00  INFO 22952 --- [           main] com.ise.platform.modules.kb.KbService    : kb qa ai completed, evidenceCount=1, allowGeneralReply=false, answerPresent=true
]]></system-out>
  </testcase>
  <testcase name="qaShouldRetrieveProcessedMaterialArticleForComprehensivePolicy" classname="com.ise.platform.modules.kb.KbServiceTest" time="0.003">
    <system-out><![CDATA[2026-06-30T12:45:06.621+08:00 DEBUG 22952 --- [           main] o.s.jdbc.core.JdbcTemplate               : Executing SQL statement [create table if not exists kb_article (
    id bigint primary key,
    title varchar(255),
    summary varchar(500),
    category_label varchar(64),
    publish_status varchar(32),
    version_no varchar(32),
    standard_answer text,
    source_file_name varchar(255),
    source_file_id bigint,
    keywords_text varchar(500),
    view_count int,
    created_at timestamp,
    updated_at timestamp,
    is_deleted smallint
)
]
2026-06-30T12:45:06.622+08:00 DEBUG 22952 --- [           main] o.s.jdbc.core.JdbcTemplate               : Executing SQL update [delete from kb_article]
2026-06-30T12:45:06.622+08:00 DEBUG 22952 --- [           main] o.s.jdbc.core.JdbcTemplate               : Executing SQL update [insert into kb_article (id, title, summary, category_label, publish_status, version_no, standard_answer, source_file_name, source_file_id, keywords_text, view_count, created_at, updated_at, is_deleted)
values
(1, '国家奖学金评定流程说明', '摘要', '奖助', 'published', 'v1', '标准答案', 'source.pdf', null, '奖学金,国家奖学金,评定,材料', 1, current_timestamp(), current_timestamp(), 0),
(3, '党员发展阶段材料清单', '汇总积极分子、发展对象、预备党员各阶段所需材料。', '党团', 'published', 'v1', '党员发展阶段需按节点提交思想汇报、谈话记录、培训记录和志愿服务证明等材料。', 'party-dev.xlsx', null, '党员,思想汇报,发展对象,预备党员', 1, current_timestamp(), current_timestamp(), 0),
(4, '在读证明与成绩证明办理说明', '说明在读证明、成绩证明申请场景和附件要求。', '证明', 'published', 'v1', '在读证明和成绩证明均需填写用途并确认收件单位，审批通过后可下载电子版证明文件。', 'proof.pdf', null, '在读证明,成绩证明,申请,附件', 1, current_timestamp(), current_timestamp(), 0),
(6, '2024级大类培养方案（含辅修）说明', '覆盖培养目标、课程结构、学分要求与辅修路径。', '培养方案', 'published', 'v1', '2024级培养方案包含主修与辅修课程规划，建议结合学院教务通知与个人培养计划同步执行。', '2024-plan.pdf', null, '培养方案,2024级,辅修,学分', 1, current_timestamp(), current_timestamp(), 0),
(7, '2025级大类培养方案解读', '面向 2025 级学生，梳理课程地图与选课建议。', '培养方案', 'published', 'v1', '2025级培养方案强调基础课程与方向模块衔接，建议在导师指导下规划选课路径。', '2025-plan.pdf', null, '培养方案,2025级,课程地图,选课', 1, current_timestamp(), current_timestamp(), 0),
(8, '信息学院 2025 年综合类政策摘要', '汇总学院 2025 年综合类通知重点与办理窗口。', '学院政策', 'published', 'v1', '综合类政策涉及培养、事务办理与相关时间节点，请以学院正式通知为最终依据。', 'policy-2025.pdf', null, '学院政策,综合类,办理窗口,通知', 1, current_timestamp(), current_timestamp(), 0),
(9, '党员证明开具说明', '介绍党员证明模板用途、填写要点与申请流程。', '党团', 'published', 'v1', '党员证明需按学院模板填写并经支部审核后提交，建议同步准备身份信息与用途说明。', 'party-proof.docx', null, '党员证明,党团,模板,开具', 1, current_timestamp(), current_timestamp(), 0),
(10, '团员证明开具说明', '介绍团员证明模板填写规范与常见使用场景。', '党团', 'published', 'v1', '团员证明建议填写完整用途、接收单位与日期，提交前确认模板字段无遗漏。', 'league-proof.docx', null, '团员证明,党团,模板,开具', 1, current_timestamp(), current_timestamp(), 0)
]
2026-06-30T12:45:06.624+08:00 DEBUG 22952 --- [           main] o.s.jdbc.core.JdbcTemplate               : Executing SQL query [select id, title, summary, category_label, standard_answer,
       source_file_name, source_file_id, keywords_text
  from kb_article
 where is_deleted = 0 and publish_status = 'published'
]
2026-06-30T12:45:06.626+08:00  INFO 22952 --- [           main] com.ise.platform.modules.kb.KbService    : kb qa ai completed, evidenceCount=1, allowGeneralReply=false, answerPresent=true
]]></system-out>
  </testcase>
</testsuite>