<?xml version="1.0" encoding="UTF-8"?>
<testsuite xmlns:xsi="http://www.w3.org/2001/XMLSchema-instance" xsi:noNamespaceSchemaLocation="https://maven.apache.org/surefire/maven-surefire-plugin/xsd/surefire-test-report.xsd" version="3.0.2" name="com.ise.platform.modules.notice.NoticeServiceTest" time="0.036" tests="2" errors="0" skipped="0" failures="0" flakes="0">
  <properties>
[...]
</properties>
  <testcase name="markReadShouldAffectUnreadResult" classname="com.ise.platform.modules.notice.NoticeServiceTest" time="0.013">
    <system-out><![CDATA[2026-06-29T22:30:18.643+08:00 DEBUG 689567 --- [           main] o.s.jdbc.core.JdbcTemplate               : Executing SQL statement [create table if not exists biz_notice (
    id bigint primary key,
    title varchar(255),
    content varchar(2000),
    audience varchar(255),
    channel_labels varchar(255),
    tag_labels varchar(255),
    delivered_count int,
    read_count int,
    status varchar(32),
    publish_at timestamp,
    created_by bigint,
    created_at timestamp,
    updated_at timestamp,
    is_deleted smallint
)
]
2026-06-29T22:30:18.646+08:00 DEBUG 689567 --- [           main] o.s.jdbc.core.JdbcTemplate               : Executing SQL statement [create table if not exists biz_notice_read (
    id bigint primary key,
    notice_id bigint,
    user_id bigint,
    read_at timestamp
)
]
2026-06-29T22:30:18.647+08:00 DEBUG 689567 --- [           main] o.s.jdbc.core.JdbcTemplate               : Executing SQL update [delete from biz_notice_read]
2026-06-29T22:30:18.648+08:00 DEBUG 689567 --- [           main] o.s.jdbc.core.JdbcTemplate               : Executing SQL update [delete from biz_notice]
2026-06-29T22:30:18.648+08:00 DEBUG 689567 --- [           main] o.s.jdbc.core.JdbcTemplate               : Executing SQL update [insert into biz_notice (id, title, content, audience, channel_labels, tag_labels, delivered_count, read_count, status, publish_at, created_by, created_at, updated_at, is_deleted)
values
(1, '通知1', '内容1', '2022级', '站内,微信', '奖助', 100, 10, 'published', current_timestamp(), 8, current_timestamp(), current_timestamp(), 0),
(2, '通知2', '内容2', '2022级', '站内', '党团', 100, 20, 'published', current_timestamp(), 8, current_timestamp(), current_timestamp(), 0)
]
2026-06-29T22:30:18.650+08:00 DEBUG 689567 --- [           main] o.s.jdbc.core.JdbcTemplate               : Executing prepared SQL query
2026-06-29T22:30:18.650+08:00 DEBUG 689567 --- [           main] o.s.jdbc.core.JdbcTemplate               : Executing prepared SQL statement [select count(*) from biz_notice where id = ? and is_deleted = 0]
2026-06-29T22:30:18.651+08:00 DEBUG 689567 --- [           main] o.s.jdbc.core.JdbcTemplate               : Executing prepared SQL query
2026-06-29T22:30:18.651+08:00 DEBUG 689567 --- [           main] o.s.jdbc.core.JdbcTemplate               : Executing prepared SQL statement [select count(*) from biz_notice_read where notice_id = ? and user_id = ?]
2026-06-29T22:30:18.652+08:00 DEBUG 689567 --- [           main] o.s.jdbc.core.JdbcTemplate               : Executing SQL query [select coalesce(max(id), 0) + 1 from biz_notice_read]
2026-06-29T22:30:18.652+08:00 DEBUG 689567 --- [           main] o.s.jdbc.core.JdbcTemplate               : Executing prepared SQL update
2026-06-29T22:30:18.652+08:00 DEBUG 689567 --- [           main] o.s.jdbc.core.JdbcTemplate               : Executing prepared SQL statement [insert into biz_notice_read (id, notice_id, user_id, read_at) values (?, ?, ?, ?)]
2026-06-29T22:30:18.653+08:00 DEBUG 689567 --- [           main] o.s.jdbc.core.JdbcTemplate               : Executing prepared SQL update
2026-06-29T22:30:18.653+08:00 DEBUG 689567 --- [           main] o.s.jdbc.core.JdbcTemplate               : Executing prepared SQL statement [update biz_notice set read_count = read_count + 1, updated_at = ? where id = ?]
2026-06-29T22:30:18.654+08:00 DEBUG 689567 --- [           main] o.s.jdbc.core.JdbcTemplate               : Executing prepared SQL query
2026-06-29T22:30:18.654+08:00 DEBUG 689567 --- [           main] o.s.jdbc.core.JdbcTemplate               : Executing prepared SQL statement [select count(*)
  from biz_notice n
  left join biz_notice_read r
    on r.notice_id = n.id and r.user_id = ?
 where n.is_deleted = 0
   and n.status = 'published'
   and (? is null
        or (? = 'read' and r.notice_id is not null)
        or (? = 'unread' and r.notice_id is null))
   and (? is null or lower(coalesce(n.tag_labels, '')) like ?)
]
2026-06-29T22:30:18.659+08:00 DEBUG 689567 --- [           main] o.s.jdbc.core.JdbcTemplate               : Executing prepared SQL query
2026-06-29T22:30:18.659+08:00 DEBUG 689567 --- [           main] o.s.jdbc.core.JdbcTemplate               : Executing prepared SQL statement [select n.id, n.title, n.content, n.tag_labels, n.channel_labels, n.audience,
       n.delivered_count, n.read_count, n.publish_at,
       case when r.notice_id is null then 'unread' else 'read' end as read_status
  from biz_notice n
  left join biz_notice_read r
    on r.notice_id = n.id and r.user_id = ?
 where n.is_deleted = 0
   and n.status = 'published'
   and (? is null
        or (? = 'read' and r.notice_id is not null)
        or (? = 'unread' and r.notice_id is null))
   and (? is null or lower(coalesce(n.tag_labels, '')) like ?)
 order by n.publish_at desc, n.id desc
 limit ? offset ?
]
]]></system-out>
  </testcase>
  <testcase name="markAllReadShouldClearUnreadList" classname="com.ise.platform.modules.notice.NoticeServiceTest" time="0.012">
    <system-out><![CDATA[2026-06-29T22:30:18.663+08:00 DEBUG 689567 --- [           main] o.s.jdbc.core.JdbcTemplate               : Executing SQL statement [create table if not exists biz_notice (
    id bigint primary key,
    title varchar(255),
    content varchar(2000),
    audience varchar(255),
    channel_labels varchar(255),
    tag_labels varchar(255),
    delivered_count int,
    read_count int,
    status varchar(32),
    publish_at timestamp,
    created_by bigint,
    created_at timestamp,
    updated_at timestamp,
    is_deleted smallint
)
]
2026-06-29T22:30:18.663+08:00 DEBUG 689567 --- [           main] o.s.jdbc.core.JdbcTemplate               : Executing SQL statement [create table if not exists biz_notice_read (
    id bigint primary key,
    notice_id bigint,
    user_id bigint,
    read_at timestamp
)
]
2026-06-29T22:30:18.664+08:00 DEBUG 689567 --- [           main] o.s.jdbc.core.JdbcTemplate               : Executing SQL update [delete from biz_notice_read]
2026-06-29T22:30:18.665+08:00 DEBUG 689567 --- [           main] o.s.jdbc.core.JdbcTemplate               : Executing SQL update [delete from biz_notice]
2026-06-29T22:30:18.665+08:00 DEBUG 689567 --- [           main] o.s.jdbc.core.JdbcTemplate               : Executing SQL update [insert into biz_notice (id, title, content, audience, channel_labels, tag_labels, delivered_count, read_count, status, publish_at, created_by, created_at, updated_at, is_deleted)
values
(1, '通知1', '内容1', '2022级', '站内,微信', '奖助', 100, 10, 'published', current_timestamp(), 8, current_timestamp(), current_timestamp(), 0),
(2, '通知2', '内容2', '2022级', '站内', '党团', 100, 20, 'published', current_timestamp(), 8, current_timestamp(), current_timestamp(), 0)
]
2026-06-29T22:30:18.667+08:00 DEBUG 689567 --- [           main] o.s.jdbc.core.JdbcTemplate               : Executing prepared SQL query
2026-06-29T22:30:18.667+08:00 DEBUG 689567 --- [           main] o.s.jdbc.core.JdbcTemplate               : Executing prepared SQL statement [select n.id
  from biz_notice n
  left join biz_notice_read r
    on r.notice_id = n.id and r.user_id = ?
 where n.is_deleted = 0
   and n.status = 'published'
   and r.notice_id is null
]
2026-06-29T22:30:18.668+08:00 DEBUG 689567 --- [           main] o.s.jdbc.core.JdbcTemplate               : Executing prepared SQL query
2026-06-29T22:30:18.668+08:00 DEBUG 689567 --- [           main] o.s.jdbc.core.JdbcTemplate               : Executing prepared SQL statement [select count(*) from biz_notice where id = ? and is_deleted = 0]
2026-06-29T22:30:18.669+08:00 DEBUG 689567 --- [           main] o.s.jdbc.core.JdbcTemplate               : Executing prepared SQL query
2026-06-29T22:30:18.669+08:00 DEBUG 689567 --- [           main] o.s.jdbc.core.JdbcTemplate               : Executing prepared SQL statement [select count(*) from biz_notice_read where notice_id = ? and user_id = ?]
2026-06-29T22:30:18.669+08:00 DEBUG 689567 --- [           main] o.s.jdbc.core.JdbcTemplate               : Executing SQL query [select coalesce(max(id), 0) + 1 from biz_notice_read]
2026-06-29T22:30:18.670+08:00 DEBUG 689567 --- [           main] o.s.jdbc.core.JdbcTemplate               : Executing prepared SQL update
2026-06-29T22:30:18.670+08:00 DEBUG 689567 --- [           main] o.s.jdbc.core.JdbcTemplate               : Executing prepared SQL statement [insert into biz_notice_read (id, notice_id, user_id, read_at) values (?, ?, ?, ?)]
2026-06-29T22:30:18.671+08:00 DEBUG 689567 --- [           main] o.s.jdbc.core.JdbcTemplate               : Executing prepared SQL update
2026-06-29T22:30:18.671+08:00 DEBUG 689567 --- [           main] o.s.jdbc.core.JdbcTemplate               : Executing prepared SQL statement [update biz_notice set read_count = read_count + 1, updated_at = ? where id = ?]
2026-06-29T22:30:18.671+08:00 DEBUG 689567 --- [           main] o.s.jdbc.core.JdbcTemplate               : Executing prepared SQL query
2026-06-29T22:30:18.671+08:00 DEBUG 689567 --- [           main] o.s.jdbc.core.JdbcTemplate               : Executing prepared SQL statement [select count(*) from biz_notice where id = ? and is_deleted = 0]
2026-06-29T22:30:18.672+08:00 DEBUG 689567 --- [           main] o.s.jdbc.core.JdbcTemplate               : Executing prepared SQL query
2026-06-29T22:30:18.672+08:00 DEBUG 689567 --- [           main] o.s.jdbc.core.JdbcTemplate               : Executing prepared SQL statement [select count(*) from biz_notice_read where notice_id = ? and user_id = ?]
2026-06-29T22:30:18.673+08:00 DEBUG 689567 --- [           main] o.s.jdbc.core.JdbcTemplate               : Executing SQL query [select coalesce(max(id), 0) + 1 from biz_notice_read]
2026-06-29T22:30:18.674+08:00 DEBUG 689567 --- [           main] o.s.jdbc.core.JdbcTemplate               : Executing prepared SQL update
2026-06-29T22:30:18.674+08:00 DEBUG 689567 --- [           main] o.s.jdbc.core.JdbcTemplate               : Executing prepared SQL statement [insert into biz_notice_read (id, notice_id, user_id, read_at) values (?, ?, ?, ?)]
2026-06-29T22:30:18.674+08:00 DEBUG 689567 --- [           main] o.s.jdbc.core.JdbcTemplate               : Executing prepared SQL update
2026-06-29T22:30:18.674+08:00 DEBUG 689567 --- [           main] o.s.jdbc.core.JdbcTemplate               : Executing prepared SQL statement [update biz_notice set read_count = read_count + 1, updated_at = ? where id = ?]
2026-06-29T22:30:18.675+08:00 DEBUG 689567 --- [           main] o.s.jdbc.core.JdbcTemplate               : Executing prepared SQL query
2026-06-29T22:30:18.675+08:00 DEBUG 689567 --- [           main] o.s.jdbc.core.JdbcTemplate               : Executing prepared SQL statement [select count(*)
  from biz_notice n
  left join biz_notice_read r
    on r.notice_id = n.id and r.user_id = ?
 where n.is_deleted = 0
   and n.status = 'published'
   and (? is null
        or (? = 'read' and r.notice_id is not null)
        or (? = 'unread' and r.notice_id is null))
   and (? is null or lower(coalesce(n.tag_labels, '')) like ?)
]
2026-06-29T22:30:18.677+08:00 DEBUG 689567 --- [           main] o.s.jdbc.core.JdbcTemplate               : Executing prepared SQL query
2026-06-29T22:30:18.677+08:00 DEBUG 689567 --- [           main] o.s.jdbc.core.JdbcTemplate               : Executing prepared SQL statement [select n.id, n.title, n.content, n.tag_labels, n.channel_labels, n.audience,
       n.delivered_count, n.read_count, n.publish_at,
       case when r.notice_id is null then 'unread' else 'read' end as read_status
  from biz_notice n
  left join biz_notice_read r
    on r.notice_id = n.id and r.user_id = ?
 where n.is_deleted = 0
   and n.status = 'published'
   and (? is null
        or (? = 'read' and r.notice_id is not null)
        or (? = 'unread' and r.notice_id is null))
   and (? is null or lower(coalesce(n.tag_labels, '')) like ?)
 order by n.publish_at desc, n.id desc
 limit ? offset ?
]
]]></system-out>
  </testcase>
</testsuite>